{"meta": {"format": 3, "version": "7.12.0", "timestamp": "2025-12-05T19:48:39.086075", "branch_coverage": false, "show_contexts": false}, "files": {"services/maximus_core_service/__init__.py": {"executed_lines": [1, 3], "summary": {"covered_lines": 1, "num_statements": 1, "percent_covered": 100.0, "percent_covered_display": "100", "missing_lines": 0, "excluded_lines": 0, "percent_statements_covered": 100.0, "percent_statements_covered_display": "100"}, "missing_lines": [], "excluded_lines": [], "functions": {"": {"executed_lines": [1, 3], "summary": {"covered_lines": 1, "num_statements": 1, "percent_covered": 100.0, "percent_covered_display": "100", "missing_lines": 0, "excluded_lines": 0, "percent_statements_covered": 100.0, "percent_statements_covered_display": "100"}, "missing_lines": [], "excluded_lines": []}}, "classes": {"": {"executed_lines": [1, 3], "summary": {"covered_lines": 1, "num_statements": 1, "percent_covered": 100.0, "percent_covered_display": "100", "missing_lines": 0, "excluded_lines": 0, "percent_statements_covered": 100.0, "percent_statements_covered_display": "100"}, "missing_lines": [], "excluded_lines": []}}}, "services/maximus_core_service/api/__init__.py": {"executed_lines": [1], "summary": {"covered_lines": 1, "num_statements": 1, "percent_covered": 100.0, "percent_covered_display": "100", "missing_lines": 0, "excluded_lines": 0, "percent_statements_covered": 100.0, "percent_statements_covered_display": "100"}, "missing_lines": [], "excluded_lines": [], "functions": {"": {"executed_lines": [1], "summary": {"covered_lines": 1, "num_statements": 1, "percent_covered": 100.0, "percent_covered_display": "100", "missing_lines": 0, "excluded_lines": 0, "percent_statements_covered": 100.0, "percent_statements_covered_display": "100"}, "missing_lines": [], "excluded_lines": []}}, "classes": {"": {"executed_lines": [1], "summary": {"covered_lines": 1, "num_statements": 1, "percent_covered": 100.0, "percent_covered_display": "100", "missing_lines": 0, "excluded_lines": 0, "percent_statements_covered": 100.0, "percent_statements_covered_display": "100"}, "missing_lines": [], "excluded_lines": []}}}, "services/maximus_core_service/api/dependencies.py": {"executed_lines": [1, 8, 11, 12, 13, 14, 16, 19, 20, 23, 28, 49, 58], "summary": {"covered_lines": 12, "num_statements": 24, "percent_covered": 50.0, "percent_covered_display": "50", "missing_lines": 12, "excluded_lines": 0, "percent_statements_covered": 50.0, "percent_statements_covered_display": "50"}, "missing_lines": [25, 30, 33, 35, 45, 46, 51, 52, 55, 60, 61, 64], "excluded_lines": [], "functions": {"get_cached_settings": {"executed_lines": [], "summary": {"covered_lines": 0, "num_statements": 1, "percent_covered": 0.0, "percent_covered_display": "0", "missing_lines": 1, "excluded_lines": 0, "percent_statements_covered": 0.0, "percent_statements_covered_display": "0"}, "missing_lines": [25], "excluded_lines": []}, "initialize_service": {"executed_lines": [], "summary": {"covered_lines": 0, "num_statements": 5, "percent_covered": 0.0, "percent_covered_display": "0", "missing_lines": 5, "excluded_lines": 0, "percent_statements_covered": 0.0, "percent_statements_covered_display": "0"}, "missing_lines": [30, 33, 35, 45, 46], "excluded_lines": []}, "get_coordinator": {"executed_lines": [], "summary": {"covered_lines": 0, "num_statements": 3, "percent_covered": 0.0, "percent_covered_display": "0", "missing_lines": 3, "excluded_lines": 0, "percent_statements_covered": 0.0, "percent_statements_covered_display": "0"}, "missing_lines": [51, 52, 55], "excluded_lines": []}, "get_health_aggregator": {"executed_lines": [], "summary": {"covered_lines": 0, "num_statements": 3, "percent_covered": 0.0, "percent_covered_display": "0", "missing_lines": 3, "excluded_lines": 0, "percent_statements_covered": 0.0, "percent_statements_covered_display": "0"}, "missing_lines": [60, 61, 64], "excluded_lines": []}, "": {"executed_lines": [1, 8, 11, 12, 13, 14, 16, 19, 20, 23, 28, 49, 58], "summary": {"covered_lines": 12, "num_statements": 12, "percent_covered": 100.0, "percent_covered_display": "100", "missing_lines": 0, "excluded_lines": 0, "percent_statements_covered": 100.0, "percent_statements_covered_display": "100"}, "missing_lines": [], "excluded_lines": []}}, "classes": {"": {"executed_lines": [1, 8, 11, 12, 13, 14, 16, 19, 20, 23, 28, 49, 58], "summary": {"covered_lines": 12, "num_statements": 24, "percent_covered": 50.0, "percent_covered_display": "50", "missing_lines": 12, "excluded_lines": 0, "percent_statements_covered": 50.0, "percent_statements_covered_display": "50"}, "missing_lines": [25, 30, 33, 35, 45, 46, 51, 52, 55, 60, 61, 64], "excluded_lines": []}}}, "services/maximus_core_service/api/routes.py": {"executed_lines": [1, 8, 11, 13, 15, 16, 17, 18, 21, 23, 24, 26, 27, 37, 38, 53, 54, 69, 70, 88, 89], "summary": {"covered_lines": 20, "num_statements": 27, "percent_covered": 74.07407407407408, "percent_covered_display": "74", "missing_lines": 7, "excluded_lines": 0, "percent_statements_covered": 74.07407407407408, "percent_statements_covered_display": "74"}, "missing_lines": [34, 50, 66, 84, 85, 103, 104], "excluded_lines": [], "functions": {"health_check": {"executed_lines": [], "summary": {"covered_lines": 0, "num_statements": 1, "percent_covered": 0.0, "percent_covered_display": "0", "missing_lines": 1, "excluded_lines": 0, "percent_statements_covered": 0.0, "percent_statements_covered_display": "0"}, "missing_lines": [34], "excluded_lines": []}, "get_system_status": {"executed_lines": [], "summary": {"covered_lines": 0, "num_statements": 1, "percent_covered": 0.0, "percent_covered_display": "0", "missing_lines": 1, "excluded_lines": 0, "percent_statements_covered": 0.0, "percent_statements_covered_display": "0"}, "missing_lines": [50], "excluded_lines": []}, "get_registered_services": {"executed_lines": [], "summary": {"covered_lines": 0, "num_statements": 1, "percent_covered": 0.0, "percent_covered_display": "0", "missing_lines": 1, "excluded_lines": 0, "percent_statements_covered": 0.0, "percent_statements_covered_display": "0"}, "missing_lines": [66], "excluded_lines": []}, "register_service": {"executed_lines": [], "summary": {"covered_lines": 0, "num_statements": 2, "percent_covered": 0.0, "percent_covered_display": "0", "missing_lines": 2, "excluded_lines": 0, "percent_statements_covered": 0.0, "percent_statements_covered_display": "0"}, "missing_lines": [84, 85], "excluded_lines": []}, "unregister_service": {"executed_lines": [], "summary": {"covered_lines": 0, "num_statements": 2, "percent_covered": 0.0, "percent_covered_display": "0", "missing_lines": 2, "excluded_lines": 0, "percent_statements_covered": 0.0, "percent_statements_covered_display": "0"}, "missing_lines": [103, 104], "excluded_lines": []}, "": {"executed_lines": [1, 8, 11, 13, 15, 16, 17, 18, 21, 23, 24, 26, 27, 37, 38, 53, 54, 69, 70, 88, 89], "summary": {"covered_lines": 20, "num_statements": 20, "percent_covered": 100.0, "percent_covered_display": "100", "missing_lines": 0, "excluded_lines": 0, "percent_statements_covered": 100.0, "percent_statements_covered_display": "100"}, "missing_lines": [], "excluded_lines": []}}, "classes": {"": {"executed_lines": [1, 8, 11, 13, 15, 16, 17, 18, 21, 23, 24, 26, 27, 37, 38, 53, 54, 69, 70, 88, 89], "summary": {"covered_lines": 20, "num_statements": 27, "percent_covered": 74.07407407407408, "percent_covered_display": "74", "missing_lines": 7, "excluded_lines": 0, "percent_statements_covered": 74.07407407407408, "percent_statements_covered_display": "74"}, "missing_lines": [34, 50, 66, 84, 85, 103, 104], "excluded_lines": []}}}, "services/maximus_core_service/config.py": {"executed_lines": [1, 8, 12, 13, 14, 17, 19, 25, 27, 33, 34, 42, 46, 51, 52, 53, 54, 55, 58, 59, 67, 71, 76, 77, 78, 79, 80, 83, 84, 89, 93, 97, 98, 99, 102, 106, 108, 109, 110, 111, 112, 115, 116, 125, 128, 131, 135, 136, 137, 138, 141, 142, 149], "summary": {"covered_lines": 44, "num_statements": 44, "percent_covered": 100.0, "percent_covered_display": "100", "missing_lines": 0, "excluded_lines": 0, "percent_statements_covered": 100.0, "percent_statements_covered_display": "100"}, "missing_lines": [], "excluded_lines": [], "functions": {"create_coordination_settings": {"executed_lines": [19], "summary": {"covered_lines": 1, "num_statements": 1, "percent_covered": 100.0, "percent_covered_display": "100", "missing_lines": 0, "excluded_lines": 0, "percent_statements_covered": 100.0, "percent_statements_covered_display": "100"}, "missing_lines": [], "excluded_lines": []}, "create_service_settings": {"executed_lines": [27], "summary": {"covered_lines": 1, "num_statements": 1, "percent_covered": 100.0, "percent_covered_display": "100", "missing_lines": 0, "excluded_lines": 0, "percent_statements_covered": 100.0, "percent_statements_covered_display": "100"}, "missing_lines": [], "excluded_lines": []}, "get_settings": {"executed_lines": [149], "summary": {"covered_lines": 1, "num_statements": 1, "percent_covered": 100.0, "percent_covered_display": "100", "missing_lines": 0, "excluded_lines": 0, "percent_statements_covered": 100.0, "percent_statements_covered_display": "100"}, "missing_lines": [], "excluded_lines": []}, "": {"executed_lines": [1, 8, 12, 13, 14, 17, 25, 33, 34, 42, 46, 51, 52, 53, 54, 55, 58, 59, 67, 71, 76, 77, 78, 79, 80, 83, 84, 89, 93, 97, 98, 99, 102, 106, 108, 109, 110, 111, 112, 115, 116, 125, 128, 131, 135, 136, 137, 138, 141, 142], "summary": {"covered_lines": 41, "num_statements": 41, "percent_covered": 100.0, "percent_covered_display": "100", "missing_lines": 0, "excluded_lines": 0, "percent_statements_covered": 100.0, "percent_statements_covered_display": "100"}, "missing_lines": [], "excluded_lines": []}}, "classes": {"CoordinationSettings": {"executed_lines": [], "summary": {"covered_lines": 0, "num_statements": 0, "percent_covered": 100.0, "percent_covered_display": "100", "missing_lines": 0, "excluded_lines": 0, "percent_statements_covered": 100.0, "percent_statements_covered_display": "100"}, "missing_lines": [], "excluded_lines": []}, "CoordinationSettings.Config": {"executed_lines": [], "summary": {"covered_lines": 0, "num_statements": 0, "percent_covered": 100.0, "percent_covered_display": "100", "missing_lines": 0, "excluded_lines": 0, "percent_statements_covered": 100.0, "percent_statements_covered_display": "100"}, "missing_lines": [], "excluded_lines": []}, "ServiceSettings": {"executed_lines": [], "summary": {"covered_lines": 0, "num_statements": 0, "percent_covered": 100.0, "percent_covered_display": "100", "missing_lines": 0, "excluded_lines": 0, "percent_statements_covered": 100.0, "percent_statements_covered_display": "100"}, "missing_lines": [], "excluded_lines": []}, "ServiceSettings.Config": {"executed_lines": [], "summary": {"covered_lines": 0, "num_statements": 0, "percent_covered": 100.0, "percent_covered_display": "100", "missing_lines": 0, "excluded_lines": 0, "percent_statements_covered": 100.0, "percent_statements_covered_display": "100"}, "missing_lines": [], "excluded_lines": []}, "LLMSettings": {"executed_lines": [], "summary": {"covered_lines": 0, "num_statements": 0, "percent_covered": 100.0, "percent_covered_display": "100", "missing_lines": 0, "excluded_lines": 0, "percent_statements_covered": 100.0, "percent_statements_covered_display": "100"}, "missing_lines": [], "excluded_lines": []}, "LLMSettings.Config": {"executed_lines": [], "summary": {"covered_lines": 0, "num_statements": 0, "percent_covered": 100.0, "percent_covered_display": "100", "missing_lines": 0, "excluded_lines": 0, "percent_statements_covered": 100.0, "percent_statements_covered_display": "100"}, "missing_lines": [], "excluded_lines": []}, "Settings": {"executed_lines": [], "summary": {"covered_lines": 0, "num_statements": 0, "percent_covered": 100.0, "percent_covered_display": "100", "missing_lines": 0, "excluded_lines": 0, "percent_statements_covered": 100.0, "percent_statements_covered_display": "100"}, "missing_lines": [], "excluded_lines": []}, "Settings.Config": {"executed_lines": [], "summary": {"covered_lines": 0, "num_statements": 0, "percent_covered": 100.0, "percent_covered_display": "100", "missing_lines": 0, "excluded_lines": 0, "percent_statements_covered": 100.0, "percent_statements_covered_display": "100"}, "missing_lines": [], "excluded_lines": []}, "": {"executed_lines": [1, 8, 12, 13, 14, 17, 19, 25, 27, 33, 34, 42, 46, 51, 52, 53, 54, 55, 58, 59, 67, 71, 76, 77, 78, 79, 80, 83, 84, 89, 93, 97, 98, 99, 102, 106, 108, 109, 110, 111, 112, 115, 116, 125, 128, 131, 135, 136, 137, 138, 141, 142, 149], "summary": {"covered_lines": 44, "num_statements": 44, "percent_covered": 100.0, "percent_covered_display": "100", "missing_lines": 0, "excluded_lines": 0, "percent_statements_covered": 100.0, "percent_statements_covered_display": "100"}, "missing_lines": [], "excluded_lines": []}}}, "services/maximus_core_service/consciousness/__init__.py": {"executed_lines": [1, 76, 79, 80, 81, 86], "summary": {"covered_lines": 5, "num_statements": 5, "percent_covered": 100.0, "percent_covered_display": "100", "missing_lines": 0, "excluded_lines": 0, "percent_statements_covered": 100.0, "percent_statements_covered_display": "100"}, "missing_lines": [], "excluded_lines": [], "functions": {"": {"executed_lines": [1, 76, 79, 80, 81, 86], "summary": {"covered_lines": 5, "num_statements": 5, "percent_covered": 100.0, "percent_covered_display": "100", "missing_lines": 0, "excluded_lines": 0, "percent_statements_covered": 100.0, "percent_statements_covered_display": "100"}, "missing_lines": [], "excluded_lines": []}}, "classes": {"": {"executed_lines": [1, 76, 79, 80, 81, 86], "summary": {"covered_lines": 5, "num_statements": 5, "percent_covered": 100.0, "percent_covered_display": "100", "missing_lines": 0, "excluded_lines": 0, "percent_statements_covered": 100.0, "percent_statements_covered_display": "100"}, "missing_lines": [], "excluded_lines": []}}}, "services/maximus_core_service/consciousness/esgt/__init__.py": {"executed_lines": [1, 74, 77, 81, 82, 83, 84, 85, 91], "summary": {"covered_lines": 8, "num_statements": 8, "percent_covered": 100.0, "percent_covered_display": "100", "missing_lines": 0, "excluded_lines": 0, "percent_statements_covered": 100.0, "percent_statements_covered_display": "100"}, "missing_lines": [], "excluded_lines": [], "functions": {"": {"executed_lines": [1, 74, 77, 81, 82, 83, 84, 85, 91], "summary": {"covered_lines": 8, "num_statements": 8, "percent_covered": 100.0, "percent_covered_display": "100", "missing_lines": 0, "excluded_lines": 0, "percent_statements_covered": 100.0, "percent_statements_covered_display": "100"}, "missing_lines": [], "excluded_lines": []}}, "classes": {"": {"executed_lines": [1, 74, 77, 81, 82, 83, 84, 85, 91], "summary": {"covered_lines": 8, "num_statements": 8, "percent_covered": 100.0, "percent_covered_display": "100", "missing_lines": 0, "excluded_lines": 0, "percent_statements_covered": 100.0, "percent_statements_covered_display": "100"}, "missing_lines": [], "excluded_lines": []}}}, "services/maximus_core_service/consciousness/esgt/arousal_integration.py": {"executed_lines": [1, 49, 52, 53, 54, 56, 57, 60, 61, 62, 65, 66, 67, 70, 73, 74, 75, 78, 81, 82, 124, 156, 170, 184, 234, 263, 268, 285, 289, 304, 315], "summary": {"covered_lines": 28, "num_statements": 82, "percent_covered": 34.146341463414636, "percent_covered_display": "34", "missing_lines": 54, "excluded_lines": 0, "percent_statements_covered": 34.146341463414636, "percent_statements_covered_display": "34"}, "missing_lines": [140, 141, 142, 143, 146, 147, 150, 151, 154, 158, 159, 161, 164, 172, 174, 175, 176, 177, 178, 180, 182, 190, 191, 193, 194, 196, 199, 202, 204, 207, 215, 216, 219, 221, 223, 224, 226, 228, 229, 230, 231, 232, 250, 258, 261, 266, 274, 277, 279, 287, 295, 297, 306, 316], "excluded_lines": [], "functions": {"ESGTArousalBridge.__init__": {"executed_lines": [], "summary": {"covered_lines": 0, "num_statements": 9, "percent_covered": 0.0, "percent_covered_display": "0", "missing_lines": 9, "excluded_lines": 0, "percent_statements_covered": 0.0, "percent_statements_covered_display": "0"}, "missing_lines": [140, 141, 142, 143, 146, 147, 150, 151, 154], "excluded_lines": []}, "ESGTArousalBridge.start": {"executed_lines": [], "summary": {"covered_lines": 0, "num_statements": 4, "percent_covered": 0.0, "percent_covered_display": "0", "missing_lines": 4, "excluded_lines": 0, "percent_statements_covered": 0.0, "percent_statements_covered_display": "0"}, "missing_lines": [158, 159, 161, 164], "excluded_lines": []}, "ESGTArousalBridge.stop": {"executed_lines": [], "summary": {"covered_lines": 0, "num_statements": 8, "percent_covered": 0.0, "percent_covered_display": "0", "missing_lines": 8, "excluded_lines": 0, "percent_statements_covered": 0.0, "percent_statements_covered_display": "0"}, "missing_lines": [172, 174, 175, 176, 177, 178, 180, 182], "excluded_lines": []}, "ESGTArousalBridge._modulation_loop": {"executed_lines": [], "summary": {"covered_lines": 0, "num_statements": 21, "percent_covered": 0.0, "percent_covered_display": "0", "missing_lines": 21, "excluded_lines": 0, "percent_statements_covered": 0.0, "percent_statements_covered_display": "0"}, "missing_lines": [190, 191, 193, 194, 196, 199, 202, 204, 207, 215, 216, 219, 221, 223, 224, 226, 228, 229, 230, 231, 232], "excluded_lines": []}, "ESGTArousalBridge._compute_threshold": {"executed_lines": [], "summary": {"covered_lines": 0, "num_statements": 3, "percent_covered": 0.0, "percent_covered_display": "0", "missing_lines": 3, "excluded_lines": 0, "percent_statements_covered": 0.0, "percent_statements_covered_display": "0"}, "missing_lines": [250, 258, 261], "excluded_lines": []}, "ESGTArousalBridge._update_esgt_threshold": {"executed_lines": [], "summary": {"covered_lines": 0, "num_statements": 1, "percent_covered": 0.0, "percent_covered_display": "0", "missing_lines": 1, "excluded_lines": 0, "percent_statements_covered": 0.0, "percent_statements_covered_display": "0"}, "missing_lines": [266], "excluded_lines": []}, "ESGTArousalBridge._signal_refractory": {"executed_lines": [], "summary": {"covered_lines": 0, "num_statements": 3, "percent_covered": 0.0, "percent_covered_display": "0", "missing_lines": 3, "excluded_lines": 0, "percent_statements_covered": 0.0, "percent_statements_covered_display": "0"}, "missing_lines": [274, 277, 279], "excluded_lines": []}, "ESGTArousalBridge.get_current_threshold": {"executed_lines": [], "summary": {"covered_lines": 0, "num_statements": 1, "percent_covered": 0.0, "percent_covered_display": "0", "missing_lines": 1, "excluded_lines": 0, "percent_statements_covered": 0.0, "percent_statements_covered_display": "0"}, "missing_lines": [287], "excluded_lines": []}, "ESGTArousalBridge.get_arousal_threshold_mapping": {"executed_lines": [], "summary": {"covered_lines": 0, "num_statements": 2, "percent_covered": 0.0, "percent_covered_display": "0", "missing_lines": 2, "excluded_lines": 0, "percent_statements_covered": 0.0, "percent_statements_covered_display": "0"}, "missing_lines": [295, 297], "excluded_lines": []}, "ESGTArousalBridge.get_metrics": {"executed_lines": [], "summary": {"covered_lines": 0, "num_statements": 1, "percent_covered": 0.0, "percent_covered_display": "0", "missing_lines": 1, "excluded_lines": 0, "percent_statements_covered": 0.0, "percent_statements_covered_display": "0"}, "missing_lines": [306], "excluded_lines": []}, "ESGTArousalBridge.__repr__": {"executed_lines": [], "summary": {"covered_lines": 0, "num_statements": 1, "percent_covered": 0.0, "percent_covered_display": "0", "missing_lines": 1, "excluded_lines": 0, "percent_statements_covered": 0.0, "percent_statements_covered_display": "0"}, "missing_lines": [316], "excluded_lines": []}, "": {"executed_lines": [1, 49, 52, 53, 54, 56, 57, 60, 61, 62, 65, 66, 67, 70, 73, 74, 75, 78, 81, 82, 124, 156, 170, 184, 234, 263, 268, 285, 289, 304, 315], "summary": {"covered_lines": 28, "num_statements": 28, "percent_covered": 100.0, "percent_covered_display": "100", "missing_lines": 0, "excluded_lines": 0, "percent_statements_covered": 100.0, "percent_statements_covered_display": "100"}, "missing_lines": [], "excluded_lines": []}}, "classes": {"ArousalModulationConfig": {"executed_lines": [], "summary": {"covered_lines": 0, "num_statements": 0, "percent_covered": 100.0, "percent_covered_display": "100", "missing_lines": 0, "excluded_lines": 0, "percent_statements_covered": 100.0, "percent_statements_covered_display": "100"}, "missing_lines": [], "excluded_lines": []}, "ESGTArousalBridge": {"executed_lines": [], "summary": {"covered_lines": 0, "num_statements": 54, "percent_covered": 0.0, "percent_covered_display": "0", "missing_lines": 54, "excluded_lines": 0, "percent_statements_covered": 0.0, "percent_statements_covered_display": "0"}, "missing_lines": [140, 141, 142, 143, 146, 147, 150, 151, 154, 158, 159, 161, 164, 172, 174, 175, 176, 177, 178, 180, 182, 190, 191, 193, 194, 196, 199, 202, 204, 207, 215, 216, 219, 221, 223, 224, 226, 228, 229, 230, 231, 232, 250, 258, 261, 266, 274, 277, 279, 287, 295, 297, 306, 316], "excluded_lines": []}, "": {"executed_lines": [1, 49, 52, 53, 54, 56, 57, 60, 61, 62, 65, 66, 67, 70, 73, 74, 75, 78, 81, 82, 124, 156, 170, 184, 234, 263, 268, 285, 289, 304, 315], "summary": {"covered_lines": 28, "num_statements": 28, "percent_covered": 100.0, "percent_covered_display": "100", "missing_lines": 0, "excluded_lines": 0, "percent_statements_covered": 100.0, "percent_statements_covered_display": "100"}, "missing_lines": [], "excluded_lines": []}}}, "services/maximus_core_service/consciousness/esgt/attention_helpers.py": {"executed_lines": [1, 7, 9, 11, 13, 19, 71], "summary": {"covered_lines": 5, "num_statements": 30, "percent_covered": 16.666666666666668, "percent_covered_display": "17", "missing_lines": 25, "excluded_lines": 4, "percent_statements_covered": 16.666666666666668, "percent_statements_covered_display": "17"}, "missing_lines": [35, 40, 42, 43, 44, 45, 46, 47, 49, 50, 51, 53, 54, 56, 63, 64, 65, 66, 68, 85, 94, 95, 96, 97, 103], "excluded_lines": [13, 14, 15, 16], "functions": {"compute_salience_from_attention": {"executed_lines": [], "summary": {"covered_lines": 0, "num_statements": 19, "percent_covered": 0.0, "percent_covered_display": "0", "missing_lines": 19, "excluded_lines": 0, "percent_statements_covered": 0.0, "percent_statements_covered_display": "0"}, "missing_lines": [35, 40, 42, 43, 44, 45, 46, 47, 49, 50, 51, 53, 54, 56, 63, 64, 65, 66, 68], "excluded_lines": []}, "build_content_from_attention": {"executed_lines": [], "summary": {"covered_lines": 0, "num_statements": 6, "percent_covered": 0.0, "percent_covered_display": "0", "missing_lines": 6, "excluded_lines": 0, "percent_statements_covered": 0.0, "percent_statements_covered_display": "0"}, "missing_lines": [85, 94, 95, 96, 97, 103], "excluded_lines": []}, "": {"executed_lines": [1, 7, 9, 11, 13, 19, 71], "summary": {"covered_lines": 5, "num_statements": 5, "percent_covered": 100.0, "percent_covered_display": "100", "missing_lines": 0, "excluded_lines": 4, "percent_statements_covered": 100.0, "percent_statements_covered_display": "100"}, "missing_lines": [], "excluded_lines": [13, 14, 15, 16]}}, "classes": {"": {"executed_lines": [1, 7, 9, 11, 13, 19, 71], "summary": {"covered_lines": 5, "num_statements": 30, "percent_covered": 16.666666666666668, "percent_covered_display": "17", "missing_lines": 25, "excluded_lines": 4, "percent_statements_covered": 16.666666666666668, "percent_statements_covered_display": "17"}, "missing_lines": [35, 40, 42, 43, 44, 45, 46, 47, 49, 50, 51, 53, 54, 56, 63, 64, 65, 66, 68, 85, 94, 95, 96, 97, 103], "excluded_lines": [13, 14, 15, 16]}}}, "services/maximus_core_service/consciousness/esgt/coordinator.py": {"executed_lines": [1, 10, 12, 13, 14, 15, 17, 21, 22, 24, 30, 31, 32, 33, 34, 35, 36, 38, 47, 55, 58, 66, 67, 68, 69, 71, 127, 140, 152, 167, 359, 368, 376], "summary": {"covered_lines": 30, "num_statements": 151, "percent_covered": 19.867549668874172, "percent_covered_display": "20", "missing_lines": 121, "excluded_lines": 5, "percent_statements_covered": 19.867549668874172, "percent_statements_covered_display": "20"}, "missing_lines": [81, 82, 83, 84, 85, 88, 91, 94, 95, 96, 99, 100, 103, 104, 107, 108, 111, 112, 115, 116, 119, 124, 125, 129, 130, 132, 135, 136, 138, 142, 143, 144, 147, 148, 149, 150, 156, 163, 164, 165, 177, 178, 179, 184, 185, 189, 194, 195, 196, 201, 202, 203, 204, 205, 209, 218, 221, 222, 223, 224, 225, 226, 228, 230, 231, 233, 234, 235, 237, 239, 240, 241, 244, 245, 248, 251, 258, 259, 264, 265, 266, 273, 276, 279, 280, 283, 286, 287, 290, 291, 293, 294, 300, 308, 310, 313, 316, 319, 322, 325, 328, 329, 330, 331, 334, 335, 340, 341, 342, 343, 345, 350, 352, 353, 354, 355, 356, 357, 366, 374, 377], "excluded_lines": [47, 48, 49, 50, 52], "functions": {"ESGTCoordinator.__init__": {"executed_lines": [], "summary": {"covered_lines": 0, "num_statements": 23, "percent_covered": 0.0, "percent_covered_display": "0", "missing_lines": 23, "excluded_lines": 0, "percent_statements_covered": 0.0, "percent_statements_covered_display": "0"}, "missing_lines": [81, 82, 83, 84, 85, 88, 91, 94, 95, 96, 99, 100, 103, 104, 107, 108, 111, 112, 115, 116, 119, 124, 125], "excluded_lines": []}, "ESGTCoordinator.start": {"executed_lines": [], "summary": {"covered_lines": 0, "num_statements": 6, "percent_covered": 0.0, "percent_covered_display": "0", "missing_lines": 6, "excluded_lines": 0, "percent_statements_covered": 0.0, "percent_statements_covered_display": "0"}, "missing_lines": [129, 130, 132, 135, 136, 138], "excluded_lines": []}, "ESGTCoordinator.stop": {"executed_lines": [], "summary": {"covered_lines": 0, "num_statements": 7, "percent_covered": 0.0, "percent_covered_display": "0", "missing_lines": 7, "excluded_lines": 0, "percent_statements_covered": 0.0, "percent_statements_covered_display": "0"}, "missing_lines": [142, 143, 144, 147, 148, 149, 150], "excluded_lines": []}, "ESGTCoordinator._create_blocked_event": {"executed_lines": [], "summary": {"covered_lines": 0, "num_statements": 4, "percent_covered": 0.0, "percent_covered_display": "0", "missing_lines": 4, "excluded_lines": 0, "percent_statements_covered": 0.0, "percent_statements_covered_display": "0"}, "missing_lines": [156, 163, 164, 165], "excluded_lines": []}, "ESGTCoordinator.initiate_esgt": {"executed_lines": [], "summary": {"covered_lines": 0, "num_statements": 78, "percent_covered": 0.0, "percent_covered_display": "0", "missing_lines": 78, "excluded_lines": 0, "percent_statements_covered": 0.0, "percent_statements_covered_display": "0"}, "missing_lines": [177, 178, 179, 184, 185, 189, 194, 195, 196, 201, 202, 203, 204, 205, 209, 218, 221, 222, 223, 224, 225, 226, 228, 230, 231, 233, 234, 235, 237, 239, 240, 241, 244, 245, 248, 251, 258, 259, 264, 265, 266, 273, 276, 279, 280, 283, 286, 287, 290, 291, 293, 294, 300, 308, 310, 313, 316, 319, 322, 325, 328, 329, 330, 331, 334, 335, 340, 341, 342, 343, 345, 350, 352, 353, 354, 355, 356, 357], "excluded_lines": []}, "ESGTCoordinator.compute_salience_from_attention": {"executed_lines": [], "summary": {"covered_lines": 0, "num_statements": 1, "percent_covered": 0.0, "percent_covered_display": "0", "missing_lines": 1, "excluded_lines": 0, "percent_statements_covered": 0.0, "percent_statements_covered_display": "0"}, "missing_lines": [366], "excluded_lines": []}, "ESGTCoordinator.build_content_from_attention": {"executed_lines": [], "summary": {"covered_lines": 0, "num_statements": 1, "percent_covered": 0.0, "percent_covered_display": "0", "missing_lines": 1, "excluded_lines": 0, "percent_statements_covered": 0.0, "percent_statements_covered_display": "0"}, "missing_lines": [374], "excluded_lines": []}, "ESGTCoordinator.__repr__": {"executed_lines": [], "summary": {"covered_lines": 0, "num_statements": 1, "percent_covered": 0.0, "percent_covered_display": "0", "missing_lines": 1, "excluded_lines": 0, "percent_statements_covered": 0.0, "percent_statements_covered_display": "0"}, "missing_lines": [377], "excluded_lines": []}, "": {"executed_lines": [1, 10, 12, 13, 14, 15, 17, 21, 22, 24, 30, 31, 32, 33, 34, 35, 36, 38, 47, 55, 58, 66, 67, 68, 69, 71, 127, 140, 152, 167, 359, 368, 376], "summary": {"covered_lines": 30, "num_statements": 30, "percent_covered": 100.0, "percent_covered_display": "100", "missing_lines": 0, "excluded_lines": 5, "percent_statements_covered": 100.0, "percent_statements_covered_display": "100"}, "missing_lines": [], "excluded_lines": [47, 48, 49, 50, 52]}}, "classes": {"ESGTCoordinator": {"executed_lines": [], "summary": {"covered_lines": 0, "num_statements": 121, "percent_covered": 0.0, "percent_covered_display": "0", "missing_lines": 121, "excluded_lines": 0, "percent_statements_covered": 0.0, "percent_statements_covered_display": "0"}, "missing_lines": [81, 82, 83, 84, 85, 88, 91, 94, 95, 96, 99, 100, 103, 104, 107, 108, 111, 112, 115, 116, 119, 124, 125, 129, 130, 132, 135, 136, 138, 142, 143, 144, 147, 148, 149, 150, 156, 163, 164, 165, 177, 178, 179, 184, 185, 189, 194, 195, 196, 201, 202, 203, 204, 205, 209, 218, 221, 222, 223, 224, 225, 226, 228, 230, 231, 233, 234, 235, 237, 239, 240, 241, 244, 245, 248, 251, 258, 259, 264, 265, 266, 273, 276, 279, 280, 283, 286, 287, 290, 291, 293, 294, 300, 308, 310, 313, 316, 319, 322, 325, 328, 329, 330, 331, 334, 335, 340, 341, 342, 343, 345, 350, 352, 353, 354, 355, 356, 357, 366, 374, 377], "excluded_lines": []}, "": {"executed_lines": [1, 10, 12, 13, 14, 15, 17, 21, 22, 24, 30, 31, 32, 33, 34, 35, 36, 38, 47, 55, 58, 66, 67, 68, 69, 71, 127, 140, 152, 167, 359, 368, 376], "summary": {"covered_lines": 30, "num_statements": 30, "percent_covered": 100.0, "percent_covered_display": "100", "missing_lines": 0, "excluded_lines": 5, "percent_statements_covered": 100.0, "percent_statements_covered_display": "100"}, "missing_lines": [], "excluded_lines": [47, 48, 49, 50, 52]}}}, "services/maximus_core_service/consciousness/esgt/enums.py": {"executed_lines": [1, 11, 13, 16, 17, 19, 20, 21, 22, 23, 24, 25, 26, 29, 30, 32, 33, 34, 35, 36], "summary": {"covered_lines": 17, "num_statements": 17, "percent_covered": 100.0, "percent_covered_display": "100", "missing_lines": 0, "excluded_lines": 0, "percent_statements_covered": 100.0, "percent_statements_covered_display": "100"}, "missing_lines": [], "excluded_lines": [], "functions": {"": {"executed_lines": [1, 11, 13, 16, 17, 19, 20, 21, 22, 23, 24, 25, 26, 29, 30, 32, 33, 34, 35, 36], "summary": {"covered_lines": 17, "num_statements": 17, "percent_covered": 100.0, "percent_covered_display": "100", "missing_lines": 0, "excluded_lines": 0, "percent_statements_covered": 100.0, "percent_statements_covered_display": "100"}, "missing_lines": [], "excluded_lines": []}}, "classes": {"ESGTPhase": {"executed_lines": [], "summary": {"covered_lines": 0, "num_statements": 0, "percent_covered": 100.0, "percent_covered_display": "100", "missing_lines": 0, "excluded_lines": 0, "percent_statements_covered": 100.0, "percent_statements_covered_display": "100"}, "missing_lines": [], "excluded_lines": []}, "SalienceLevel": {"executed_lines": [], "summary": {"covered_lines": 0, "num_statements": 0, "percent_covered": 100.0, "percent_covered_display": "100", "missing_lines": 0, "excluded_lines": 0, "percent_statements_covered": 100.0, "percent_statements_covered_display": "100"}, "missing_lines": [], "excluded_lines": []}, "": {"executed_lines": [1, 11, 13, 16, 17, 19, 20, 21, 22, 23, 24, 25, 26, 29, 30, 32, 33, 34, 35, 36], "summary": {"covered_lines": 17, "num_statements": 17, "percent_covered": 100.0, "percent_covered_display": "100", "missing_lines": 0, "excluded_lines": 0, "percent_statements_covered": 100.0, "percent_statements_covered_display": "100"}, "missing_lines": [], "excluded_lines": []}}}, "services/maximus_core_service/consciousness/esgt/health_metrics.py": {"executed_lines": [1, 3, 5, 6, 8, 10, 14, 15, 17, 23, 32, 41, 47], "summary": {"covered_lines": 10, "num_statements": 29, "percent_covered": 34.48275862068966, "percent_covered_display": "34", "missing_lines": 19, "excluded_lines": 2, "percent_statements_covered": 34.48275862068966, "percent_statements_covered_display": "34"}, "missing_lines": [19, 20, 21, 25, 26, 27, 29, 30, 34, 35, 36, 43, 44, 45, 50, 51, 54, 57, 63], "excluded_lines": [10, 11], "functions": {"HealthMetricsMixin.get_success_rate": {"executed_lines": [], "summary": {"covered_lines": 0, "num_statements": 3, "percent_covered": 0.0, "percent_covered_display": "0", "missing_lines": 3, "excluded_lines": 0, "percent_statements_covered": 0.0, "percent_statements_covered_display": "0"}, "missing_lines": [19, 20, 21], "excluded_lines": []}, "HealthMetricsMixin.get_recent_coherence": {"executed_lines": [], "summary": {"covered_lines": 0, "num_statements": 5, "percent_covered": 0.0, "percent_covered_display": "0", "missing_lines": 5, "excluded_lines": 0, "percent_statements_covered": 0.0, "percent_statements_covered_display": "0"}, "missing_lines": [25, 26, 27, 29, 30], "excluded_lines": []}, "HealthMetricsMixin._enter_degraded_mode": {"executed_lines": [], "summary": {"covered_lines": 0, "num_statements": 3, "percent_covered": 0.0, "percent_covered_display": "0", "missing_lines": 3, "excluded_lines": 0, "percent_statements_covered": 0.0, "percent_statements_covered_display": "0"}, "missing_lines": [34, 35, 36], "excluded_lines": []}, "HealthMetricsMixin._exit_degraded_mode": {"executed_lines": [], "summary": {"covered_lines": 0, "num_statements": 3, "percent_covered": 0.0, "percent_covered_display": "0", "missing_lines": 3, "excluded_lines": 0, "percent_statements_covered": 0.0, "percent_statements_covered_display": "0"}, "missing_lines": [43, 44, 45], "excluded_lines": []}, "HealthMetricsMixin.get_health_metrics": {"executed_lines": [], "summary": {"covered_lines": 0, "num_statements": 5, "percent_covered": 0.0, "percent_covered_display": "0", "missing_lines": 5, "excluded_lines": 0, "percent_statements_covered": 0.0, "percent_statements_covered_display": "0"}, "missing_lines": [50, 51, 54, 57, 63], "excluded_lines": []}, "": {"executed_lines": [1, 3, 5, 6, 8, 10, 14, 15, 17, 23, 32, 41, 47], "summary": {"covered_lines": 10, "num_statements": 10, "percent_covered": 100.0, "percent_covered_display": "100", "missing_lines": 0, "excluded_lines": 2, "percent_statements_covered": 100.0, "percent_statements_covered_display": "100"}, "missing_lines": [], "excluded_lines": [10, 11]}}, "classes": {"HealthMetricsMixin": {"executed_lines": [], "summary": {"covered_lines": 0, "num_statements": 19, "percent_covered": 0.0, "percent_covered_display": "0", "missing_lines": 19, "excluded_lines": 0, "percent_statements_covered": 0.0, "percent_statements_covered_display": "0"}, "missing_lines": [19, 20, 21, 25, 26, 27, 29, 30, 34, 35, 36, 43, 44, 45, 50, 51, 54, 57, 63], "excluded_lines": []}, "": {"executed_lines": [1, 3, 5, 6, 8, 10, 14, 15, 17, 23, 32, 41, 47], "summary": {"covered_lines": 10, "num_statements": 10, "percent_covered": 100.0, "percent_covered_display": "100", "missing_lines": 0, "excluded_lines": 2, "percent_statements_covered": 100.0, "percent_statements_covered_display": "100"}, "missing_lines": [], "excluded_lines": [10, 11]}}}, "services/maximus_core_service/consciousness/esgt/kuramoto.py": {"executed_lines": [1, 13, 15, 16, 18, 20, 28, 29, 36, 47, 69, 116, 120, 124, 130, 134, 135, 142, 149, 154, 159, 166, 194, 257, 290, 296, 302, 328, 332], "summary": {"covered_lines": 26, "num_statements": 167, "percent_covered": 15.568862275449101, "percent_covered_display": "16", "missing_lines": 141, "excluded_lines": 0, "percent_statements_covered": 15.568862275449101, "percent_statements_covered_display": "16"}, "missing_lines": [37, 38, 40, 41, 42, 44, 45, 55, 57, 58, 59, 60, 61, 62, 64, 65, 67, 77, 79, 80, 82, 84, 85, 86, 89, 92, 95, 97, 100, 102, 104, 105, 108, 110, 111, 112, 114, 118, 122, 126, 127, 128, 131, 143, 144, 145, 146, 147, 151, 152, 156, 157, 161, 162, 163, 164, 173, 174, 176, 177, 178, 180, 181, 182, 183, 184, 186, 188, 192, 201, 202, 204, 206, 207, 210, 212, 215, 216, 218, 221, 222, 224, 227, 228, 230, 231, 232, 237, 238, 239, 241, 242, 243, 245, 246, 247, 248, 249, 251, 253, 255, 259, 260, 262, 263, 264, 266, 267, 269, 270, 271, 272, 273, 274, 276, 278, 286, 287, 288, 292, 293, 294, 298, 299, 300, 310, 311, 312, 314, 315, 317, 318, 319, 320, 321, 323, 324, 326, 330, 333, 334], "excluded_lines": [], "functions": {"KuramotoOscillator.__init__": {"executed_lines": [], "summary": {"covered_lines": 0, "num_statements": 7, "percent_covered": 0.0, "percent_covered_display": "0", "missing_lines": 7, "excluded_lines": 0, "percent_statements_covered": 0.0, "percent_statements_covered_display": "0"}, "missing_lines": [37, 38, 40, 41, 42, 44, 45], "excluded_lines": []}, "KuramotoOscillator._compute_phase_velocity": {"executed_lines": [], "summary": {"covered_lines": 0, "num_statements": 10, "percent_covered": 0.0, "percent_covered_display": "0", "missing_lines": 10, "excluded_lines": 0, "percent_statements_covered": 0.0, "percent_statements_covered_display": "0"}, "missing_lines": [55, 57, 58, 59, 60, 61, 62, 64, 65, 67], "excluded_lines": []}, "KuramotoOscillator.update": {"executed_lines": [], "summary": {"covered_lines": 0, "num_statements": 20, "percent_covered": 0.0, "percent_covered_display": "0", "missing_lines": 20, "excluded_lines": 0, "percent_statements_covered": 0.0, "percent_statements_covered_display": "0"}, "missing_lines": [77, 79, 80, 82, 84, 85, 86, 89, 92, 95, 97, 100, 102, 104, 105, 108, 110, 111, 112, 114], "excluded_lines": []}, "KuramotoOscillator.get_phase": {"executed_lines": [], "summary": {"covered_lines": 0, "num_statements": 1, "percent_covered": 0.0, "percent_covered_display": "0", "missing_lines": 1, "excluded_lines": 0, "percent_statements_covered": 0.0, "percent_statements_covered_display": "0"}, "missing_lines": [118], "excluded_lines": []}, "KuramotoOscillator.set_phase": {"executed_lines": [], "summary": {"covered_lines": 0, "num_statements": 1, "percent_covered": 0.0, "percent_covered_display": "0", "missing_lines": 1, "excluded_lines": 0, "percent_statements_covered": 0.0, "percent_statements_covered_display": "0"}, "missing_lines": [122], "excluded_lines": []}, "KuramotoOscillator.reset": {"executed_lines": [], "summary": {"covered_lines": 0, "num_statements": 3, "percent_covered": 0.0, "percent_covered_display": "0", "missing_lines": 3, "excluded_lines": 0, "percent_statements_covered": 0.0, "percent_statements_covered_display": "0"}, "missing_lines": [126, 127, 128], "excluded_lines": []}, "KuramotoOscillator.__repr__": {"executed_lines": [], "summary": {"covered_lines": 0, "num_statements": 1, "percent_covered": 0.0, "percent_covered_display": "0", "missing_lines": 1, "excluded_lines": 0, "percent_statements_covered": 0.0, "percent_statements_covered_display": "0"}, "missing_lines": [131], "excluded_lines": []}, "KuramotoNetwork.__init__": {"executed_lines": [], "summary": {"covered_lines": 0, "num_statements": 5, "percent_covered": 0.0, "percent_covered_display": "0", "missing_lines": 5, "excluded_lines": 0, "percent_statements_covered": 0.0, "percent_statements_covered_display": "0"}, "missing_lines": [143, 144, 145, 146, 147], "excluded_lines": []}, "KuramotoNetwork.add_oscillator": {"executed_lines": [], "summary": {"covered_lines": 0, "num_statements": 2, "percent_covered": 0.0, "percent_covered_display": "0", "missing_lines": 2, "excluded_lines": 0, "percent_statements_covered": 0.0, "percent_statements_covered_display": "0"}, "missing_lines": [151, 152], "excluded_lines": []}, "KuramotoNetwork.remove_oscillator": {"executed_lines": [], "summary": {"covered_lines": 0, "num_statements": 2, "percent_covered": 0.0, "percent_covered_display": "0", "missing_lines": 2, "excluded_lines": 0, "percent_statements_covered": 0.0, "percent_statements_covered_display": "0"}, "missing_lines": [156, 157], "excluded_lines": []}, "KuramotoNetwork.reset_all": {"executed_lines": [], "summary": {"covered_lines": 0, "num_statements": 4, "percent_covered": 0.0, "percent_covered_display": "0", "missing_lines": 4, "excluded_lines": 0, "percent_statements_covered": 0.0, "percent_statements_covered_display": "0"}, "missing_lines": [161, 162, 163, 164], "excluded_lines": []}, "KuramotoNetwork._compute_network_derivatives": {"executed_lines": [], "summary": {"covered_lines": 0, "num_statements": 13, "percent_covered": 0.0, "percent_covered_display": "0", "missing_lines": 13, "excluded_lines": 0, "percent_statements_covered": 0.0, "percent_statements_covered_display": "0"}, "missing_lines": [173, 174, 176, 177, 178, 180, 181, 182, 183, 184, 186, 188, 192], "excluded_lines": []}, "KuramotoNetwork.update_network": {"executed_lines": [], "summary": {"covered_lines": 0, "num_statements": 32, "percent_covered": 0.0, "percent_covered_display": "0", "missing_lines": 32, "excluded_lines": 0, "percent_statements_covered": 0.0, "percent_statements_covered_display": "0"}, "missing_lines": [201, 202, 204, 206, 207, 210, 212, 215, 216, 218, 221, 222, 224, 227, 228, 230, 231, 232, 237, 238, 239, 241, 242, 243, 245, 246, 247, 248, 249, 251, 253, 255], "excluded_lines": []}, "KuramotoNetwork._update_coherence": {"executed_lines": [], "summary": {"covered_lines": 0, "num_statements": 18, "percent_covered": 0.0, "percent_covered_display": "0", "missing_lines": 18, "excluded_lines": 0, "percent_statements_covered": 0.0, "percent_statements_covered_display": "0"}, "missing_lines": [259, 260, 262, 263, 264, 266, 267, 269, 270, 271, 272, 273, 274, 276, 278, 286, 287, 288], "excluded_lines": []}, "KuramotoNetwork.get_coherence": {"executed_lines": [], "summary": {"covered_lines": 0, "num_statements": 3, "percent_covered": 0.0, "percent_covered_display": "0", "missing_lines": 3, "excluded_lines": 0, "percent_statements_covered": 0.0, "percent_statements_covered_display": "0"}, "missing_lines": [292, 293, 294], "excluded_lines": []}, "KuramotoNetwork.get_order_parameter": {"executed_lines": [], "summary": {"covered_lines": 0, "num_statements": 3, "percent_covered": 0.0, "percent_covered_display": "0", "missing_lines": 3, "excluded_lines": 0, "percent_statements_covered": 0.0, "percent_statements_covered_display": "0"}, "missing_lines": [298, 299, 300], "excluded_lines": []}, "KuramotoNetwork.synchronize": {"executed_lines": [], "summary": {"covered_lines": 0, "num_statements": 13, "percent_covered": 0.0, "percent_covered_display": "0", "missing_lines": 13, "excluded_lines": 0, "percent_statements_covered": 0.0, "percent_statements_covered_display": "0"}, "missing_lines": [310, 311, 312, 314, 315, 317, 318, 319, 320, 321, 323, 324, 326], "excluded_lines": []}, "KuramotoNetwork.get_phase_distribution": {"executed_lines": [], "summary": {"covered_lines": 0, "num_statements": 1, "percent_covered": 0.0, "percent_covered_display": "0", "missing_lines": 1, "excluded_lines": 0, "percent_statements_covered": 0.0, "percent_statements_covered_display": "0"}, "missing_lines": [330], "excluded_lines": []}, "KuramotoNetwork.__repr__": {"executed_lines": [], "summary": {"covered_lines": 0, "num_statements": 2, "percent_covered": 0.0, "percent_covered_display": "0", "missing_lines": 2, "excluded_lines": 0, "percent_statements_covered": 0.0, "percent_statements_covered_display": "0"}, "missing_lines": [333, 334], "excluded_lines": []}, "": {"executed_lines": [1, 13, 15, 16, 18, 20, 28, 29, 36, 47, 69, 116, 120, 124, 130, 134, 135, 142, 149, 154, 159, 166, 194, 257, 290, 296, 302, 328, 332], "summary": {"covered_lines": 26, "num_statements": 26, "percent_covered": 100.0, "percent_covered_display": "100", "missing_lines": 0, "excluded_lines": 0, "percent_statements_covered": 100.0, "percent_statements_covered_display": "100"}, "missing_lines": [], "excluded_lines": []}}, "classes": {"KuramotoOscillator": {"executed_lines": [], "summary": {"covered_lines": 0, "num_statements": 43, "percent_covered": 0.0, "percent_covered_display": "0", "missing_lines": 43, "excluded_lines": 0, "percent_statements_covered": 0.0, "percent_statements_covered_display": "0"}, "missing_lines": [37, 38, 40, 41, 42, 44, 45, 55, 57, 58, 59, 60, 61, 62, 64, 65, 67, 77, 79, 80, 82, 84, 85, 86, 89, 92, 95, 97, 100, 102, 104, 105, 108, 110, 111, 112, 114, 118, 122, 126, 127, 128, 131], "excluded_lines": []}, "KuramotoNetwork": {"executed_lines": [], "summary": {"covered_lines": 0, "num_statements": 98, "percent_covered": 0.0, "percent_covered_display": "0", "missing_lines": 98, "excluded_lines": 0, "percent_statements_covered": 0.0, "percent_statements_covered_display": "0"}, "missing_lines": [143, 144, 145, 146, 147, 151, 152, 156, 157, 161, 162, 163, 164, 173, 174, 176, 177, 178, 180, 181, 182, 183, 184, 186, 188, 192, 201, 202, 204, 206, 207, 210, 212, 215, 216, 218, 221, 222, 224, 227, 228, 230, 231, 232, 237, 238, 239, 241, 242, 243, 245, 246, 247, 248, 249, 251, 253, 255, 259, 260, 262, 263, 264, 266, 267, 269, 270, 271, 272, 273, 274, 276, 278, 286, 287, 288, 292, 293, 294, 298, 299, 300, 310, 311, 312, 314, 315, 317, 318, 319, 320, 321, 323, 324, 326, 330, 333, 334], "excluded_lines": []}, "": {"executed_lines": [1, 13, 15, 16, 18, 20, 28, 29, 36, 47, 69, 116, 120, 124, 130, 134, 135, 142, 149, 154, 159, 166, 194, 257, 290, 296, 302, 328, 332], "summary": {"covered_lines": 26, "num_statements": 26, "percent_covered": 100.0, "percent_covered_display": "100", "missing_lines": 0, "excluded_lines": 0, "percent_statements_covered": 100.0, "percent_statements_covered_display": "100"}, "missing_lines": [], "excluded_lines": []}}}, "services/maximus_core_service/consciousness/esgt/kuramoto_models.py": {"executed_lines": [1, 3, 5, 6, 7, 9, 12, 13, 15, 16, 17, 18, 21, 22, 23, 25, 26, 27, 28, 31, 32, 33, 43, 44, 45, 46, 47, 49, 53, 62, 63, 64, 66, 67, 68, 69, 70, 72, 78], "summary": {"covered_lines": 34, "num_statements": 57, "percent_covered": 59.64912280701754, "percent_covered_display": "60", "missing_lines": 23, "excluded_lines": 0, "percent_statements_covered": 59.64912280701754, "percent_statements_covered_display": "60"}, "missing_lines": [51, 55, 56, 57, 58, 59, 74, 75, 76, 80, 81, 83, 84, 86, 87, 88, 90, 91, 92, 93, 95, 96, 98], "excluded_lines": [], "functions": {"PhaseCoherence.is_conscious_level": {"executed_lines": [], "summary": {"covered_lines": 0, "num_statements": 1, "percent_covered": 0.0, "percent_covered_display": "0", "missing_lines": 1, "excluded_lines": 0, "percent_statements_covered": 0.0, "percent_statements_covered_display": "0"}, "missing_lines": [51], "excluded_lines": []}, "PhaseCoherence.get_quality_score": {"executed_lines": [], "summary": {"covered_lines": 0, "num_statements": 5, "percent_covered": 0.0, "percent_covered_display": "0", "missing_lines": 5, "excluded_lines": 0, "percent_statements_covered": 0.0, "percent_statements_covered_display": "0"}, "missing_lines": [55, 56, 57, 58, 59], "excluded_lines": []}, "SynchronizationDynamics.add_coherence_sample": {"executed_lines": [], "summary": {"covered_lines": 0, "num_statements": 3, "percent_covered": 0.0, "percent_covered_display": "0", "missing_lines": 3, "excluded_lines": 0, "percent_statements_covered": 0.0, "percent_statements_covered_display": "0"}, "missing_lines": [74, 75, 76], "excluded_lines": []}, "SynchronizationDynamics.compute_dissolution_rate": {"executed_lines": [], "summary": {"covered_lines": 0, "num_statements": 14, "percent_covered": 0.0, "percent_covered_display": "0", "missing_lines": 14, "excluded_lines": 0, "percent_statements_covered": 0.0, "percent_statements_covered_display": "0"}, "missing_lines": [80, 81, 83, 84, 86, 87, 88, 90, 91, 92, 93, 95, 96, 98], "excluded_lines": []}, "": {"executed_lines": [1, 3, 5, 6, 7, 9, 12, 13, 15, 16, 17, 18, 21, 22, 23, 25, 26, 27, 28, 31, 32, 33, 43, 44, 45, 46, 47, 49, 53, 62, 63, 64, 66, 67, 68, 69, 70, 72, 78], "summary": {"covered_lines": 34, "num_statements": 34, "percent_covered": 100.0, "percent_covered_display": "100", "missing_lines": 0, "excluded_lines": 0, "percent_statements_covered": 100.0, "percent_statements_covered_display": "100"}, "missing_lines": [], "excluded_lines": []}}, "classes": {"OscillatorState": {"executed_lines": [], "summary": {"covered_lines": 0, "num_statements": 0, "percent_covered": 100.0, "percent_covered_display": "100", "missing_lines": 0, "excluded_lines": 0, "percent_statements_covered": 100.0, "percent_statements_covered_display": "100"}, "missing_lines": [], "excluded_lines": []}, "OscillatorConfig": {"executed_lines": [], "summary": {"covered_lines": 0, "num_statements": 0, "percent_covered": 100.0, "percent_covered_display": "100", "missing_lines": 0, "excluded_lines": 0, "percent_statements_covered": 100.0, "percent_statements_covered_display": "100"}, "missing_lines": [], "excluded_lines": []}, "PhaseCoherence": {"executed_lines": [], "summary": {"covered_lines": 0, "num_statements": 6, "percent_covered": 0.0, "percent_covered_display": "0", "missing_lines": 6, "excluded_lines": 0, "percent_statements_covered": 0.0, "percent_statements_covered_display": "0"}, "missing_lines": [51, 55, 56, 57, 58, 59], "excluded_lines": []}, "SynchronizationDynamics": {"executed_lines": [], "summary": {"covered_lines": 0, "num_statements": 17, "percent_covered": 0.0, "percent_covered_display": "0", "missing_lines": 17, "excluded_lines": 0, "percent_statements_covered": 0.0, "percent_statements_covered_display": "0"}, "missing_lines": [74, 75, 76, 80, 81, 83, 84, 86, 87, 88, 90, 91, 92, 93, 95, 96, 98], "excluded_lines": []}, "": {"executed_lines": [1, 3, 5, 6, 7, 9, 12, 13, 15, 16, 17, 18, 21, 22, 23, 25, 26, 27, 28, 31, 32, 33, 43, 44, 45, 46, 47, 49, 53, 62, 63, 64, 66, 67, 68, 69, 70, 72, 78], "summary": {"covered_lines": 34, "num_statements": 34, "percent_covered": 100.0, "percent_covered_display": "100", "missing_lines": 0, "excluded_lines": 0, "percent_statements_covered": 100.0, "percent_statements_covered_display": "100"}, "missing_lines": [], "excluded_lines": []}}}, "services/maximus_core_service/consciousness/esgt/models.py": {"executed_lines": [1, 13, 15, 16, 17, 19, 22, 23, 24, 33, 34, 35, 36, 39, 40, 41, 42, 44, 53, 67, 68, 69, 78, 81, 82, 83, 86, 87, 90, 92, 96, 106, 121, 126, 127, 128, 136, 137, 138, 141, 142, 145, 146, 149, 150, 151, 152, 155, 156, 159, 160, 161, 162, 165, 166, 168, 174, 183, 189], "summary": {"covered_lines": 55, "num_statements": 87, "percent_covered": 63.2183908045977, "percent_covered_display": "63", "missing_lines": 32, "excluded_lines": 0, "percent_statements_covered": 63.2183908045977, "percent_statements_covered_display": "63"}, "missing_lines": [46, 55, 56, 57, 58, 59, 60, 61, 62, 63, 64, 94, 100, 111, 112, 115, 116, 117, 119, 123, 170, 171, 172, 176, 177, 178, 180, 181, 185, 186, 187, 191], "excluded_lines": [], "functions": {"SalienceScore.compute_total": {"executed_lines": [], "summary": {"covered_lines": 0, "num_statements": 1, "percent_covered": 0.0, "percent_covered_display": "0", "missing_lines": 1, "excluded_lines": 0, "percent_statements_covered": 0.0, "percent_statements_covered_display": "0"}, "missing_lines": [46], "excluded_lines": []}, "SalienceScore.get_level": {"executed_lines": [], "summary": {"covered_lines": 0, "num_statements": 10, "percent_covered": 0.0, "percent_covered_display": "0", "missing_lines": 10, "excluded_lines": 0, "percent_statements_covered": 0.0, "percent_statements_covered_display": "0"}, "missing_lines": [55, 56, 57, 58, 59, 60, 61, 62, 63, 64], "excluded_lines": []}, "TriggerConditions.check_salience": {"executed_lines": [], "summary": {"covered_lines": 0, "num_statements": 1, "percent_covered": 0.0, "percent_covered_display": "0", "missing_lines": 1, "excluded_lines": 0, "percent_statements_covered": 0.0, "percent_statements_covered_display": "0"}, "missing_lines": [94], "excluded_lines": []}, "TriggerConditions.check_resources": {"executed_lines": [], "summary": {"covered_lines": 0, "num_statements": 1, "percent_covered": 0.0, "percent_covered_display": "0", "missing_lines": 1, "excluded_lines": 0, "percent_statements_covered": 0.0, "percent_statements_covered_display": "0"}, "missing_lines": [100], "excluded_lines": []}, "TriggerConditions.check_temporal_gating": {"executed_lines": [], "summary": {"covered_lines": 0, "num_statements": 6, "percent_covered": 0.0, "percent_covered_display": "0", "missing_lines": 6, "excluded_lines": 0, "percent_statements_covered": 0.0, "percent_statements_covered_display": "0"}, "missing_lines": [111, 112, 115, 116, 117, 119], "excluded_lines": []}, "TriggerConditions.check_arousal": {"executed_lines": [], "summary": {"covered_lines": 0, "num_statements": 1, "percent_covered": 0.0, "percent_covered_display": "0", "missing_lines": 1, "excluded_lines": 0, "percent_statements_covered": 0.0, "percent_statements_covered_display": "0"}, "missing_lines": [123], "excluded_lines": []}, "ESGTEvent.transition_phase": {"executed_lines": [], "summary": {"covered_lines": 0, "num_statements": 3, "percent_covered": 0.0, "percent_covered_display": "0", "missing_lines": 3, "excluded_lines": 0, "percent_statements_covered": 0.0, "percent_statements_covered_display": "0"}, "missing_lines": [170, 171, 172], "excluded_lines": []}, "ESGTEvent.finalize": {"executed_lines": [], "summary": {"covered_lines": 0, "num_statements": 5, "percent_covered": 0.0, "percent_covered_display": "0", "missing_lines": 5, "excluded_lines": 0, "percent_statements_covered": 0.0, "percent_statements_covered_display": "0"}, "missing_lines": [176, 177, 178, 180, 181], "excluded_lines": []}, "ESGTEvent.get_duration_ms": {"executed_lines": [], "summary": {"covered_lines": 0, "num_statements": 3, "percent_covered": 0.0, "percent_covered_display": "0", "missing_lines": 3, "excluded_lines": 0, "percent_statements_covered": 0.0, "percent_statements_covered_display": "0"}, "missing_lines": [185, 186, 187], "excluded_lines": []}, "ESGTEvent.was_successful": {"executed_lines": [], "summary": {"covered_lines": 0, "num_statements": 1, "percent_covered": 0.0, "percent_covered_display": "0", "missing_lines": 1, "excluded_lines": 0, "percent_statements_covered": 0.0, "percent_statements_covered_display": "0"}, "missing_lines": [191], "excluded_lines": []}, "": {"executed_lines": [1, 13, 15, 16, 17, 19, 22, 23, 24, 33, 34, 35, 36, 39, 40, 41, 42, 44, 53, 67, 68, 69, 78, 81, 82, 83, 86, 87, 90, 92, 96, 106, 121, 126, 127, 128, 136, 137, 138, 141, 142, 145, 146, 149, 150, 151, 152, 155, 156, 159, 160, 161, 162, 165, 166, 168, 174, 183, 189], "summary": {"covered_lines": 55, "num_statements": 55, "percent_covered": 100.0, "percent_covered_display": "100", "missing_lines": 0, "excluded_lines": 0, "percent_statements_covered": 100.0, "percent_statements_covered_display": "100"}, "missing_lines": [], "excluded_lines": []}}, "classes": {"SalienceScore": {"executed_lines": [], "summary": {"covered_lines": 0, "num_statements": 11, "percent_covered": 0.0, "percent_covered_display": "0", "missing_lines": 11, "excluded_lines": 0, "percent_statements_covered": 0.0, "percent_statements_covered_display": "0"}, "missing_lines": [46, 55, 56, 57, 58, 59, 60, 61, 62, 63, 64], "excluded_lines": []}, "TriggerConditions": {"executed_lines": [], "summary": {"covered_lines": 0, "num_statements": 9, "percent_covered": 0.0, "percent_covered_display": "0", "missing_lines": 9, "excluded_lines": 0, "percent_statements_covered": 0.0, "percent_statements_covered_display": "0"}, "missing_lines": [94, 100, 111, 112, 115, 116, 117, 119, 123], "excluded_lines": []}, "ESGTEvent": {"executed_lines": [], "summary": {"covered_lines": 0, "num_statements": 12, "percent_covered": 0.0, "percent_covered_display": "0", "missing_lines": 12, "excluded_lines": 0, "percent_statements_covered": 0.0, "percent_statements_covered_display": "0"}, "missing_lines": [170, 171, 172, 176, 177, 178, 180, 181, 185, 186, 187, 191], "excluded_lines": []}, "": {"executed_lines": [1, 13, 15, 16, 17, 19, 22, 23, 24, 33, 34, 35, 36, 39, 40, 41, 42, 44, 53, 67, 68, 69, 78, 81, 82, 83, 86, 87, 90, 92, 96, 106, 121, 126, 127, 128, 136, 137, 138, 141, 142, 145, 146, 149, 150, 151, 152, 155, 156, 159, 160, 161, 162, 165, 166, 168, 174, 183, 189], "summary": {"covered_lines": 55, "num_statements": 55, "percent_covered": 100.0, "percent_covered_display": "100", "missing_lines": 0, "excluded_lines": 0, "percent_statements_covered": 100.0, "percent_statements_covered_display": "100"}, "missing_lines": [], "excluded_lines": []}}}, "services/maximus_core_service/consciousness/esgt/pfc_integration.py": {"executed_lines": [1, 10, 12, 14, 18, 93], "summary": {"covered_lines": 4, "num_statements": 30, "percent_covered": 13.333333333333334, "percent_covered_display": "13", "missing_lines": 26, "excluded_lines": 2, "percent_statements_covered": 13.333333333333334, "percent_statements_covered_display": "13"}, "missing_lines": [40, 41, 44, 45, 53, 54, 57, 60, 67, 69, 71, 75, 78, 79, 87, 88, 90, 95, 96, 97, 98, 99, 101, 102, 103, 104], "excluded_lines": [14, 15], "functions": {"process_social_signal_through_pfc": {"executed_lines": [], "summary": {"covered_lines": 0, "num_statements": 17, "percent_covered": 0.0, "percent_covered_display": "0", "missing_lines": 17, "excluded_lines": 0, "percent_statements_covered": 0.0, "percent_statements_covered_display": "0"}, "missing_lines": [40, 41, 44, 45, 53, 54, 57, 60, 67, 69, 71, 75, 78, 79, 87, 88, 90], "excluded_lines": []}, "_determine_signal_type": {"executed_lines": [], "summary": {"covered_lines": 0, "num_statements": 9, "percent_covered": 0.0, "percent_covered_display": "0", "missing_lines": 9, "excluded_lines": 0, "percent_statements_covered": 0.0, "percent_statements_covered_display": "0"}, "missing_lines": [95, 96, 97, 98, 99, 101, 102, 103, 104], "excluded_lines": []}, "": {"executed_lines": [1, 10, 12, 14, 18, 93], "summary": {"covered_lines": 4, "num_statements": 4, "percent_covered": 100.0, "percent_covered_display": "100", "missing_lines": 0, "excluded_lines": 2, "percent_statements_covered": 100.0, "percent_statements_covered_display": "100"}, "missing_lines": [], "excluded_lines": [14, 15]}}, "classes": {"": {"executed_lines": [1, 10, 12, 14, 18, 93], "summary": {"covered_lines": 4, "num_statements": 30, "percent_covered": 13.333333333333334, "percent_covered_display": "13", "missing_lines": 26, "excluded_lines": 2, "percent_statements_covered": 13.333333333333334, "percent_statements_covered_display": "13"}, "missing_lines": [40, 41, 44, 45, 53, 54, 57, 60, 67, 69, 71, 75, 78, 79, 87, 88, 90, 95, 96, 97, 98, 99, 101, 102, 103, 104], "excluded_lines": [14, 15]}}}, "services/maximus_core_service/consciousness/esgt/phase_operations.py": {"executed_lines": [1, 3, 5, 6, 7, 9, 14, 15, 17, 43], "summary": {"covered_lines": 7, "num_statements": 22, "percent_covered": 31.818181818181817, "percent_covered_display": "32", "missing_lines": 15, "excluded_lines": 3, "percent_statements_covered": 31.818181818181817, "percent_statements_covered_display": "32"}, "missing_lines": [28, 29, 31, 33, 36, 37, 38, 41, 46, 47, 50, 52, 53, 54, 57], "excluded_lines": [9, 10, 11], "functions": {"PhaseOperationsMixin._sustain_coherence": {"executed_lines": [], "summary": {"covered_lines": 0, "num_statements": 8, "percent_covered": 0.0, "percent_covered_display": "0", "missing_lines": 8, "excluded_lines": 0, "percent_statements_covered": 0.0, "percent_statements_covered_display": "0"}, "missing_lines": [28, 29, 31, 33, 36, 37, 38, 41], "excluded_lines": []}, "PhaseOperationsMixin._dissolve_event": {"executed_lines": [], "summary": {"covered_lines": 0, "num_statements": 7, "percent_covered": 0.0, "percent_covered_display": "0", "missing_lines": 7, "excluded_lines": 0, "percent_statements_covered": 0.0, "percent_statements_covered_display": "0"}, "missing_lines": [46, 47, 50, 52, 53, 54, 57], "excluded_lines": []}, "": {"executed_lines": [1, 3, 5, 6, 7, 9, 14, 15, 17, 43], "summary": {"covered_lines": 7, "num_statements": 7, "percent_covered": 100.0, "percent_covered_display": "100", "missing_lines": 0, "excluded_lines": 3, "percent_statements_covered": 100.0, "percent_statements_covered_display": "100"}, "missing_lines": [], "excluded_lines": [9, 10, 11]}}, "classes": {"PhaseOperationsMixin": {"executed_lines": [], "summary": {"covered_lines": 0, "num_statements": 15, "percent_covered": 0.0, "percent_covered_display": "0", "missing_lines": 15, "excluded_lines": 0, "percent_statements_covered": 0.0, "percent_statements_covered_display": "0"}, "missing_lines": [28, 29, 31, 33, 36, 37, 38, 41, 46, 47, 50, 52, 53, 54, 57], "excluded_lines": []}, "": {"executed_lines": [1, 3, 5, 6, 7, 9, 14, 15, 17, 43], "summary": {"covered_lines": 7, "num_statements": 7, "percent_covered": 100.0, "percent_covered_display": "100", "missing_lines": 0, "excluded_lines": 3, "percent_statements_covered": 100.0, "percent_statements_covered_display": "100"}, "missing_lines": [], "excluded_lines": [9, 10, 11]}}}, "services/maximus_core_service/consciousness/esgt/safety.py": {"executed_lines": [1, 17, 19, 20, 23, 24, 31, 37], "summary": {"covered_lines": 6, "num_statements": 19, "percent_covered": 31.57894736842105, "percent_covered_display": "32", "missing_lines": 13, "excluded_lines": 0, "percent_statements_covered": 31.57894736842105, "percent_statements_covered_display": "32"}, "missing_lines": [32, 33, 34, 35, 44, 45, 48, 49, 50, 53, 54, 55, 57], "excluded_lines": [], "functions": {"FrequencyLimiter.__init__": {"executed_lines": [], "summary": {"covered_lines": 0, "num_statements": 4, "percent_covered": 0.0, "percent_covered_display": "0", "missing_lines": 4, "excluded_lines": 0, "percent_statements_covered": 0.0, "percent_statements_covered_display": "0"}, "missing_lines": [32, 33, 34, 35], "excluded_lines": []}, "FrequencyLimiter.allow": {"executed_lines": [], "summary": {"covered_lines": 0, "num_statements": 9, "percent_covered": 0.0, "percent_covered_display": "0", "missing_lines": 9, "excluded_lines": 0, "percent_statements_covered": 0.0, "percent_statements_covered_display": "0"}, "missing_lines": [44, 45, 48, 49, 50, 53, 54, 55, 57], "excluded_lines": []}, "": {"executed_lines": [1, 17, 19, 20, 23, 24, 31, 37], "summary": {"covered_lines": 6, "num_statements": 6, "percent_covered": 100.0, "percent_covered_display": "100", "missing_lines": 0, "excluded_lines": 0, "percent_statements_covered": 100.0, "percent_statements_covered_display": "100"}, "missing_lines": [], "excluded_lines": []}}, "classes": {"FrequencyLimiter": {"executed_lines": [], "summary": {"covered_lines": 0, "num_statements": 13, "percent_covered": 0.0, "percent_covered_display": "0", "missing_lines": 13, "excluded_lines": 0, "percent_statements_covered": 0.0, "percent_statements_covered_display": "0"}, "missing_lines": [32, 33, 34, 35, 44, 45, 48, 49, 50, 53, 54, 55, 57], "excluded_lines": []}, "": {"executed_lines": [1, 17, 19, 20, 23, 24, 31, 37], "summary": {"covered_lines": 6, "num_statements": 6, "percent_covered": 100.0, "percent_covered_display": "100", "missing_lines": 0, "excluded_lines": 0, "percent_statements_covered": 100.0, "percent_statements_covered_display": "100"}, "missing_lines": [], "excluded_lines": []}}}, "services/maximus_core_service/consciousness/esgt/trigger_validation.py": {"executed_lines": [1, 3, 5, 6, 8, 13, 14, 16, 75, 96], "summary": {"covered_lines": 7, "num_statements": 35, "percent_covered": 20.0, "percent_covered_display": "20", "missing_lines": 28, "excluded_lines": 3, "percent_statements_covered": 20.0, "percent_statements_covered_display": "20"}, "missing_lines": [21, 22, 29, 30, 31, 36, 38, 43, 50, 53, 57, 58, 66, 67, 68, 73, 86, 88, 91, 92, 94, 100, 102, 103, 104, 106, 111, 113], "excluded_lines": [8, 9, 10], "functions": {"TriggerValidationMixin._check_triggers": {"executed_lines": [], "summary": {"covered_lines": 0, "num_statements": 16, "percent_covered": 0.0, "percent_covered_display": "0", "missing_lines": 16, "excluded_lines": 0, "percent_statements_covered": 0.0, "percent_statements_covered_display": "0"}, "missing_lines": [21, 22, 29, 30, 31, 36, 38, 43, 50, 53, 57, 58, 66, 67, 68, 73], "excluded_lines": []}, "TriggerValidationMixin._recruit_nodes": {"executed_lines": [], "summary": {"covered_lines": 0, "num_statements": 5, "percent_covered": 0.0, "percent_covered_display": "0", "missing_lines": 5, "excluded_lines": 0, "percent_statements_covered": 0.0, "percent_statements_covered_display": "0"}, "missing_lines": [86, 88, 91, 92, 94], "excluded_lines": []}, "TriggerValidationMixin._build_topology": {"executed_lines": [], "summary": {"covered_lines": 0, "num_statements": 7, "percent_covered": 0.0, "percent_covered_display": "0", "missing_lines": 7, "excluded_lines": 0, "percent_statements_covered": 0.0, "percent_statements_covered_display": "0"}, "missing_lines": [100, 102, 103, 104, 106, 111, 113], "excluded_lines": []}, "": {"executed_lines": [1, 3, 5, 6, 8, 13, 14, 16, 75, 96], "summary": {"covered_lines": 7, "num_statements": 7, "percent_covered": 100.0, "percent_covered_display": "100", "missing_lines": 0, "excluded_lines": 3, "percent_statements_covered": 100.0, "percent_statements_covered_display": "100"}, "missing_lines": [], "excluded_lines": [8, 9, 10]}}, "classes": {"TriggerValidationMixin": {"executed_lines": [], "summary": {"covered_lines": 0, "num_statements": 28, "percent_covered": 0.0, "percent_covered_display": "0", "missing_lines": 28, "excluded_lines": 0, "percent_statements_covered": 0.0, "percent_statements_covered_display": "0"}, "missing_lines": [21, 22, 29, 30, 31, 36, 38, 43, 50, 53, 57, 58, 66, 67, 68, 73, 86, 88, 91, 92, 94, 100, 102, 103, 104, 106, 111, 113], "excluded_lines": []}, "": {"executed_lines": [1, 3, 5, 6, 8, 13, 14, 16, 75, 96], "summary": {"covered_lines": 7, "num_statements": 7, "percent_covered": 100.0, "percent_covered_display": "100", "missing_lines": 0, "excluded_lines": 3, "percent_statements_covered": 100.0, "percent_statements_covered_display": "100"}, "missing_lines": [], "excluded_lines": [8, 9, 10]}}}, "services/maximus_core_service/consciousness/florescimento/__init__.py": {"executed_lines": [1, 5, 6, 7, 8, 10], "summary": {"covered_lines": 5, "num_statements": 5, "percent_covered": 100.0, "percent_covered_display": "100", "missing_lines": 0, "excluded_lines": 0, "percent_statements_covered": 100.0, "percent_statements_covered_display": "100"}, "missing_lines": [], "excluded_lines": [], "functions": {"": {"executed_lines": [1, 5, 6, 7, 8, 10], "summary": {"covered_lines": 5, "num_statements": 5, "percent_covered": 100.0, "percent_covered_display": "100", "missing_lines": 0, "excluded_lines": 0, "percent_statements_covered": 100.0, "percent_statements_covered_display": "100"}, "missing_lines": [], "excluded_lines": []}}, "classes": {"": {"executed_lines": [1, 5, 6, 7, 8, 10], "summary": {"covered_lines": 5, "num_statements": 5, "percent_covered": 100.0, "percent_covered_display": "100", "missing_lines": 0, "excluded_lines": 0, "percent_statements_covered": 100.0, "percent_statements_covered_display": "100"}, "missing_lines": [], "excluded_lines": []}}}, "services/maximus_core_service/consciousness/florescimento/consciousness_bridge.py": {"executed_lines": [1, 5, 7, 8, 9, 10, 13, 16, 17, 26, 28, 29, 30, 31, 32, 34, 35, 36, 37, 38, 39, 40, 42, 43, 47, 55, 101, 110, 129, 144], "summary": {"covered_lines": 28, "num_statements": 68, "percent_covered": 41.1764705882353, "percent_covered_display": "41", "missing_lines": 40, "excluded_lines": 0, "percent_statements_covered": 41.1764705882353, "percent_statements_covered_display": "41"}, "missing_lines": [18, 19, 20, 21, 22, 23, 24, 52, 53, 61, 64, 65, 66, 69, 73, 74, 77, 78, 81, 82, 85, 88, 103, 104, 105, 106, 108, 112, 113, 115, 133, 134, 137, 138, 139, 142, 147, 148, 150, 152], "excluded_lines": [], "functions": {"ConsciousnessBridge.__init__": {"executed_lines": [], "summary": {"covered_lines": 0, "num_statements": 2, "percent_covered": 0.0, "percent_covered_display": "0", "missing_lines": 2, "excluded_lines": 0, "percent_statements_covered": 0.0, "percent_statements_covered_display": "0"}, "missing_lines": [52, 53], "excluded_lines": []}, "ConsciousnessBridge.process_conscious_event": {"executed_lines": [], "summary": {"covered_lines": 0, "num_statements": 13, "percent_covered": 0.0, "percent_covered_display": "0", "missing_lines": 13, "excluded_lines": 0, "percent_statements_covered": 0.0, "percent_statements_covered_display": "0"}, "missing_lines": [61, 64, 65, 66, 69, 73, 74, 77, 78, 81, 82, 85, 88], "excluded_lines": []}, "ConsciousnessBridge._interpret_physiological_state": {"executed_lines": [], "summary": {"covered_lines": 0, "num_statements": 5, "percent_covered": 0.0, "percent_covered_display": "0", "missing_lines": 5, "excluded_lines": 0, "percent_statements_covered": 0.0, "percent_statements_covered_display": "0"}, "missing_lines": [103, 104, 105, 106, 108], "excluded_lines": []}, "ConsciousnessBridge._build_introspection_prompt": {"executed_lines": [], "summary": {"covered_lines": 0, "num_statements": 3, "percent_covered": 0.0, "percent_covered_display": "0", "missing_lines": 3, "excluded_lines": 0, "percent_statements_covered": 0.0, "percent_statements_covered_display": "0"}, "missing_lines": [112, 113, 115], "excluded_lines": []}, "ConsciousnessBridge._call_llm": {"executed_lines": [], "summary": {"covered_lines": 0, "num_statements": 6, "percent_covered": 0.0, "percent_covered_display": "0", "missing_lines": 6, "excluded_lines": 0, "percent_statements_covered": 0.0, "percent_statements_covered_display": "0"}, "missing_lines": [133, 134, 137, 138, 139, 142], "excluded_lines": []}, "ConsciousnessBridge._generate_fallback_narrative": {"executed_lines": [], "summary": {"covered_lines": 0, "num_statements": 4, "percent_covered": 0.0, "percent_covered_display": "0", "missing_lines": 4, "excluded_lines": 0, "percent_statements_covered": 0.0, "percent_statements_covered_display": "0"}, "missing_lines": [147, 148, 150, 152], "excluded_lines": []}, "": {"executed_lines": [1, 5, 7, 8, 9, 10, 13, 16, 17, 26, 28, 29, 30, 31, 32, 34, 35, 36, 37, 38, 39, 40, 42, 43, 47, 55, 101, 110, 129, 144], "summary": {"covered_lines": 28, "num_statements": 35, "percent_covered": 80.0, "percent_covered_display": "80", "missing_lines": 7, "excluded_lines": 0, "percent_statements_covered": 80.0, "percent_statements_covered_display": "80"}, "missing_lines": [18, 19, 20, 21, 22, 23, 24], "excluded_lines": []}}, "classes": {"PhenomenalQuality": {"executed_lines": [], "summary": {"covered_lines": 0, "num_statements": 0, "percent_covered": 100.0, "percent_covered_display": "100", "missing_lines": 0, "excluded_lines": 0, "percent_statements_covered": 100.0, "percent_statements_covered_display": "100"}, "missing_lines": [], "excluded_lines": []}, "IntrospectiveResponse": {"executed_lines": [], "summary": {"covered_lines": 0, "num_statements": 0, "percent_covered": 100.0, "percent_covered_display": "100", "missing_lines": 0, "excluded_lines": 0, "percent_statements_covered": 100.0, "percent_statements_covered_display": "100"}, "missing_lines": [], "excluded_lines": []}, "ConsciousnessBridge": {"executed_lines": [], "summary": {"covered_lines": 0, "num_statements": 33, "percent_covered": 0.0, "percent_covered_display": "0", "missing_lines": 33, "excluded_lines": 0, "percent_statements_covered": 0.0, "percent_statements_covered_display": "0"}, "missing_lines": [52, 53, 61, 64, 65, 66, 69, 73, 74, 77, 78, 81, 82, 85, 88, 103, 104, 105, 106, 108, 112, 113, 115, 133, 134, 137, 138, 139, 142, 147, 148, 150, 152], "excluded_lines": []}, "": {"executed_lines": [1, 5, 7, 8, 9, 10, 13, 16, 17, 26, 28, 29, 30, 31, 32, 34, 35, 36, 37, 38, 39, 40, 42, 43, 47, 55, 101, 110, 129, 144], "summary": {"covered_lines": 28, "num_statements": 35, "percent_covered": 80.0, "percent_covered_display": "80", "missing_lines": 7, "excluded_lines": 0, "percent_statements_covered": 80.0, "percent_statements_covered_display": "80"}, "missing_lines": [18, 19, 20, 21, 22, 23, 24], "excluded_lines": []}}}, "services/maximus_core_service/consciousness/florescimento/introspection_api.py": {"executed_lines": [1, 5, 7, 8, 10, 11, 13, 14, 15, 19, 20, 21, 22, 23, 25, 26, 27, 29, 30, 31, 32, 33, 35, 36, 37, 39, 40, 41, 42, 47, 48, 49, 51, 60, 65, 70, 78, 80, 81, 94, 95, 105, 106, 119, 120], "summary": {"covered_lines": 44, "num_statements": 73, "percent_covered": 60.273972602739725, "percent_covered_display": "60", "missing_lines": 29, "excluded_lines": 0, "percent_statements_covered": 60.273972602739725, "percent_statements_covered_display": "60"}, "missing_lines": [55, 56, 57, 58, 61, 62, 63, 66, 67, 68, 71, 72, 73, 85, 87, 100, 110, 112, 128, 129, 130, 131, 132, 134, 136, 138, 139, 140, 142], "excluded_lines": [], "functions": {"initialize_florescimento": {"executed_lines": [], "summary": {"covered_lines": 0, "num_statements": 4, "percent_covered": 0.0, "percent_covered_display": "0", "missing_lines": 4, "excluded_lines": 0, "percent_statements_covered": 0.0, "percent_statements_covered_display": "0"}, "missing_lines": [55, 56, 57, 58], "excluded_lines": []}, "get_unified_self": {"executed_lines": [], "summary": {"covered_lines": 0, "num_statements": 3, "percent_covered": 0.0, "percent_covered_display": "0", "missing_lines": 3, "excluded_lines": 0, "percent_statements_covered": 0.0, "percent_statements_covered_display": "0"}, "missing_lines": [61, 62, 63], "excluded_lines": []}, "get_mirror_test": {"executed_lines": [], "summary": {"covered_lines": 0, "num_statements": 3, "percent_covered": 0.0, "percent_covered_display": "0", "missing_lines": 3, "excluded_lines": 0, "percent_statements_covered": 0.0, "percent_statements_covered_display": "0"}, "missing_lines": [66, 67, 68], "excluded_lines": []}, "get_bridge": {"executed_lines": [], "summary": {"covered_lines": 0, "num_statements": 3, "percent_covered": 0.0, "percent_covered_display": "0", "missing_lines": 3, "excluded_lines": 0, "percent_statements_covered": 0.0, "percent_statements_covered_display": "0"}, "missing_lines": [71, 72, 73], "excluded_lines": []}, "get_self_report": {"executed_lines": [], "summary": {"covered_lines": 0, "num_statements": 2, "percent_covered": 0.0, "percent_covered_display": "0", "missing_lines": 2, "excluded_lines": 0, "percent_statements_covered": 0.0, "percent_statements_covered_display": "0"}, "missing_lines": [85, 87], "excluded_lines": []}, "who_am_i": {"executed_lines": [], "summary": {"covered_lines": 0, "num_statements": 1, "percent_covered": 0.0, "percent_covered_display": "0", "missing_lines": 1, "excluded_lines": 0, "percent_statements_covered": 0.0, "percent_statements_covered_display": "0"}, "missing_lines": [100], "excluded_lines": []}, "run_mirror_test": {"executed_lines": [], "summary": {"covered_lines": 0, "num_statements": 2, "percent_covered": 0.0, "percent_covered_display": "0", "missing_lines": 2, "excluded_lines": 0, "percent_statements_covered": 0.0, "percent_statements_covered_display": "0"}, "missing_lines": [110, 112], "excluded_lines": []}, "introspect": {"executed_lines": [], "summary": {"covered_lines": 0, "num_statements": 11, "percent_covered": 0.0, "percent_covered_display": "0", "missing_lines": 11, "excluded_lines": 0, "percent_statements_covered": 0.0, "percent_statements_covered_display": "0"}, "missing_lines": [128, 129, 130, 131, 132, 134, 136, 138, 139, 140, 142], "excluded_lines": []}, "": {"executed_lines": [1, 5, 7, 8, 10, 11, 13, 14, 15, 19, 20, 21, 22, 23, 25, 26, 27, 29, 30, 31, 32, 33, 35, 36, 37, 39, 40, 41, 42, 47, 48, 49, 51, 60, 65, 70, 78, 80, 81, 94, 95, 105, 106, 119, 120], "summary": {"covered_lines": 44, "num_statements": 44, "percent_covered": 100.0, "percent_covered_display": "100", "missing_lines": 0, "excluded_lines": 0, "percent_statements_covered": 100.0, "percent_statements_covered_display": "100"}, "missing_lines": [], "excluded_lines": []}}, "classes": {"SelfReportResponse": {"executed_lines": [], "summary": {"covered_lines": 0, "num_statements": 0, "percent_covered": 100.0, "percent_covered_display": "100", "missing_lines": 0, "excluded_lines": 0, "percent_statements_covered": 100.0, "percent_statements_covered_display": "100"}, "missing_lines": [], "excluded_lines": []}, "WhoAmIResponse": {"executed_lines": [], "summary": {"covered_lines": 0, "num_statements": 0, "percent_covered": 100.0, "percent_covered_display": "100", "missing_lines": 0, "excluded_lines": 0, "percent_statements_covered": 100.0, "percent_statements_covered_display": "100"}, "missing_lines": [], "excluded_lines": []}, "MirrorTestResponse": {"executed_lines": [], "summary": {"covered_lines": 0, "num_statements": 0, "percent_covered": 100.0, "percent_covered_display": "100", "missing_lines": 0, "excluded_lines": 0, "percent_statements_covered": 100.0, "percent_statements_covered_display": "100"}, "missing_lines": [], "excluded_lines": []}, "IntrospectionRequest": {"executed_lines": [], "summary": {"covered_lines": 0, "num_statements": 0, "percent_covered": 100.0, "percent_covered_display": "100", "missing_lines": 0, "excluded_lines": 0, "percent_statements_covered": 100.0, "percent_statements_covered_display": "100"}, "missing_lines": [], "excluded_lines": []}, "IntrospectionResponse": {"executed_lines": [], "summary": {"covered_lines": 0, "num_statements": 0, "percent_covered": 100.0, "percent_covered_display": "100", "missing_lines": 0, "excluded_lines": 0, "percent_statements_covered": 100.0, "percent_statements_covered_display": "100"}, "missing_lines": [], "excluded_lines": []}, "introspect.SyntheticEvent": {"executed_lines": [], "summary": {"covered_lines": 0, "num_statements": 0, "percent_covered": 100.0, "percent_covered_display": "100", "missing_lines": 0, "excluded_lines": 0, "percent_statements_covered": 100.0, "percent_statements_covered_display": "100"}, "missing_lines": [], "excluded_lines": []}, "": {"executed_lines": [1, 5, 7, 8, 10, 11, 13, 14, 15, 19, 20, 21, 22, 23, 25, 26, 27, 29, 30, 31, 32, 33, 35, 36, 37, 39, 40, 41, 42, 47, 48, 49, 51, 60, 65, 70, 78, 80, 81, 94, 95, 105, 106, 119, 120], "summary": {"covered_lines": 44, "num_statements": 73, "percent_covered": 60.273972602739725, "percent_covered_display": "60", "missing_lines": 29, "excluded_lines": 0, "percent_statements_covered": 60.273972602739725, "percent_statements_covered_display": "60"}, "missing_lines": [55, 56, 57, 58, 61, 62, 63, 66, 67, 68, 71, 72, 73, 85, 87, 100, 110, 112, 128, 129, 130, 131, 132, 134, 136, 138, 139, 140, 142], "excluded_lines": []}}}, "services/maximus_core_service/consciousness/florescimento/mirror_test.py": {"executed_lines": [1, 10, 12, 13, 14, 15, 16, 17, 19, 21, 23, 24, 25, 26, 27, 30, 31, 32, 33, 34, 35, 36, 37, 39, 49, 50, 51, 52, 53, 54, 55, 58, 59, 60, 61, 62, 63, 64, 65, 68, 69, 73, 74, 75, 77, 81, 99, 106, 111, 161, 201, 238], "summary": {"covered_lines": 46, "num_statements": 100, "percent_covered": 46.0, "percent_covered_display": "46", "missing_lines": 54, "excluded_lines": 0, "percent_statements_covered": 46.0, "percent_statements_covered_display": "46"}, "missing_lines": [42, 43, 45, 46, 78, 79, 84, 85, 86, 88, 101, 103, 104, 108, 109, 123, 124, 127, 132, 134, 135, 137, 140, 145, 148, 149, 151, 158, 159, 167, 170, 172, 173, 174, 175, 178, 181, 182, 183, 186, 187, 188, 189, 191, 198, 199, 203, 206, 216, 218, 225, 232, 239, 240], "excluded_lines": [], "functions": {"SystemSnapshot.compute_signature": {"executed_lines": [], "summary": {"covered_lines": 0, "num_statements": 4, "percent_covered": 0.0, "percent_covered_display": "0", "missing_lines": 4, "excluded_lines": 0, "percent_statements_covered": 0.0, "percent_statements_covered_display": "0"}, "missing_lines": [42, 43, 45, 46], "excluded_lines": []}, "MirrorTestValidator.__init__": {"executed_lines": [], "summary": {"covered_lines": 0, "num_statements": 2, "percent_covered": 0.0, "percent_covered_display": "0", "missing_lines": 2, "excluded_lines": 0, "percent_statements_covered": 0.0, "percent_statements_c
[...]
82, 84, 85, 87, 94, 96, 98, 99, 100, 107, 109, 110, 112, 113, 114, 118, 120, 121, 122, 123, 124, 128, 129, 130, 133, 135, 136, 138, 139, 140, 142, 144], "summary": {"covered_lines": 70, "num_statements": 70, "percent_covered": 100.0, "percent_covered_display": "100", "missing_lines": 0, "excluded_lines": 0, "percent_statements_covered": 100.0, "percent_statements_covered_display": "100"}, "missing_lines": [], "excluded_lines": [], "functions": {"mock_gemini": {"executed_lines": [20, 21, 22], "summary": {"covered_lines": 3, "num_statements": 3, "percent_covered": 100.0, "percent_covered_display": "100", "missing_lines": 0, "excluded_lines": 0, "percent_statements_covered": 100.0, "percent_statements_covered_display": "100"}, "missing_lines": [], "excluded_lines": []}, "mock_workspace": {"executed_lines": [26, 27, 28], "summary": {"covered_lines": 3, "num_statements": 3, "percent_covered": 100.0, "percent_covered_display": "100", "missing_lines": 0, "excluded_lines": 0, "percent_statements_covered": 100.0, "percent_statements_covered_display": "100"}, "missing_lines": [], "excluded_lines": []}, "thalamus": {"executed_lines": [32], "summary": {"covered_lines": 1, "num_statements": 1, "percent_covered": 100.0, "percent_covered_display": "100", "missing_lines": 0, "excluded_lines": 0, "percent_statements_covered": 100.0, "percent_statements_covered_display": "100"}, "missing_lines": [], "excluded_lines": []}, "basic_stimulus": {"executed_lines": [36], "summary": {"covered_lines": 1, "num_statements": 1, "percent_covered": 100.0, "percent_covered_display": "100", "missing_lines": 0, "excluded_lines": 0, "percent_statements_covered": 100.0, "percent_statements_covered_display": "100"}, "missing_lines": [], "excluded_lines": []}, "test_hard_rule_block_ads_focus": {"executed_lines": [47, 50, 52, 53, 54], "summary": {"covered_lines": 5, "num_statements": 5, "percent_covered": 100.0, "percent_covered_display": "100", "missing_lines": 0, "excluded_lines": 0, "percent_statements_covered": 100.0, "percent_statements_covered_display": "100"}, "missing_lines": [], "excluded_lines": []}, "test_filter_focus_high_urgency": {"executed_lines": [59, 66, 68], "summary": {"covered_lines": 3, "num_statements": 3, "percent_covered": 100.0, "percent_covered_display": "100", "missing_lines": 0, "excluded_lines": 0, "percent_statements_covered": 100.0, "percent_statements_covered_display": "100"}, "missing_lines": [], "excluded_lines": []}, "test_filter_focus_low_urgency": {"executed_lines": [73, 80, 82], "summary": {"covered_lines": 3, "num_statements": 3, "percent_covered": 100.0, "percent_covered_display": "100", "missing_lines": 0, "excluded_lines": 0, "percent_statements_covered": 100.0, "percent_statements_covered_display": "100"}, "missing_lines": [], "excluded_lines": []}, "test_filter_flow_medium_urgency": {"executed_lines": [87, 94, 96], "summary": {"covered_lines": 3, "num_statements": 3, "percent_covered": 100.0, "percent_covered_display": "100", "missing_lines": 0, "excluded_lines": 0, "percent_statements_covered": 100.0, "percent_statements_covered_display": "100"}, "missing_lines": [], "excluded_lines": []}, "test_filter_resting_high_dopamine": {"executed_lines": [100, 107, 109, 110], "summary": {"covered_lines": 4, "num_statements": 4, "percent_covered": 100.0, "percent_covered_display": "100", "missing_lines": 0, "excluded_lines": 0, "percent_statements_covered": 100.0, "percent_statements_covered_display": "100"}, "missing_lines": [], "excluded_lines": []}, "test_broadcast_decision": {"executed_lines": [114, 118, 120, 121, 122, 123, 124], "summary": {"covered_lines": 7, "num_statements": 7, "percent_covered": 100.0, "percent_covered_display": "100", "missing_lines": 0, "excluded_lines": 0, "percent_statements_covered": 100.0, "percent_statements_covered_display": "100"}, "missing_lines": [], "excluded_lines": []}, "test_analyze_stimulus_json_error": {"executed_lines": [130, 133, 135, 136], "summary": {"covered_lines": 4, "num_statements": 4, "percent_covered": 100.0, "percent_covered_display": "100", "missing_lines": 0, "excluded_lines": 0, "percent_statements_covered": 100.0, "percent_statements_covered_display": "100"}, "missing_lines": [], "excluded_lines": []}, "test_analyze_stimulus_api_error": {"executed_lines": [140, 142, 144], "summary": {"covered_lines": 3, "num_statements": 3, "percent_covered": 100.0, "percent_covered_display": "100", "missing_lines": 0, "excluded_lines": 0, "percent_statements_covered": 100.0, "percent_statements_covered_display": "100"}, "missing_lines": [], "excluded_lines": []}, "": {"executed_lines": [1, 6, 7, 8, 9, 11, 14, 18, 19, 24, 25, 30, 31, 34, 35, 45, 46, 56, 57, 70, 71, 84, 85, 98, 99, 112, 113, 128, 129, 138, 139], "summary": {"covered_lines": 30, "num_statements": 30, "percent_covered": 100.0, "percent_covered_display": "100", "missing_lines": 0, "excluded_lines": 0, "percent_statements_covered": 100.0, "percent_statements_covered_display": "100"}, "missing_lines": [], "excluded_lines": []}}, "classes": {"": {"executed_lines": [1, 6, 7, 8, 9, 11, 14, 18, 19, 20, 21, 22, 24, 25, 26, 27, 28, 30, 31, 32, 34, 35, 36, 45, 46, 47, 50, 52, 53, 54, 56, 57, 59, 66, 68, 70, 71, 73, 80, 82, 84, 85, 87, 94, 96, 98, 99, 100, 107, 109, 110, 112, 113, 114, 118, 120, 121, 122, 123, 124, 128, 129, 130, 133, 135, 136, 138, 139, 140, 142, 144], "summary": {"covered_lines": 70, "num_statements": 70, "percent_covered": 100.0, "percent_covered_display": "100", "missing_lines": 0, "excluded_lines": 0, "percent_statements_covered": 100.0, "percent_statements_covered_display": "100"}, "missing_lines": [], "excluded_lines": []}}}, "services/maximus_core_service/tests/exocortex/test_workspace_edge_cases.py": {"executed_lines": [1, 5, 6, 7, 9, 13, 14, 15, 17, 18, 20, 22, 23, 25, 26, 28, 30, 31, 33, 34, 36, 37, 39, 41, 42, 44, 45, 47, 48, 50, 51, 53, 54, 57, 58, 59, 61, 63, 64, 65], "summary": {"covered_lines": 39, "num_statements": 39, "percent_covered": 100.0, "percent_covered_display": "100", "missing_lines": 0, "excluded_lines": 0, "percent_statements_covered": 100.0, "percent_statements_covered_display": "100"}, "missing_lines": [], "excluded_lines": [], "functions": {"workspace": {"executed_lines": [15], "summary": {"covered_lines": 1, "num_statements": 1, "percent_covered": 100.0, "percent_covered_display": "100", "missing_lines": 0, "excluded_lines": 0, "percent_statements_covered": 100.0, "percent_statements_covered_display": "100"}, "missing_lines": [], "excluded_lines": []}, "test_broadcast_without_listeners": {"executed_lines": [20, 22, 23], "summary": {"covered_lines": 3, "num_statements": 3, "percent_covered": 100.0, "percent_covered_display": "100", "missing_lines": 0, "excluded_lines": 0, "percent_statements_covered": 100.0, "percent_statements_covered_display": "100"}, "missing_lines": [], "excluded_lines": []}, "test_subscribe_same_listener_multiple_events": {"executed_lines": [28, 30, 31, 33, 34, 36, 37, 39], "summary": {"covered_lines": 8, "num_statements": 8, "percent_covered": 100.0, "percent_covered_display": "100", "missing_lines": 0, "excluded_lines": 0, "percent_statements_covered": 100.0, "percent_statements_covered_display": "100"}, "missing_lines": [], "excluded_lines": []}, "test_broadcast_empty_payload": {"executed_lines": [44, 45, 47, 48, 50, 51], "summary": {"covered_lines": 6, "num_statements": 6, "percent_covered": 100.0, "percent_covered_display": "100", "missing_lines": 0, "excluded_lines": 0, "percent_statements_covered": 100.0, "percent_statements_covered_display": "100"}, "missing_lines": [], "excluded_lines": []}, "test_history_cap": {"executed_lines": [57, 58, 59, 61, 63, 64, 65], "summary": {"covered_lines": 7, "num_statements": 7, "percent_covered": 100.0, "percent_covered_display": "100", "missing_lines": 0, "excluded_lines": 0, "percent_statements_covered": 100.0, "percent_statements_covered_display": "100"}, "missing_lines": [], "excluded_lines": []}, "": {"executed_lines": [1, 5, 6, 7, 9, 13, 14, 17, 18, 25, 26, 41, 42, 53, 54], "summary": {"covered_lines": 14, "num_statements": 14, "percent_covered": 100.0, "percent_covered_display": "100", "missing_lines": 0, "excluded_lines": 0, "percent_statements_covered": 100.0, "percent_statements_covered_display": "100"}, "missing_lines": [], "excluded_lines": []}}, "classes": {"": {"executed_lines": [1, 5, 6, 7, 9, 13, 14, 15, 17, 18, 20, 22, 23, 25, 26, 28, 30, 31, 33, 34, 36, 37, 39, 41, 42, 44, 45, 47, 48, 50, 51, 53, 54, 57, 58, 59, 61, 63, 64, 65], "summary": {"covered_lines": 39, "num_statements": 39, "percent_covered": 100.0, "percent_covered_display": "100", "missing_lines": 0, "excluded_lines": 0, "percent_statements_covered": 100.0, "percent_statements_covered_display": "100"}, "missing_lines": [], "excluded_lines": []}}}, "services/maximus_core_service/utils/__init__.py": {"executed_lines": [1], "summary": {"covered_lines": 1, "num_statements": 1, "percent_covered": 100.0, "percent_covered_display": "100", "missing_lines": 0, "excluded_lines": 0, "percent_statements_covered": 100.0, "percent_statements_covered_display": "100"}, "missing_lines": [], "excluded_lines": [], "functions": {"": {"executed_lines": [1], "summary": {"covered_lines": 1, "num_statements": 1, "percent_covered": 100.0, "percent_covered_display": "100", "missing_lines": 0, "excluded_lines": 0, "percent_statements_covered": 100.0, "percent_statements_covered_display": "100"}, "missing_lines": [], "excluded_lines": []}}, "classes": {"": {"executed_lines": [1], "summary": {"covered_lines": 1, "num_statements": 1, "percent_covered": 100.0, "percent_covered_display": "100", "missing_lines": 0, "excluded_lines": 0, "percent_statements_covered": 100.0, "percent_statements_covered_display": "100"}, "missing_lines": [], "excluded_lines": []}}}, "services/maximus_core_service/utils/config.py": {"executed_lines": [1, 8, 9, 10, 12, 13, 14, 15, 16, 17, 18, 19, 20, 22, 23, 24, 26, 27, 29], "summary": {"covered_lines": 16, "num_statements": 16, "percent_covered": 100.0, "percent_covered_display": "100", "missing_lines": 0, "excluded_lines": 0, "percent_statements_covered": 100.0, "percent_statements_covered_display": "100"}, "missing_lines": [], "excluded_lines": [], "functions": {"get_settings": {"executed_lines": [29], "summary": {"covered_lines": 1, "num_statements": 1, "percent_covered": 100.0, "percent_covered_display": "100", "missing_lines": 0, "excluded_lines": 0, "percent_statements_covered": 100.0, "percent_statements_covered_display": "100"}, "missing_lines": [], "excluded_lines": []}, "": {"executed_lines": [1, 8, 9, 10, 12, 13, 14, 15, 16, 17, 18, 19, 20, 22, 23, 24, 26, 27], "summary": {"covered_lines": 15, "num_statements": 15, "percent_covered": 100.0, "percent_covered_display": "100", "missing_lines": 0, "excluded_lines": 0, "percent_statements_covered": 100.0, "percent_statements_covered_display": "100"}, "missing_lines": [], "excluded_lines": []}}, "classes": {"LLMSettings": {"executed_lines": [], "summary": {"covered_lines": 0, "num_statements": 0, "percent_covered": 100.0, "percent_covered_display": "100", "missing_lines": 0, "excluded_lines": 0, "percent_statements_covered": 100.0, "percent_statements_covered_display": "100"}, "missing_lines": [], "excluded_lines": []}, "Settings": {"executed_lines": [], "summary": {"covered_lines": 0, "num_statements": 0, "percent_covered": 100.0, "percent_covered_display": "100", "missing_lines": 0, "excluded_lines": 0, "percent_statements_covered": 100.0, "percent_statements_covered_display": "100"}, "missing_lines": [], "excluded_lines": []}, "": {"executed_lines": [1, 8, 9, 10, 12, 13, 14, 15, 16, 17, 18, 19, 20, 22, 23, 24, 26, 27, 29], "summary": {"covered_lines": 16, "num_statements": 16, "percent_covered": 100.0, "percent_covered_display": "100", "missing_lines": 0, "excluded_lines": 0, "percent_statements_covered": 100.0, "percent_statements_covered_display": "100"}, "missing_lines": [], "excluded_lines": []}}}, "services/maximus_core_service/utils/gemini_client.py": {"executed_lines": [1, 14, 16, 17, 18, 19, 21, 23, 25, 27, 28, 29, 40, 41, 42, 43, 44, 45, 48, 49, 52, 53, 57, 59, 66, 67, 71, 80, 82, 83, 84, 86, 88, 94, 101, 102, 107, 114, 119, 120, 125, 126, 127, 129, 131, 156, 157, 161, 166, 167, 172, 174, 175, 179, 180, 187, 188, 189, 190, 192, 194, 204, 205, 206, 210, 211, 212, 213, 214, 215, 217, 227, 228, 229, 231, 232, 233, 235, 236, 238, 239, 240, 241, 242, 243, 248, 255, 268, 269, 274, 275, 282, 283, 285], "summary": {"covered_lines": 90, "num_statements": 90, "percent_covered": 100.0, "percent_covered_display": "100", "missing_lines": 0, "excluded_lines": 0, "percent_statements_covered": 100.0, "percent_statements_covered_display": "100"}, "missing_lines": [], "excluded_lines": [], "functions": {"GeminiClient.__init__": {"executed_lines": [66, 67, 71, 80, 82, 83, 84], "summary": {"covered_lines": 7, "num_statements": 7, "percent_covered": 100.0, "percent_covered_display": "100", "missing_lines": 0, "excluded_lines": 0, "percent_statements_covered": 100.0, "percent_statements_covered_display": "100"}, "missing_lines": [], "excluded_lines": []}, "GeminiClient._log_boot_status": {"executed_lines": [88], "summary": {"covered_lines": 1, "num_statements": 1, "percent_covered": 100.0, "percent_covered_display": "100", "missing_lines": 0, "excluded_lines": 0, "percent_statements_covered": 100.0, "percent_statements_covered_display": "100"}, "missing_lines": [], "excluded_lines": []}, "GeminiClient._get_temporal_context": {"executed_lines": [101, 102], "summary": {"covered_lines": 2, "num_statements": 2, "percent_covered": 100.0, "percent_covered_display": "100", "missing_lines": 0, "excluded_lines": 0, "percent_statements_covered": 100.0, "percent_statements_covered_display": "100"}, "missing_lines": [], "excluded_lines": []}, "GeminiClient._build_generation_config": {"executed_lines": [114, 119, 120, 125, 126, 127, 129], "summary": {"covered_lines": 7, "num_statements": 7, "percent_covered": 100.0, "percent_covered_display": "100", "missing_lines": 0, "excluded_lines": 0, "percent_statements_covered": 100.0, "percent_statements_covered_display": "100"}, "missing_lines": [], "excluded_lines": []}, "GeminiClient.generate_text": {"executed_lines": [156, 157, 161, 166, 167, 172, 174, 175, 179, 180, 187, 188, 189, 190, 192], "summary": {"covered_lines": 15, "num_statements": 15, "percent_covered": 100.0, "percent_covered_display": "100", "missing_lines": 0, "excluded_lines": 0, "percent_statements_covered": 100.0, "percent_statements_covered_display": "100"}, "missing_lines": [], "excluded_lines": []}, "GeminiClient._convert_tools": {"executed_lines": [204, 205, 206, 210, 211, 212, 213, 214, 215], "summary": {"covered_lines": 9, "num_statements": 9, "percent_covered": 100.0, "percent_covered_display": "100", "missing_lines": 0, "excluded_lines": 0, "percent_statements_covered": 100.0, "percent_statements_covered_display": "100"}, "missing_lines": [], "excluded_lines": []}, "GeminiClient._parse_gemini_response": {"executed_lines": [227, 228, 229, 231, 232, 233, 235, 236, 238, 239, 240, 241, 242, 243, 248], "summary": {"covered_lines": 15, "num_statements": 15, "percent_covered": 100.0, "percent_covered_display": "100", "missing_lines": 0, "excluded_lines": 0, "percent_statements_covered": 100.0, "percent_statements_covered_display": "100"}, "missing_lines": [], "excluded_lines": []}, "GeminiClient.generate_embeddings": {"executed_lines": [268, 269, 274, 275, 282, 283, 285], "summary": {"covered_lines": 7, "num_statements": 7, "percent_covered": 100.0, "percent_covered_display": "100", "missing_lines": 0, "excluded_lines": 0, "percent_statements_covered": 100.0, "percent_statements_covered_display": "100"}, "missing_lines": [], "excluded_lines": []}, "": {"executed_lines": [1, 14, 16, 17, 18, 19, 21, 23, 25, 27, 28, 29, 40, 41, 42, 43, 44, 45, 48, 49, 52, 53, 57, 59, 86, 94, 107, 131, 194, 217, 255], "summary": {"covered_lines": 27, "num_statements": 27, "percent_covered": 100.0, "percent_covered_display": "100", "missing_lines": 0, "excluded_lines": 0, "percent_statements_covered": 100.0, "percent_statements_covered_display": "100"}, "missing_lines": [], "excluded_lines": []}}, "classes": {"GeminiConfig": {"executed_lines": [], "summary": {"covered_lines": 0, "num_statements": 0, "percent_covered": 100.0, "percent_covered_display": "100", "missing_lines": 0, "excluded_lines": 0, "percent_statements_covered": 100.0, "percent_statements_covered_display": "100"}, "missing_lines": [], "excluded_lines": []}, "GeminiError": {"executed_lines": [], "summary": {"covered_lines": 0, "num_statements": 0, "percent_covered": 100.0, "percent_covered_display": "100", "missing_lines": 0, "excluded_lines": 0, "percent_statements_covered": 100.0, "percent_statements_covered_display": "100"}, "missing_lines": [], "excluded_lines": []}, "GeminiClient": {"executed_lines": [66, 67, 71, 80, 82, 83, 84, 88, 101, 102, 114, 119, 120, 125, 126, 127, 129, 156, 157, 161, 166, 167, 172, 174, 175, 179, 180, 187, 188, 189, 190, 192, 204, 205, 206, 210, 211, 212, 213, 214, 215, 227, 228, 229, 231, 232, 233, 235, 236, 238, 239, 240, 241, 242, 243, 248, 268, 269, 274, 275, 282, 283, 285], "summary": {"covered_lines": 63, "num_statements": 63, "percent_covered": 100.0, "percent_covered_display": "100", "missing_lines": 0, "excluded_lines": 0, "percent_statements_covered": 100.0, "percent_statements_covered_display": "100"}, "missing_lines": [], "excluded_lines": []}, "": {"executed_lines": [1, 14, 16, 17, 18, 19, 21, 23, 25, 27, 28, 29, 40, 41, 42, 43, 44, 45, 48, 49, 52, 53, 57, 59, 86, 94, 107, 131, 194, 217, 255], "summary": {"covered_lines": 27, "num_statements": 27, "percent_covered": 100.0, "percent_covered_display": "100", "missing_lines": 0, "excluded_lines": 0, "percent_statements_covered": 100.0, "percent_statements_covered_display": "100"}, "missing_lines": [], "excluded_lines": []}}}, "services/maximus_core_service/utils/logging_config.py": {"executed_lines": [1, 8, 11, 12, 13, 15, 18, 50, 60], "summary": {"covered_lines": 8, "num_statements": 11, "percent_covered": 72.72727272727273, "percent_covered_display": "73", "missing_lines": 3, "excluded_lines": 0, "percent_statements_covered": 72.72727272727273, "percent_statements_covered_display": "73"}, "missing_lines": [25, 31, 43], "excluded_lines": [], "functions": {"setup_logging": {"executed_lines": [], "summary": {"covered_lines": 0, "num_statements": 3, "percent_covered": 0.0, "percent_covered_display": "0", "missing_lines": 3, "excluded_lines": 0, "percent_statements_covered": 0.0, "percent_statements_covered_display": "0"}, "missing_lines": [25, 31, 43], "excluded_lines": []}, "get_logger": {"executed_lines": [60], "summary": {"covered_lines": 1, "num_statements": 1, "percent_covered": 100.0, "percent_covered_display": "100", "missing_lines": 0, "excluded_lines": 0, "percent_statements_covered": 100.0, "percent_statements_covered_display": "100"}, "missing_lines": [], "excluded_lines": []}, "": {"executed_lines": [1, 8, 11, 12, 13, 15, 18, 50], "summary": {"covered_lines": 7, "num_statements": 7, "percent_covered": 100.0, "percent_covered_display": "100", "missing_lines": 0, "excluded_lines": 0, "percent_statements_covered": 100.0, "percent_statements_covered_display": "100"}, "missing_lines": [], "excluded_lines": []}}, "classes": {"": {"executed_lines": [1, 8, 11, 12, 13, 15, 18, 50, 60], "summary": {"covered_lines": 8, "num_statements": 11, "percent_covered": 72.72727272727273, "percent_covered_display": "73", "missing_lines": 3, "excluded_lines": 0, "percent_statements_covered": 72.72727272727273, "percent_statements_covered_display": "73"}, "missing_lines": [25, 31, 43], "excluded_lines": []}}}}, "totals": {"covered_lines": 3512, "num_statements": 5834, "percent_covered": 60.19883441892355, "percent_covered_display": "60", "missing_lines": 2322, "excluded_lines": 31, "percent_statements_covered": 60.19883441892355, "percent_statements_covered_display": "60"}}