{"meta": {"format": 3, "version": "7.10.7", "timestamp": "2025-12-04T15:55:13.131663", "branch_coverage": false, "show_contexts": false}, "files": {"__init__.py": {"executed_lines": [1, 10, 12, 14], "summary": {"covered_lines": 3, "num_statements": 3, "percent_covered": 100.0, "percent_covered_display": "100", "missing_lines": 0, "excluded_lines": 0}, "missing_lines": [], "excluded_lines": [], "functions": {"": {"executed_lines": [1, 10, 12, 14], "summary": {"covered_lines": 3, "num_statements": 3, "percent_covered": 100.0, "percent_covered_display": "100", "missing_lines": 0, "excluded_lines": 0}, "missing_lines": [], "excluded_lines": []}}, "classes": {"": {"executed_lines": [1, 10, 12, 14], "summary": {"covered_lines": 3, "num_statements": 3, "percent_covered": 100.0, "percent_covered_display": "100", "missing_lines": 0, "excluded_lines": 0}, "missing_lines": [], "excluded_lines": []}}}, "clients/__init__.py": {"executed_lines": [0], "summary": {"covered_lines": 0, "num_statements": 0, "percent_covered": 100.0, "percent_covered_display": "100", "missing_lines": 0, "excluded_lines": 0}, "missing_lines": [], "excluded_lines": [], "functions": {"": {"executed_lines": [], "summary": {"covered_lines": 0, "num_statements": 0, "percent_covered": 100.0, "percent_covered_display": "100", "missing_lines": 0, "excluded_lines": 0}, "missing_lines": [], "excluded_lines": []}}, "classes": {"": {"executed_lines": [], "summary": {"covered_lines": 0, "num_statements": 0, "percent_covered": 100.0, "percent_covered_display": "100", "missing_lines": 0, "excluded_lines": 0}, "missing_lines": [], "excluded_lines": []}}}, "clients/base_client.py": {"executed_lines": [1, 10, 12, 13, 15, 16, 23, 26, 27, 41, 54, 55, 56, 59, 64, 71, 93, 94, 102, 103, 106, 107, 109, 113, 135, 136, 144, 145, 148, 149, 151, 155, 175, 176, 177, 179, 191, 196, 198, 200, 202, 204], "summary": {"covered_lines": 40, "num_statements": 49, "percent_covered": 81.63265306122449, "percent_covered_display": "82", "missing_lines": 9, "excluded_lines": 0}, "missing_lines": [110, 111, 152, 153, 185, 186, 187, 188, 189], "excluded_lines": [], "functions": {"BaseHTTPClient.__init__": {"executed_lines": [54, 55, 56, 59, 64], "summary": {"covered_lines": 5, "num_statements": 5, "percent_covered": 100.0, "percent_covered_display": "100", "missing_lines": 0, "excluded_lines": 0}, "missing_lines": [], "excluded_lines": []}, "BaseHTTPClient.get": {"executed_lines": [93, 94, 102, 103, 106, 107, 109], "summary": {"covered_lines": 7, "num_statements": 9, "percent_covered": 77.77777777777777, "percent_covered_display": "78", "missing_lines": 2, "excluded_lines": 0}, "missing_lines": [110, 111], "excluded_lines": []}, "BaseHTTPClient.post": {"executed_lines": [135, 136, 144, 145, 148, 149, 151], "summary": {"covered_lines": 7, "num_statements": 9, "percent_covered": 77.77777777777777, "percent_covered_display": "78", "missing_lines": 2, "excluded_lines": 0}, "missing_lines": [152, 153], "excluded_lines": []}, "BaseHTTPClient.delete": {"executed_lines": [175, 176, 177], "summary": {"covered_lines": 3, "num_statements": 3, "percent_covered": 100.0, "percent_covered_display": "100", "missing_lines": 0, "excluded_lines": 0}, "missing_lines": [], "excluded_lines": []}, "BaseHTTPClient.health_check": {"executed_lines": [], "summary": {"covered_lines": 0, "num_statements": 5, "percent_covered": 0.0, "percent_covered_display": "0", "missing_lines": 5, "excluded_lines": 0}, "missing_lines": [185, 186, 187, 188, 189], "excluded_lines": []}, "BaseHTTPClient.close": {"executed_lines": [196], "summary": {"covered_lines": 1, "num_statements": 1, "percent_covered": 100.0, "percent_covered_display": "100", "missing_lines": 0, "excluded_lines": 0}, "missing_lines": [], "excluded_lines": []}, "BaseHTTPClient.__aenter__": {"executed_lines": [200], "summary": {"covered_lines": 1, "num_statements": 1, "percent_covered": 100.0, "percent_covered_display": "100", "missing_lines": 0, "excluded_lines": 0}, "missing_lines": [], "excluded_lines": []}, "BaseHTTPClient.__aexit__": {"executed_lines": [204], "summary": {"covered_lines": 1, "num_statements": 1, "percent_covered": 100.0, "percent_covered_display": "100", "missing_lines": 0, "excluded_lines": 0}, "missing_lines": [], "excluded_lines": []}, "": {"executed_lines": [1, 10, 12, 13, 15, 16, 23, 26, 27, 41, 71, 113, 155, 179, 191, 198, 202], "summary": {"covered_lines": 15, "num_statements": 15, "percent_covered": 100.0, "percent_covered_display": "100", "missing_lines": 0, "excluded_lines": 0}, "missing_lines": [], "excluded_lines": []}}, "classes": {"BaseHTTPClient": {"executed_lines": [54, 55, 56, 59, 64, 93, 94, 102, 103, 106, 107, 109, 135, 136, 144, 145, 148, 149, 151, 175, 176, 177, 196, 200, 204], "summary": {"covered_lines": 25, "num_statements": 34, "percent_covered": 73.52941176470588, "percent_covered_display": "74", "missing_lines": 9, "excluded_lines": 0}, "missing_lines": [110, 111, 152, 153, 185, 186, 187, 188, 189], "excluded_lines": []}, "": {"executed_lines": [1, 10, 12, 13, 15, 16, 23, 26, 27, 41, 71, 113, 155, 179, 191, 198, 202], "summary": {"covered_lines": 15, "num_statements": 15, "percent_covered": 100.0, "percent_covered_display": "100", "missing_lines": 0, "excluded_lines": 0}, "missing_lines": [], "excluded_lines": []}}}, "clients/factory_client.py": {"executed_lines": [1, 10, 12, 14, 15, 18, 19, 30, 36, 37, 39, 59, 60, 61, 63, 80, 83, 85, 91, 92, 94, 106, 115, 116, 118, 127, 129], "summary": {"covered_lines": 25, "num_statements": 29, "percent_covered": 86.20689655172414, "percent_covered_display": "86", "missing_lines": 4, "excluded_lines": 0}, "missing_lines": [103, 104, 124, 125], "excluded_lines": [], "functions": {"FactoryClient.__init__": {"executed_lines": [36, 37], "summary": {"covered_lines": 2, "num_statements": 2, "percent_covered": 100.0, "percent_covered_display": "100", "missing_lines": 0, "excluded_lines": 0}, "missing_lines": [], "excluded_lines": []}, "FactoryClient.generate_tool": {"executed_lines": [59, 60, 61], "summary": {"covered_lines": 3, "num_statements": 3, "percent_covered": 100.0, "percent_covered_display": "100", "missing_lines": 0, "excluded_lines": 0}, "missing_lines": [], "excluded_lines": []}, "FactoryClient.execute_tool": {"executed_lines": [80, 83], "summary": {"covered_lines": 2, "num_statements": 2, "percent_covered": 100.0, "percent_covered_display": "100", "missing_lines": 0, "excluded_lines": 0}, "missing_lines": [], "excluded_lines": []}, "FactoryClient.list_tools": {"executed_lines": [91, 92], "summary": {"covered_lines": 2, "num_statements": 2, "percent_covered": 100.0, "percent_covered_display": "100", "missing_lines": 0, "excluded_lines": 0}, "missing_lines": [], "excluded_lines": []}, "FactoryClient.get_tool": {"executed_lines": [], "summary": {"covered_lines": 0, "num_statements": 2, "percent_covered": 0.0, "percent_covered_display": "0", "missing_lines": 2, "excluded_lines": 0}, "missing_lines": [103, 104], "excluded_lines": []}, "FactoryClient.delete_tool": {"executed_lines": [115, 116], "summary": {"covered_lines": 2, "num_statements": 2, "percent_covered": 100.0, "percent_covered_display": "100", "missing_lines": 0, "excluded_lines": 0}, "missing_lines": [], "excluded_lines": []}, "FactoryClient.get_stats": {"executed_lines": [], "summary": {"covered_lines": 0, "num_statements": 2, "percent_covered": 0.0, "percent_covered_display": "0", "missing_lines": 2, "excluded_lines": 0}, "missing_lines": [124, 125], "excluded_lines": []}, "FactoryClient.close": {"executed_lines": [129], "summary": {"covered_lines": 1, "num_statements": 1, "percent_covered": 100.0, "percent_covered_display": "100", "missing_lines": 0, "excluded_lines": 0}, "missing_lines": [], "excluded_lines": []}, "": {"executed_lines": [1, 10, 12, 14, 15, 18, 19, 30, 39, 63, 85, 94, 106, 118, 127], "summary": {"covered_lines": 13, "num_statements": 13, "percent_covered": 100.0, "percent_covered_display": "100", "missing_lines": 0, "excluded_lines": 0}, "missing_lines": [], "excluded_lines": []}}, "classes": {"FactoryClient": {"executed_lines": [36, 37, 59, 60, 61, 80, 83, 91, 92, 115, 116, 129], "summary": {"covered_lines": 12, "num_statements": 16, "percent_covered": 75.0, "percent_covered_display": "75", "missing_lines": 4, "excluded_lines": 0}, "missing_lines": [103, 104, 124, 125], "excluded_lines": []}, "": {"executed_lines": [1, 10, 12, 14, 15, 18, 19, 30, 39, 63, 85, 94, 106, 118, 127], "summary": {"covered_lines": 13, "num_statements": 13, "percent_covered": 100.0, "percent_covered_display": "100", "missing_lines": 0, "excluded_lines": 0}, "missing_lines": [], "excluded_lines": []}}}, "clients/memory_client.py": {"executed_lines": [1, 10, 12, 14, 15, 18, 19, 29, 35, 36, 38, 64, 70, 71, 73, 94, 95, 96, 98, 99, 101, 116, 117, 118, 120, 136, 137, 138, 140, 149, 151], "summary": {"covered_lines": 29, "num_statements": 31, "percent_covered": 93.54838709677419, "percent_covered_display": "94", "missing_lines": 2, "excluded_lines": 0}, "missing_lines": [146, 147], "excluded_lines": [], "functions": {"MemoryClient.__init__": {"executed_lines": [35, 36], "summary": {"covered_lines": 2, "num_statements": 2, "percent_covered": 100.0, "percent_covered_display": "100", "missing_lines": 0, "excluded_lines": 0}, "missing_lines": [], "excluded_lines": []}, "MemoryClient.store": {"executed_lines": [64, 70, 71], "summary": {"covered_lines": 3, "num_statements": 3, "percent_covered": 100.0, "percent_covered_display": "100", "missing_lines": 0, "excluded_lines": 0}, "missing_lines": [], "excluded_lines": []}, "MemoryClient.search": {"executed_lines": [94, 95, 96, 98, 99], "summary": {"covered_lines": 5, "num_statements": 5, "percent_covered": 100.0, "percent_covered_display": "100", "missing_lines": 0, "excluded_lines": 0}, "missing_lines": [], "excluded_lines": []}, "MemoryClient.get_context_for_task": {"executed_lines": [116, 117, 118], "summary": {"covered_lines": 3, "num_statements": 3, "percent_covered": 100.0, "percent_covered_display": "100", "missing_lines": 0, "excluded_lines": 0}, "missing_lines": [], "excluded_lines": []}, "MemoryClient.consolidate_to_vault": {"executed_lines": [136, 137, 138], "summary": {"covered_lines": 3, "num_statements": 3, "percent_covered": 100.0, "percent_covered_display": "100", "missing_lines": 0, "excluded_lines": 0}, "missing_lines": [], "excluded_lines": []}, "MemoryClient.get_stats": {"executed_lines": [], "summary": {"covered_lines": 0, "num_statements": 2, "percent_covered": 0.0, "percent_covered_display": "0", "missing_lines": 2, "excluded_lines": 0}, "missing_lines": [146, 147], "excluded_lines": []}, "MemoryClient.close": {"executed_lines": [151], "summary": {"covered_lines": 1, "num_statements": 1, "percent_covered": 100.0, "percent_covered_display": "100", "missing_lines": 0, "excluded_lines": 0}, "missing_lines": [], "excluded_lines": []}, "": {"executed_lines": [1, 10, 12, 14, 15, 18, 19, 29, 38, 73, 101, 120, 140, 149], "summary": {"covered_lines": 12, "num_statements": 12, "percent_covered": 100.0, "percent_covered_display": "100", "missing_lines": 0, "excluded_lines": 0}, "missing_lines": [], "excluded_lines": []}}, "classes": {"MemoryClient": {"executed_lines": [35, 36, 64, 70, 71, 94, 95, 96, 98, 99, 116, 117, 118, 136, 137, 138, 151], "summary": {"covered_lines": 17, "num_statements": 19, "percent_covered": 89.47368421052632, "percent_covered_display": "89", "missing_lines": 2, "excluded_lines": 0}, "missing_lines": [146, 147], "excluded_lines": []}, "": {"executed_lines": [1, 10, 12, 14, 15, 18, 19, 29, 38, 73, 101, 120, 140, 149], "summary": {"covered_lines": 12, "num_statements": 12, "percent_covered": 100.0, "percent_covered_display": "100", "missing_lines": 0, "excluded_lines": 0}, "missing_lines": [], "excluded_lines": []}}}, "clients/tribunal_client.py": {"executed_lines": [1, 10, 12, 14, 15, 18, 19, 30, 36, 37, 39, 62, 71, 80, 82], "summary": {"covered_lines": 13, "num_statements": 22, "percent_covered": 59.09090909090909, "percent_covered_display": "59", "missing_lines": 9, "excluded_lines": 0}, "missing_lines": [55, 56, 57, 59, 60, 68, 69, 77, 78], "excluded_lines": [], "functions": {"TribunalClient.__init__": {"executed_lines": [36, 37], "summary": {"covered_lines": 2, "num_statements": 2, "percent_covered": 100.0, "percent_covered_display": "100", "missing_lines": 0, "excluded_lines": 0}, "missing_lines": [], "excluded_lines": []}, "TribunalClient.evaluate": {"executed_lines": [], "summary": {"covered_lines": 0, "num_statements": 5, "percent_covered": 0.0, "percent_covered_display": "0", "missing_lines": 5, "excluded_lines": 0}, "missing_lines": [55, 56, 57, 59, 60], "excluded_lines": []}, "TribunalClient.get_health": {"executed_lines": [], "summary": {"covered_lines": 0, "num_statements": 2, "percent_covered": 0.0, "percent_covered_display": "0", "missing_lines": 2, "excluded_lines": 0}, "missing_lines": [68, 69], "excluded_lines": []}, "TribunalClient.get_stats": {"executed_lines": [], "summary": {"covered_lines": 0, "num_statements": 2, "percent_covered": 0.0, "percent_covered_display": "0", "missing_lines": 2, "excluded_lines": 0}, "missing_lines": [77, 78], "excluded_lines": []}, "TribunalClient.close": {"executed_lines": [82], "summary": {"covered_lines": 1, "num_statements": 1, "percent_covered": 100.0, "percent_covered_display": "100", "missing_lines": 0, "excluded_lines": 0}, "missing_lines": [], "excluded_lines": []}, "": {"executed_lines": [1, 10, 12, 14, 15, 18, 19, 30, 39, 62, 71, 80], "summary": {"covered_lines": 10, "num_statements": 10, "percent_covered": 100.0, "percent_covered_display": "100", "missing_lines": 0, "excluded_lines": 0}, "missing_lines": [], "excluded_lines": []}}, "classes": {"TribunalClient": {"executed_lines": [36, 37, 82], "summary": {"covered_lines": 3, "num_statements": 12, "percent_covered": 25.0, "percent_covered_display": "25", "missing_lines": 9, "excluded_lines": 0}, "missing_lines": [55, 56, 57, 59, 60, 68, 69, 77, 78], "excluded_lines": []}, "": {"executed_lines": [1, 10, 12, 14, 15, 18, 19, 30, 39, 62, 71, 80], "summary": {"covered_lines": 10, "num_statements": 10, "percent_covered": 100.0, "percent_covered_display": "100", "missing_lines": 0, "excluded_lines": 0}, "missing_lines": [], "excluded_lines": []}}}, "config.py": {"executed_lines": [1, 10, 12, 14, 15, 18, 19, 51, 52, 53, 56, 60, 64, 68, 74, 80, 88, 94, 100, 106, 110, 114, 120, 126, 132, 139, 140, 141, 143, 144, 145, 146, 147, 149, 150, 152, 153, 154, 155, 158, 169], "summary": {"covered_lines": 38, "num_statements": 38, "percent_covered": 100.0, "percent_covered_display": "100", "missing_lines": 0, "excluded_lines": 0}, "missing_lines": [], "excluded_lines": [], "functions": {"MCPServerConfig.validate_log_level": {"executed_lines": [143, 144, 145, 146, 147], "summary": {"covered_lines": 5, "num_statements": 5, "percent_covered": 100.0, "percent_covered_display": "100", "missing_lines": 0, "excluded_lines": 0}, "missing_lines": [], "excluded_lines": []}, "get_config": {"executed_lines": [169], "summary": {"covered_lines": 1, "num_statements": 1, "percent_covered": 100.0, "percent_covered_display": "100", "missing_lines": 0, "excluded_lines": 0}, "missing_lines": [], "excluded_lines": []}, "": {"executed_lines": [1, 10, 12, 14, 15, 18, 19, 51, 52, 53, 56, 60, 64, 68, 74, 80, 88, 94, 100, 106, 110, 114, 120, 126, 132, 139, 140, 141, 149, 150, 152, 153, 154, 155, 158], "summary": {"covered_lines": 32, "num_statements": 32, "percent_covered": 100.0, "percent_covered_display": "100", "missing_lines": 0, "excluded_lines": 0}, "missing_lines": [], "excluded_lines": []}}, "classes": {"MCPServerConfig": {"executed_lines": [143, 144, 145, 146, 147], "summary": {"covered_lines": 5, "num_statements": 5, "percent_covered": 100.0, "percent_covered_display": "100", "missing_lines": 0, "excluded_lines": 0}, "missing_lines": [], "excluded_lines": []}, "MCPServerConfig.Config": {"executed_lines": [], "summary": {"covered_lines": 0, "num_statements": 0, "percent_covered": 100.0, "percent_covered_display": "100", "missing_lines": 0, "excluded_lines": 0}, "missing_lines": [], "excluded_lines": []}, "": {"executed_lines": [1, 10, 12, 14, 15, 18, 19, 51, 52, 53, 56, 60, 64, 68, 74, 80, 88, 94, 100, 106, 110, 114, 120, 126, 132, 139, 140, 141, 149, 150, 152, 153, 154, 155, 158, 169], "summary": {"covered_lines": 33, "num_statements": 33, "percent_covered": 100.0, "percent_covered_display": "100", "missing_lines": 0, "excluded_lines": 0}, "missing_lines": [], "excluded_lines": []}}}, "main.py": {"executed_lines": [1, 10, 12, 14, 15, 17, 18, 21, 22, 25, 26, 43, 51, 55, 56, 62, 65, 66, 72, 74, 112, 113, 140], "summary": {"covered_lines": 22, "num_statements": 29, "percent_covered": 75.86206896551724, "percent_covered_display": "76", "missing_lines": 7, "excluded_lines": 0}, "missing_lines": [31, 36, 39, 123, 130, 141, 143], "excluded_lines": [], "functions": {"lifespan": {"executed_lines": [], "summary": {"covered_lines": 0, "num_statements": 3, "percent_covered": 0.0, "percent_covered_display": "0", "missing_lines": 3, "excluded_lines": 0}, "missing_lines": [31, 36, 39], "excluded_lines": []}, "health": {"executed_lines": [62], "summary": {"covered_lines": 1, "num_statements": 1, "percent_covered": 100.0, "percent_covered_display": "100", "missing_lines": 0, "excluded_lines": 0}, "missing_lines": [], "excluded_lines": []}, "metrics": {"executed_lines": [72, 74], "summary": {"covered_lines": 2, "num_statements": 2, "percent_covered": 100.0, "percent_covered_display": "100", "missing_lines": 0, "excluded_lines": 0}, "missing_lines": [], "excluded_lines": []}, "global_exception_handler": {"executed_lines": [], "summary": {"covered_lines": 0, "num_statements": 2, "percent_covered": 0.0, "percent_covered_display": "0", "missing_lines": 2, "excluded_lines": 0}, "missing_lines": [123, 130], "excluded_lines": []}, "": {"executed_lines": [1, 10, 12, 14, 15, 17, 18, 21, 22, 25, 26, 43, 51, 55, 56, 65, 66, 112, 113, 140], "summary": {"covered_lines": 19, "num_statements": 21, "percent_covered": 90.47619047619048, "percent_covered_display": "90", "missing_lines": 2, "excluded_lines": 0}, "missing_lines": [141, 143], "excluded_lines": []}}, "classes": {"": {"executed_lines": [1, 10, 12, 14, 15, 17, 18, 21, 22, 25, 26, 43, 51, 55, 56, 62, 65, 66, 72, 74, 112, 113, 140], "summary": {"covered_lines": 22, "num_statements": 29, "percent_covered": 75.86206896551724, "percent_covered_display": "76", "missing_lines": 7, "excluded_lines": 0}, "missing_lines": [31, 36, 39, 123, 130, 141, 143], "excluded_lines": []}}}, "middleware/__init__.py": {"executed_lines": [0], "summary": {"covered_lines": 0, "num_statements": 0, "percent_covered": 100.0, "percent_covered_display": "100", "missing_lines": 0, "excluded_lines": 0}, "missing_lines": [], "excluded_lines": [], "functions": {"": {"executed_lines": [], "summary": {"covered_lines": 0, "num_statements": 0, "percent_covered": 100.0, "percent_covered_display": "100", "missing_lines": 0, "excluded_lines": 0}, "missing_lines": [], "excluded_lines": []}}, "classes": {"": {"executed_lines": [], "summary": {"covered_lines": 0, "num_statements": 0, "percent_covered": 100.0, "percent_covered_display": "100", "missing_lines": 0, "excluded_lines": 0}, "missing_lines": [], "excluded_lines": []}}}, "middleware/circuit_breaker.py": {"executed_lines": [1, 10, 12, 13, 15, 17, 20, 23, 39, 40, 45, 48, 69, 70, 71, 73, 74, 75, 77, 80, 82, 89, 93, 95, 96, 100, 106, 108, 111, 112, 114, 117, 128, 138, 148], "summary": {"covered_lines": 33, "num_statements": 39, "percent_covered": 84.61538461538461, "percent_covered_display": "85", "missing_lines": 6, "excluded_lines": 0}, "missing_lines": [91, 98, 99, 102, 143, 144], "excluded_lines": [], "functions": {"get_circuit_breaker": {"executed_lines": [39, 40, 45], "summary": {"covered_lines": 3, "num_statements": 3, "percent_covered": 100.0, "percent_covered_display": "100", "missing_lines": 0, "excluded_lines": 0}, "missing_lines": [], "excluded_lines": []}, "with_circuit_breaker": {"executed_lines": [69, 70, 108], "summary": {"covered_lines": 3, "num_statements": 3, "percent_covered": 100.0, "percent_covered_display": "100", "missing_lines": 0, "excluded_lines": 0}, "missing_lines": [], "excluded_lines": []}, "with_circuit_breaker.decorator": {"executed_lines": [71, 106], "summary": {"covered_lines": 2, "num_statements": 2, "percent_covered": 100.0, "percent_covered_display": "100", "missing_lines": 0, "excluded_lines": 0}, "missing_lines": [], "excluded_lines": []}, "with_circuit_breaker.decorator.wrapper": {"executed_lines": [73, 74, 75, 77, 80, 82, 89, 93, 95, 96, 100], "summary": {"covered_lines": 11, "num_statements": 15, "percent_covered": 73.33333333333333, "percent_covered_display": "73", "missing_lines": 4, "excluded_lines": 0}, "missing_lines": [91, 98, 99, 102], "excluded_lines": []}, "get_breaker_stats": {"executed_lines": [128], "summary": {"covered_lines": 1, "num_statements": 1, "percent_covered": 100.0, "percent_covered_display": "100", "missing_lines": 0, "excluded_lines": 0}, "missing_lines": [], "excluded_lines": []}, "reset_all_breakers": {"executed_lines": [], "summary": {"covered_lines": 0, "num_statements": 2, "percent_covered": 0.0, "percent_covered_display": "0", "missing_lines": 2, "excluded_lines": 0}, "missing_lines": [143, 144], "excluded_lines": []}, "": {"executed_lines": [1, 10, 12, 13, 15, 17, 20, 23, 48, 111, 112, 114, 117, 138, 148], "summary": {"covered_lines": 13, "num_statements": 13, "percent_covered": 100.0, "percent_covered_display": "100", "missing_lines": 0, "excluded_lines": 0}, "missing_lines": [], "excluded_lines": []}}, "classes": {"ServiceUnavailableError": {"executed_lines": [], "summary": {"covered_lines": 0, "num_statements": 0, "percent_covered": 100.0, "percent_covered_display": "100", "missing_lines": 0, "excluded_lines": 0}, "missing_lines": [], "excluded_lines": []}, "": {"executed_lines": [1, 10, 12, 13, 15, 17, 20, 23, 39, 40, 45, 48, 69, 70, 71, 73, 74, 75, 77, 80, 82, 89, 93, 95, 96, 100, 106, 108, 111, 112, 114, 117, 128, 138, 148], "summary": {"covered_lines": 33, "num_statements": 39, "percent_covered": 84.61538461538461, "percent_covered_display": "85", "missing_lines": 6, "excluded_lines": 0}, "missing_lines": [91, 98, 99, 102, 143, 144], "excluded_lines": []}}}, "middleware/rate_limiter.py": {"executed_lines": [1, 10, 12, 13, 15, 18, 19, 34, 41, 42, 43, 44, 46, 48, 49, 52, 55, 57, 66, 68, 69, 70, 71, 73, 79, 80, 83, 84, 95, 101, 102, 106, 108, 117, 118, 122, 124, 140, 141, 143, 159, 170, 179, 197, 198, 200, 204], "summary": {"covered_lines": 43, "num_statements": 53, "percent_covered": 81.13207547169812, "percent_covered_display": "81", "missing_lines": 10, "excluded_lines": 2}, "missing_lines": [156, 157, 185, 186, 187, 188, 189, 192, 193, 194], "excluded_lines": [19, 84], "functions": {"TokenBucket.__init__": {"executed_lines": [41, 42, 43, 44], "summary": {"covered_lines": 4, "num_statements": 4, "percent_covered": 100.0, "percent_covered_display": "100", "missing_lines": 0, "excluded_lines": 0}, "missing_lines": [], "excluded_lines": []}, "TokenBucket._refill": {"executed_lines": [48, 49, 52, 55], "summary": {"covered_lines": 4, "num_statements": 4, "percent_covered": 100.0, "percent_covered_display": "100", "missing_lines": 0, "excluded_lines": 0}, "missing_lines": [], "excluded_lines": []}, "TokenBucket.consume": {"executed_lines": [66, 68, 69, 70, 71], "summary": {"covered_lines": 5, "num_statements": 5, "percent_covered": 100.0, "percent_covered_display": "100", "missing_lines": 0, "excluded_lines": 0}, "missing_lines": [], "excluded_lines": []}, "TokenBucket.peek": {"executed_lines": [79, 80], "summary": {"covered_lines": 2, "num_statements": 2, "percent_covered": 100.0, "percent_covered_display": "100", "missing_lines": 0, "excluded_lines": 0}, "missing_lines": [], "excluded_lines": []}, "RateLimiter.__init__": {"executed_lines": [101, 102, 106], "summary": {"covered_lines": 3, "num_statements": 3, "percent_covered": 100.0, "percent_covered_display": "100", "missing_lines": 0, "excluded_lines": 0}, "missing_lines": [], "excluded_lines": []}, "RateLimiter._get_bucket": {"executed_lines": [117, 118, 122], "summary": {"covered_lines": 3, "num_statements": 3, "percent_covered": 100.0, "percent_covered_display": "100", "missing_lines": 0, "excluded_lines": 0}, "missing_lines": [], "excluded_lines": []}, "RateLimiter.allow": {"executed_lines": [140, 141], "summary": {"covered_lines": 2, "num_statements": 2, "percent_covered": 100.0, "percent_covered_display": "100", "missing_lines": 0, "excluded_lines": 0}, "missing_lines": [], "excluded_lines": []}, "RateLimiter.get_remaining": {"executed_lines": [], "summary": {"covered_lines": 0, "num_statements": 2, "percent_covered": 0.0, "percent_covered_display": "0", "missing_lines": 2, "excluded_lines": 0}, "missing_lines": [156, 157], "excluded_lines": []}, "RateLimiter.get_stats": {"executed_lines": [170], "summary": {"covered_lines": 1, "num_statements": 1, "percent_covered": 100.0, "percent_covered_display": "100", "missing_lines": 0, "excluded_lines": 0}, "missing_lines": [], "excluded_lines": []}, "RateLimiter.reset": {"executed_lines": [], "summary": {"covered_lines": 0, "num_statements": 8, "percent_covered": 0.0, "percent_covered_display": "0", "missing_lines": 8, "excluded_lines": 0}, "missing_lines": [185, 186, 187, 188, 189, 192, 193, 194], "excluded_lines": []}, "": {"executed_lines": [1, 10, 12, 13, 15, 18, 19, 34, 46, 57, 73, 83, 84, 95, 108, 124, 143, 159, 179, 197, 198, 200, 204], "summary": {"covered_lines": 19, "num_statements": 19, "percent_covered": 100.0, "percent_covered_display": "100", "missing_lines": 0, "excluded_lines": 2}, "missing_lines": [], "excluded_lines": [19, 84]}}, "classes": {"TokenBucket": {"executed_lines": [41, 42, 43, 44, 48, 49, 52, 55, 66, 68, 69, 70, 71, 79, 80], "summary": {"covered_lines": 15, "num_statements": 15, "percent_covered": 100.0, "percent_covered_display": "100", "missing_lines": 0, "excluded_lines": 0}, "missing_lines": [], "excluded_lines": []}, "RateLimiter": {"executed_lines": [101, 102, 106, 117, 118, 122, 140, 141, 170], "summary": {"covered_lines": 9, "num_statements": 19, "percent_covered": 47.36842105263158, "percent_covered_display": "47", "missing_lines": 10, "excluded_lines": 0}, "missing_lines": [156, 157, 185, 186, 187, 188, 189, 192, 193, 194], "excluded_lines": []}, "RateLimitExceededError": {"executed_lines": [], "summary": {"covered_lines": 0, "num_statements": 0, "percent_covered": 100.0, "percent_covered_display": "100", "missing_lines": 0, "excluded_lines": 0}, "missing_lines": [], "excluded_lines": []}, "": {"executed_lines": [1, 10, 12, 13, 15, 18, 19, 34, 46, 57, 73, 83, 84, 95, 108, 124, 143, 159, 179, 197, 198, 200, 204], "summary": {"covered_lines": 19, "num_statements": 19, "percent_covered": 100.0, "percent_covered_display": "100", "missing_lines": 0, "excluded_lines": 2}, "missing_lines": [], "excluded_lines": [19, 84]}}}, "middleware/structured_logger.py": {"executed_lines": [1, 10, 12, 13, 14, 15, 16, 18, 19, 20, 23, 24, 39, 46, 47, 48, 51, 52, 53, 55, 70, 76, 77, 79, 85, 89, 91, 97, 103, 110, 111, 113, 122, 129, 130, 131, 132, 135, 136, 161, 163, 166, 167, 178, 185, 186, 188, 199, 202, 205, 206, 215, 216, 219, 220, 228, 230], "summary": {"covered_lines": 53, "num_statements": 61, "percent_covered": 86.88524590163935, "percent_covered_display": "87", "missing_lines": 8, "excluded_lines": 0}, "missing_lines": [83, 95, 101, 107, 232, 234, 235, 242], "excluded_lines": [], "functions": {"StructuredLogger.__init__": {"executed_lines": [46, 47, 48, 51, 52, 53], "summary": {"covered_lines": 6, "num_statements": 6, "percent_covered": 100.0, "percent_covered_display": "100", "missing_lines": 0, "excluded_lines": 0}, "missing_lines": [], "excluded_lines": []}, "StructuredLogger._log": {"executed_lines": [70, 76, 77], "summary": {"covered_lines": 3, "num_statements": 3, "percent_covered": 100.0, "percent_covered_display": "100", "missing_lines": 0, "excluded_lines": 0}, "missing_lines": [], "excluded_lines": []}, "StructuredLogger.debug": {"executed_lines": [], "summary": {"covered_lines": 0, "num_statements": 1, "percent_covered": 0.0, "percent_covered_display": "0", "missing_lines": 1, "excluded_lines": 0}, "missing_lines": [83], "excluded_lines": []}, "StructuredLogger.info": {"executed_lines": [89], "summary": {"covered_lines": 1, "num_statements": 1, "percent_covered": 100.0, "percent_covered_display": "100", "missing_lines": 0, "excluded_lines": 0}, "missing_lines": [], "excluded_lines": []}, "StructuredLogger.warning": {"executed_lines": [], "summary": {"covered_lines": 0, "num_statements": 1, "percent_covered": 0.0, "percent_covered_display": "0", "missing_lines": 1, "excluded_lines": 0}, "missing_lines": [95], "excluded_lines": []}, "StructuredLogger.error": {"executed_lines": [], "summary": {"covered_lines": 0, "num_statements": 1, "percent_covered": 0.0, "percent_covered_display": "0", "missing_lines": 1, "excluded_lines": 0}, "missing_lines": [101], "excluded_lines": []}, "StructuredLogger.critical": {"executed_lines": [], "summary": {"covered_lines": 0, "num_statements": 1, "percent_covered": 0.0, "percent_covered_display": "0", "missing_lines": 1, "excluded_lines": 0}, "missing_lines": [107], "excluded_lines": []}, "JSONFormatter.format": {"executed_lines": [122, 129, 130, 131, 132, 135, 136, 161, 163], "summary": {"covered_lines": 9, "num_statements": 9, "percent_covered": 100.0, "percent_covered_display": "100", "missing_lines": 0, "excluded_lines": 0}, "missing_lines": [], "excluded_lines": []}, "LoggingMiddleware.__init__": {"executed_lines": [185, 186], "summary": {"covered_lines": 2, "num_statements": 2, "percent_covered": 100.0, "percent_covered_display": "100", "missing_lines": 0, "excluded_lines": 0}, "missing_lines": [], "excluded_lines": []}, "LoggingMiddleware.dispatch": {"executed_lines": [199, 202, 205, 206, 215, 216, 219, 220, 228, 230], "summary": {"covered_lines": 10, "num_statements": 14, "percent_covered": 71.42857142857143, "percent_covered_display": "71", "missing_lines": 4, "excluded_lines": 0}, "missing_lines": [232, 234, 235, 242], "excluded_lines": []}, "": {"executed_lines": [1, 10, 12, 13, 14, 15, 16, 18, 19, 20, 23, 24, 39, 55, 79, 85, 91, 97, 103, 110, 111, 113, 166, 167, 178, 188], "summary": {"covered_lines": 22, "num_statements": 22, "percent_covered": 100.0, "percent_covered_display": "100", "missing_lines": 0, "excluded_lines": 0}, "missing_lines": [], "excluded_lines": []}}, "classes": {"StructuredLogger": {"executed_lines": [46, 47, 48, 51, 52, 53, 70, 76, 77, 89], "summary": {"covered_lines": 10, "num_statements": 14, "percent_covered": 71.42857142857143, "percent_covered_display": "71", "missing_lines": 4, "excluded_lines": 0}, "missing_lines": [83, 95, 101, 107], "excluded_lines": []}, "JSONFormatter": {"executed_lines": [122, 129, 130, 131, 132, 135, 136, 161, 163], "summary": {"covered_lines": 9, "num_statements": 9, "percent_covered": 100.0, "percent_covered_display": "100", "missing_lines": 0, "excluded_lines": 0}, "missing_lines": [], "excluded_lines": []}, "LoggingMiddleware": {"executed_lines": [185, 186, 199, 202, 205, 206, 215, 216, 219, 220, 228, 230], "summary": {"covered_lines": 12, "num_statements": 16, "percent_covered": 75.0, "percent_covered_display": "75", "missing_lines": 4, "excluded_lines": 0}, "missing_lines": [232, 234, 235, 242], "excluded_lines": []}, "": {"executed_lines": [1, 10, 12, 13, 14, 15, 16, 18, 19, 20, 23, 24, 39, 55, 79, 85, 91, 97, 103, 110, 111, 113, 166, 167, 178, 188], "summary": {"covered_lines": 22, "num_statements": 22, "percent_covered": 100.0, "percent_covered_display": "100", "missing_lines": 0, "excluded_lines": 0}, "missing_lines": [], "excluded_lines": []}}}, "tests/__init__.py": {"executed_lines": [0], "summary": {"covered_lines": 0, "num_statements": 0, "percent_covered": 100.0, "percent_covered_display": "100", "missing_lines": 0, "excluded_lines": 0}, "missing_lines": [], "excluded_lines": [], "functions": {"": {"executed_lines": [], "summary": {"covered_lines": 0, "num_statements": 0, "percent_covered": 100.0, "percent_covered_display": "100", "missing_lines": 0, "excluded_lines": 0}, "missing_lines": [], "excluded_lines": []}}, "classes": {"": {"executed_lines": [], "summary": {"covered_lines": 0, "num_statements": 0, "percent_covered": 100.0, "percent_covered_display": "100", "missing_lines": 0, "excluded_lines": 0}, "missing_lines": [], "excluded_lines": []}}}, "tests/conftest.py": {"executed_lines": [1, 10, 12, 13, 15, 18, 19, 25, 40, 41, 47, 60, 61, 78, 79, 95, 96, 102, 103, 104, 105, 106, 109, 110], "summary": {"covered_lines": 23, "num_statements": 31, "percent_covered": 74.19354838709677, "percent_covered_display": "74", "missing_lines": 8, "excluded_lines": 0}, "missing_lines": [67, 85, 116, 117, 118, 119, 120, 121], "excluded_lines": [], "functions": {"config": {"executed_lines": [25], "summary": {"covered_lines": 1, "num_statements": 1, "percent_covered": 100.0, "percent_covered_display": "100", "missing_lines": 0, "excluded_lines": 0}, "missing_lines": [], "excluded_lines": []}, "mock_tribunal_response": {"executed_lines": [47], "summary": {"covered_lines": 1, "num_statements": 1, "percent_covered": 100.0, "percent_covered_display": "100", "missing_lines": 0, "excluded_lines": 0}, "missing_lines": [], "excluded_lines": []}, "mock_factory_response": {"executed_lines": [], "summary": {"covered_lines": 0, "num_statements": 1, "percent_covered": 0.0, "percent_covered_display": "0", "missing_lines": 1, "excluded_lines": 0}, "missing_lines": [67], "excluded_lines": []}, "mock_memory_response": {"executed_lines": [], "summary": {"covered_lines": 0, "num_statements": 1, "percent_covered": 0.0, "percent_covered_display": "0", "missing_lines": 1, "excluded_lines": 0}, "missing_lines": [85], "excluded_lines": []}, "mock_httpx_response": {"executed_lines": [102, 103, 104, 105, 106], "summary": {"covered_lines": 5, "num_statements": 5, "percent_covered": 100.0, "percent_covered_display": "100", "missing_lines": 0, "excluded_lines": 0}, "missing_lines": [], "excluded_lines": []}, "mock_async_client": {"executed_lines": [], "summary": {"covered_lines": 0, "num_statements": 6, "percent_covered": 0.0, "percent_covered_display": "0", "missing_lines": 6, "excluded_lines": 0}, "missing_lines": [116, 117, 118, 119, 120, 121], "excluded_lines": []}, "": {"executed_lines": [1, 10, 12, 13, 15, 18, 19, 40, 41, 60, 61, 78, 79, 95, 96, 109, 110], "summary": {"covered_lines": 16, "num_statements": 16, "percent_covered": 100.0, "percent_covered_display": "100", "missing_lines": 0, "excluded_lines": 0}, "missing_lines": [], "excluded_lines": []}}, "classes": {"": {"executed_lines": [1, 10, 12, 13, 15, 18, 19, 25, 40, 41, 47, 60, 61, 78, 79, 95, 96, 102, 103, 104, 105, 106, 109, 110], "summary": {"covered_lines": 23, "num_statements": 31, "percent_covered": 74.19354838709677, "percent_covered_display": "74", "missing_lines": 8, "excluded_lines": 0}, "missing_lines": [67, 85, 116, 117, 118, 119, 120, 121], "excluded_lines": []}}}, "tests/test_app.py": {"executed_lines": [1, 10, 12, 13, 16, 17, 19, 21, 23, 24, 26, 27, 28, 29, 32, 33, 35, 37, 39, 40, 42, 43, 44, 47, 48, 50, 52, 54, 55], "summary": {"covered_lines": 25, "num_statements": 25, "percent_covered": 100.0, "percent_covered_display": "100", "missing_lines": 0, "excluded_lines": 0}, "missing_lines": [], "excluded_lines": [], "functions": {"TestHealthEndpoint.test_health_returns_ok": {"executed_lines": [21, 23, 24, 26, 27, 28, 29], "summary": {"covered_lines": 7, "num_statements": 7, "percent_covered": 100.0, "percent_covered_display": "100", "missing_lines": 0, "excluded_lines": 0}, "missing_lines": [], "excluded_lines": []}, "TestMetricsEndpoint.test_metrics_returns_stats": {"executed_lines": [37, 39, 40, 42, 43, 44], "summary": {"covered_lines": 6, "num_statements": 6, "percent_covered": 100.0, "percent_covered_display": "100", "missing_lines": 0, "excluded_lines": 0}, "missing_lines": [], "excluded_lines": []}, "TestAppStartup.test_app_imports_successfully": {"executed_lines": [52, 54, 55], "summary": {"covered_lines": 3, "num_statements": 3, "percent_covered": 100.0, "percent_covered_display": "100", "missing_lines": 0, "excluded_lines": 0}, "missing_lines": [], "excluded_lines": []}, "": {"executed_lines": [1, 10, 12, 13, 16, 17, 19, 32, 33, 35, 47, 48, 50], "summary": {"covered_lines": 9, "num_statements": 9, "percent_covered": 100.0, "percent_covered_display": "100", "missing_lines": 0, "excluded_lines": 0}, "missing_lines": [], "excluded_lines": []}}, "classes": {"TestHealthEndpoint": {"executed_lines": [21, 23, 24, 26, 27, 28, 29], "summary": {"covered_lines": 7, "num_statements": 7, "percent_covered": 100.0, "percent_covered_display": "100", "missing_lines": 0, "excluded_lines": 0}, "missing_lines": [], "excluded_lines": []}, "TestMetricsEndpoint": {"executed_lines": [37, 39, 40, 42, 43, 44], "summary": {"covered_lines": 6, "num_statements": 6, "percent_covered": 100.0, "percent_covered_display": "100", "missing_lines": 0, "excluded_lines": 0}, "missing_lines": [], "excluded_lines": []}, "TestAppStartup": {"executed_lines": [52, 54, 55], "summary": {"covered_lines": 3, "num_statements": 3, "percent_covered": 100.0, "percent_covered_display": "100", "missing_lines": 0, "excluded_lines": 0}, "missing_lines": [], "excluded_lines": []}, "": {"executed_lines": [1, 10, 12, 13, 16, 17, 19, 32, 33, 35, 47, 48, 50], "summary": {"covered_lines": 9, "num_statements": 9, "percent_covered": 100.0, "percent_covered_display": "100", "missing_lines": 0, "excluded_lines": 0}, "missing_lines": [], "excluded_lines": []}}}, "tests/test_base_client.py": {"executed_lines": [1, 10, 12, 13, 14, 16, 19, 20, 22, 24, 25, 26, 28, 30, 32, 34, 36, 37, 39, 41, 42, 44, 46, 47, 50, 51, 53, 54, 56, 58, 59, 60, 62, 64, 65, 67, 68, 70, 72, 73, 75, 77, 79, 80, 82, 84, 85, 86, 87, 90, 92, 93, 95, 96, 98, 100, 102, 107, 109, 110, 113, 114, 116, 117, 119, 121, 122, 123, 125, 127, 128, 130, 131, 133, 135, 137, 138, 140, 143, 144, 145, 147, 148, 150, 152, 154, 160, 162, 163, 165, 166, 168, 170, 171, 173, 174, 176, 179, 180, 182, 183, 185, 187, 188, 189, 191, 193, 196, 197, 199, 201, 202, 203, 204, 207, 209, 210, 213, 214, 216, 217, 219, 221, 222, 223, 225, 226, 228, 229, 234, 235, 237, 238, 240, 242, 243, 245, 246, 248, 249, 251, 253, 255, 257, 258, 261, 263, 264, 266, 268, 269, 270, 271, 272, 273, 275, 276, 279, 280, 282, 283, 285, 287, 289, 290, 291, 294, 296, 297, 300, 302, 303, 305, 307, 309, 311, 312, 315], "summary": {"covered_lines": 170, "num_statements": 171, "percent_covered": 99.41520467836257, "percent_covered_display": "99", "missing_lines": 1, "excluded_lines": 0}, "missing_lines": [194], "excluded_lines": [], "functions": {"TestBaseClientCreation.test_client_creation_with_defaults": {"executed_lines": [24, 25, 26], "summary": {"covered_lines": 3, "num_statements": 3, "percent_covered": 100.0, "percent_covered_display": "100", "missing_lines": 0, "excluded_lines": 0}, "missing_lines": [], "excluded_lines": []}, "TestBaseClientCreation.test_client_uses_http2": {"executed_lines": [30, 32], "summary": {"covered_lines": 2, "num_statements": 2, "percent_covered": 100.0, "percent_covered_display": "100", "missing_lines": 0, "excluded_lines": 0}, "missing_lines": [], "excluded_lines": []}, "TestBaseClientCreation.test_client_uses_connection_pooling": {"executed_lines": [36, 37, 39, 41, 42], "summary": {"covered_lines": 5, "num_statements": 5, "percent_covered": 100.0, "percent_covered_display": "100", "missing_lines": 0, "excluded_lines": 0}, "missing_lines": [], "excluded_lines": []}, "TestBaseClientCreation.test_client_uses_custom_timeout": {"executed_lines": [46, 47], "summary": {"covered_lines": 2, "num_statements": 2, "percent_covered": 100.0, "percent_covered_display": "100", "missing_lines": 0, "excluded_lines": 0}, "missing_lines": [], "excluded_lines": []}, "TestBaseClientGET.test_get_success": {"executed_lines": [56, 58, 59, 60, 62, 64, 65], "summary": {"covered_lines": 7, "num_statements": 7, "percent_covered": 100.0, "percent_covered_display": "100", "missing_lines": 0, "excluded_lines": 0}, "missing_lines": [], "excluded_lines": []}, "TestBaseClientGET.test_get_with_params": {"executed_lines": [70, 72, 73, 75, 77], "summary": {"covered_lines": 5, "num_statements": 5, "percent_covered": 100.0, "percent_covered_display": "100", "missing_lines": 0, "excluded_lines": 0}, "missing_lines": [], "excluded_lines": []}, "TestBaseClientGET.test_get_http_error": {"executed_lines": [82, 84, 85, 86, 87, 90, 92, 93], "summary": {"covered_lines": 8, "num_statements": 8, "percent_covered": 100.0, "percent_covered_display": "100", "missing_lines": 0, "excluded_lines": 0}, "missing_lines": [], "excluded_lines": []}, "TestBaseClientGET.test_get_retry_on_timeout": {"executed_lines": [98, 100, 102, 107, 109, 110], "summary": {"covered_lines": 6, "num_statements": 6, "percent_covered": 100.0, "percent_covered_display": "100", "missing_lines": 0, "excluded_lines": 0}, "missing_lines": [], "excluded_lines": []}, "TestBaseClientPOST.test_post_success": {"executed_lines": [119, 121, 122, 123, 125, 127, 128], "summary": {"covered_lines": 7, "num_statements": 7, "percent_covered": 100.0, "percent_covered_display": "100", "missing_lines": 0, "excluded_lines": 0}, "missing_lines": [], "excluded_lines": []}, "TestBaseClientPOST.test_post_with_json_body": {"executed_lines": [133, 135, 137, 138, 140, 143, 144, 145], "summary": {"covered_lines": 8, "num_statements": 8, "percent_covered": 100.0, "percent_covered_display": "100", "missing_lines": 0, "excluded_lines": 0}, "missing_lines": [], "excluded_lines": []}, "TestBaseClientPOST.test_post_retry_exponential_backoff": {"executed_lines": [150, 152, 154, 160, 162, 163], "summary": {"covered_lines": 6, "num_statements": 6, "percent_covered": 100.0, "percent_covered_display": "100", "missing_lines": 0, "excluded_lines": 0}, "missing_lines": [], "excluded_lines": []}, "TestBaseClientPOST.test_post_no_retry_when_disabled": {"executed_lines": [168, 170, 171, 173, 174, 176], "summary": {"covered_lines": 6, "num_statements": 6, "percent_covered": 100.0, "percent_covered_display": "100", "missing_lines": 0, "excluded_lines": 0}, "missing_lines": [], "excluded_lines": []}, "TestBaseClientDELETE.test_delete_success": {"executed_lines": [185, 187, 188, 189, 191, 193], "summary": {"covered_lines": 6, "num_statements": 7, "percent_covered": 85.71428571428571, "percent_covered_display": "86", "missing_lines": 1, "excluded_lines": 0}, "missing_lines": [194], "excluded_lines": []}, "TestBaseClientDELETE.test_delete_not_found": {"executed_lines": [199, 201, 202, 203, 204, 207, 209, 210], "summary": {"covered_lines": 8, "num_statements": 8, "percent_covered": 100.0, "percent_covered_display": "100", "missing_lines": 0, "excluded_lines": 0}, "missing_lines": [], "excluded_lines": []}, "TestBaseClientLifecycle.test_close_releases_resources": {"executed_lines": [219, 221, 222, 223], "summary": {"covered_lines": 4, "num_statements": 4, "percent_covered": 100.0, "percent_covered_display": "100", "missing_lines": 0, "excluded_lines": 0}, "missing_lines": [], "excluded_lines": []}, "TestBaseClientLifecycle.test_context_manager_closes_client": {"executed_lines": [228, 229], "summary": {"covered_lines": 2, "num_statements": 2, "percent_covered": 100.0, "percent_covered_display": "100", "missing_lines": 0, "excluded_lines": 0}, "missing_lines": [], "excluded_lines": []}, "TestBaseClientErrorHandling.test_network_error_raises_appropriate_exception": {"executed_lines": [240, 242, 243, 245, 246], "summary": {"covered_lines": 5, "num_statements": 5, "percent_covered": 100.0, "percent_covered_display": "100", "missing_lines": 0, "excluded_lines": 0}, "missing_lines": [], "excluded_lines": []}, "TestBaseClientErrorHandling.test_timeout_error_after_retries": {"executed_lines": [251, 253, 255, 257, 258, 261], "summary": {"covered_lines": 6, "num_statements": 6, "percent_covered": 100.0, "percent_covered_display": "100", "missing_lines": 0, "excluded_lines": 0}, "missing_lines": [], "excluded_lines": []}, "TestBaseClientErrorHandling.test_invalid_json_response": {"executed_lines": [266, 268, 269, 270, 271, 272, 273, 275, 276], "summary": {"covered_lines": 9, "num_statements": 9, "percent_covered": 100.0, "percent_covered_display": "100", "missing_lines": 0, "excluded_lines": 0}, "missing_lines": [], "excluded_lines": []}, "TestBaseClientRetryLogic.test_retry_only_on_transient_errors": {"executed_lines": [285, 287, 289, 290, 291, 294, 296, 297, 300], "summary": {"covered_lines": 9, "num_statements": 9, "percent_covered": 100.0, "percent_covered_display": "100", "missing_lines": 0, "excluded_lines": 0}, "missing_lines": [], "excluded_lines": []}, "TestBaseClientRetryLogic.test_max_retry_attempts": {"executed_lines": [305, 307, 309, 311, 312, 315], "summary": {"covered_lines": 6, "num_statements": 6, "percent_covered": 100.0, "percent_covered_display": "100", "missing_lines": 0, "excluded_lines": 0}, "missing_lines": [], "excluded_lines": []}, "": {"executed_lines": [1, 10, 12, 13, 14, 16, 19, 20, 22, 28, 34, 44, 50, 51, 53, 54, 67, 68, 79, 80, 95, 96, 113, 114, 116, 117, 130, 131, 147, 148, 165, 166, 179, 180, 182, 183, 196, 197, 213, 214, 216, 217, 225, 226, 234, 235, 237, 238, 248, 249, 263, 264, 279, 280, 282, 283, 302, 303], "summary": {"covered_lines": 50, "num_statements": 50, "percent_covered": 100.0, "percent_covered_display": "100", "missing_lines": 0, "excluded_lines": 0}, "missing_lines": [], "excluded_lines": []}}, "classes": {"TestBaseClientCreation": {"executed_lines": [24, 25, 26, 30, 32, 36, 37, 39, 41, 42, 46, 47], "summary": {"covered_lines": 12, "num_statements": 12, "percent_covered": 100.0, "percent_covered_display": "100", "missing_lines": 0, "excluded_lines": 0}, "missing_lines": [], "excluded_lines": []}, "TestBaseClientGET": {"executed_lines": [56, 58, 59, 60, 62, 64, 65, 70, 72, 73, 75, 77, 82, 84, 85, 86, 87, 90, 92, 93, 98, 100, 102, 107, 109, 110], "summary": {"covered_lines": 26, "num_statements": 26, "percent_covered": 100.0, "percent_covered_display": "100", "missing_lines": 0, "excluded_lines": 0}, "missing_lines": [], "excluded_lines": []}, "TestBaseClientPOST": {"executed_lines": [119, 121, 122, 123, 125, 127, 128, 133, 135, 137, 138, 140, 143, 144, 145, 150, 152, 154, 160, 162, 163, 168, 170, 171, 173, 174, 176], "summary": {"covered_lines": 27, "num_statements": 27, "percent_covered": 100.0, "percent_covered_display": "100", "missing_lines": 0, "excluded_lines": 0}, "missing_lines": [], "excluded_lines": []}, "TestBaseClientDELETE": {"executed_lines": [185, 187, 188, 189, 191, 193, 199, 201, 202, 203, 204, 207, 209, 210], "summary": {"covered_lines": 14, "num_statements": 15, "percent_covered": 93.33333333333333, "percent_covered_display": "93", "missing_lines": 1, "excluded_lines": 0}, "missing_lines": [194], "excluded_lines": []}, "TestBaseClientLifecycle": {"executed_lines": [219, 221, 222, 223, 228, 229], "summary": {"covered_lines": 6, "num_statements": 6, "percent_covered": 100.0, "percent_covered_display": "100", "missing_lines": 0, "excluded_lines": 0}, "missing_lines": [], "excluded_lines": []}, "TestBaseClientErrorHandling": {"executed_lines": [240, 242, 243, 245, 246, 251, 253, 255, 257, 258, 261, 266, 268, 269, 270, 271, 272, 273, 275, 276], "summary": {"covered_lines": 20, "num_statements": 20, "percent_covered": 100.0, "percent_covered_display": "100", "missing_lines": 0, "excluded_lines": 0}, "missing_lines": [], "excluded_lines": []}, "TestBaseClientRetryLogic": {"executed_lines": [285, 287, 289, 290, 291, 294, 296, 297, 300, 305, 307, 309, 311, 312, 315], "summary": {"covered_lines": 15, "num_statements": 15, "percent_covered": 100.0, "percent_covered_display": "100", "missing_lines": 0, "excluded_lines": 0}, "missing_lines": [], "excluded_lines": []}, "": {"executed_lines": [1, 10, 12, 13, 14, 16, 19, 20, 22, 28, 34, 44, 50, 51, 53, 54, 67, 68, 79, 80, 95, 96, 113, 114, 116, 117, 130, 131, 147, 148, 165, 166, 179, 180, 182, 183, 196, 197, 213, 214, 216, 217, 225, 226, 234, 235, 237, 238, 248, 249, 263, 264, 279, 280, 282, 283, 302, 303], "summary": {"covered_lines": 50, "num_statements": 50, "percent_covered": 100.0, "percent_covered_display": "100", "missing_lines": 0, "excluded_lines": 0}, "missing_lines": [], "excluded_lines": []}}}, "tests/test_circuit_breaker.py": {"executed_lines": [1, 10, 12, 13, 14, 15, 17, 23, 24, 26, 28, 29, 30, 32, 34, 35, 36, 38, 40, 41, 44, 45, 47, 48, 50, 51, 54, 55, 56, 57, 58, 63, 64, 66, 67, 70, 71, 72, 73, 74, 80, 81, 84, 85, 86, 89, 90, 91, 92, 93, 102, 103, 105, 106, 108, 110, 113, 116, 117, 119, 121, 124, 125, 127, 128, 130, 131, 133, 137, 138, 139, 140, 148, 149, 151, 153, 154, 155, 157, 159, 160, 163, 164, 165, 166, 169, 171, 173, 174, 177, 178, 179, 180, 181, 184, 187, 190, 191, 193, 195, 197, 198, 201, 202, 204, 205, 207, 208, 211, 212, 213, 214, 215], "summary": {"covered_lines": 107, "num_statements": 121, "percent_covered": 88.4297520661157, "percent_covered_display": "88", "missing_lines": 14, "excluded_lines": 0}, "missing_lines": [61, 77, 78, 96, 99, 111, 114, 122, 134, 141, 144, 145, 218, 221], "excluded_lines": [], "functions": {"TestCircuitBreakerBasics.test_get_circuit_breaker_creates_instance": {"executed_lines": [28, 29, 30], "summary": {"covered_lines": 3, "num_statements": 3, "percent_covered": 100.0, "percent_covered_display": "100", "missing_lines": 0, "excluded_lines": 0}, "missing_lines": [], "excluded_lines": []}, "TestCircuitBreakerBasics.test_get_circuit_breaker_returns_same_instance": {"executed_lines": [34, 35, 36], "summary": {"covered_lines": 3, "num_statements": 3, "percent_covered": 100.0, "percent_covered_display": "100", "missing_lines": 0, "excluded_lines": 0}, "missing_lines": [], "excluded_lines": []}, "TestCircuitBreakerBasics.test_circuit_breaker_initial_state_closed": {"executed_lines": [40, 41], "summary": {"covered_lines": 2, "num_statements": 2, "percent_covered": 100.0, "percent_covered_display": "100", "missing_lines": 0, "excluded_lines": 0}, "missing_lines": [], "excluded_lines": []}, "TestCircuitBreakerStates.test_circuit_opens_after_threshold_failures": {"executed_lines": [50, 51, 54, 55, 56, 57, 58], "summary": {"covered_lines": 7, "num_statements": 8, "percent_covered": 87.5, "percent_covered_display": "88", "missing_lines": 1, "excluded_lines": 0}, "missing_lines": [61], "excluded_lines": []}, "TestCircuitBreakerStates.test_circuit_open_rejects_calls": {"executed_lines": [66, 67, 70, 71, 72, 73, 74], "summary": {"covered_lines": 7, "num_statements": 9, "percent_covered": 77.77777777777777, "percent_covered_display": "78", "missing_lines": 2, "excluded_lines": 0}, "missing_lines": [77, 78], "excluded_lines": []}, "TestCircuitBreakerStates.test_circuit_half_open_after_timeout": {"executed_lines": [84, 85, 86, 89, 90, 91, 92, 93], "summary": {"covered_lines": 8, "num_statements": 10, "percent_covered": 80.0, "percent_covered_display": "80", "missing_lines": 2, "excluded_lines": 0}, "missing_lines": [96, 99], "excluded_lines": []}, "TestCircuitBreakerManualUsage.test_manual_call_async_success": {"executed_lines": [108, 110, 113], "summary": {"covered_lines": 3, "num_statements": 4, "percent_covered": 75.0, "percent_covered_display": "75", "missing_lines": 1, "excluded_lines": 0}, "missing_lines": [114], "excluded_lines": []}, "TestCircuitBreakerManualUsage.test_manual_call_async_success.successful_call": {"executed_lines": [], "summary": {"covered_lines": 0, "num_statements": 1, "percent_covered": 0.0, "percent_covered_display": "0", "missing_lines": 1, "excluded_lines": 0}, "missing_lines": [111], "excluded_lines": []}, "TestCircuitBreakerManualUsage.test_manual_call_async_failure_propagates": {"executed_lines": [119, 121, 124, 125], "summary": {"covered_lines": 4, "num_statements": 4, "percent_covered": 100.0, "percent_covered_display": "100", "missing_lines": 0, "excluded_lines": 0}, "missing_lines": [], "excluded_lines": []}, "TestCircuitBreakerManualUsage.test_manual_call_async_failure_propagates.failing_call": {"executed_lines": [], "summary": {"covered_lines": 0, "num_statements": 1, "percent_covered": 0.0, "percent_covered_display": "0", "missing_lines": 1, "excluded_lines": 0}, "missing_lines": [122], "excluded_lines": []}, "TestCircuitBreakerManualUsage.test_manual_opens_circuit_after_failures": {"executed_lines": [130, 131, 133, 137, 138, 139, 140], "summary": {"covered_lines": 7, "num_statements": 10, "percent_covered": 70.0, "percent_covered_display": "70", "missing_lines": 3, "excluded_lines": 0}, "missing_lines": [141, 144, 145], "excluded_lines": []}, "TestCircuitBreakerManualUsage.test_manual_opens_circuit_after_failures.flaky_call": {"executed_lines": [], "summary": {"covered_lines": 0, "num_statements": 1, "percent_covered": 0.0, "percent_covered_display": "0", "missing_lines": 1, "excluded_lines": 0}, "missing_lines": [134], "excluded_lines": []}, "TestCircuitBreakerStateInspection.test_breaker_has_state_attribute": {"executed_lines": [153, 154, 155], "summary": {"covered_lines": 3, "num_statements": 3, "percent_covered": 100.0, "percent_covered_display": "100", "missing_lines": 0, "excluded_lines": 0}, "missing_lines": [], "excluded_lines": []}, "TestCircuitBreakerStateInspection.test_breaker_has_fail_counter": {"executed_lines": [159, 160, 163, 164, 165, 166, 169], "summary": {"covered_lines": 7, "num_statements": 7, "percent_covered": 100.0, "percent_covered_display": "100", "missing_lines": 0, "excluded_lines": 0}, "missing_lines": [], "excluded_lines": []}, "TestCircuitBreakerStateInspection.test_breaker_reset_clears_failures": {"executed_lines": [173, 174, 177, 178, 179, 180, 181, 184, 187], "summary": {"covered_lines": 9, "num_statements": 9, "percent_covered": 100.0, "percent_covered_display": "100", "missing_lines": 0, "excluded_lines": 0}, "missing_lines": [], "excluded_lines": []}, "TestCircuitBreakerEdgeCases.test_sync_function_through_breaker": {"executed_lines": [195, 197, 201, 202], "summary": {"covered_lines": 4, "num_statements": 4, "percent_covered": 100.0, "percent_covered_display": "100", "missing_lines": 0, "excluded_lines": 0}, "missing_lines": [], "excluded_lines": []}, "TestCircuitBreakerEdgeCases.test_sync_function_through_breaker.sync_function": {"executed_lines": [198], "summary": {"covered_lines": 1, "num_statements": 1, "percent_covered": 100.0, "percent_covered_display": "100", "missing_lines": 0, "excluded_lines": 0}, "missing_lines": [], "excluded_lines": []}, "TestCircuitBreakerEdgeCases.test_multiple_breakers_independent": {"executed_lines": [207, 208, 211, 212, 213, 214, 215], "summary": {"covered_lines": 7, "num_statements": 9, "percent_covered": 77.77777777777777, "percent_covered_display": "78", "missing_lines": 2, "excluded_lines": 0}, "missing_lines": [218, 221], "excluded_lines": []}, "": {"executed_lines": [1, 10, 12, 13, 14, 15, 17, 23, 24, 26, 32, 38, 44, 45, 47, 48, 63, 64, 80, 81, 102, 103, 105, 106, 116, 117, 127, 128, 148, 149, 151, 157, 171, 190, 191, 193, 204, 205], "summary": {"covered_lines": 32, "num_statements": 32, "percent_covered": 100.0, "percent_covered_display": "100", "missing_lines": 0, "excluded_lines": 0}, "missing_lines": [], "excluded_lines": []}}, "classes": {"TestCircuitBreakerBasics": {"executed_lines": [28, 29, 30, 34, 35, 36, 40, 41], "summary": {"covered_lines": 8, "num_statements": 8, "percent_covered": 100.0, "percent_covered_display": "100", "missing_lines": 0, "excluded_lines": 0}, "missing_lines": [], "excluded_lines": []}, "TestCircuitBreakerStates": {"executed_lines": [50, 51, 54, 55, 56, 57, 58, 66, 67, 70, 71, 72, 73, 74, 84, 85, 86, 89, 90, 91, 92, 93], "summary": {"covered_lines": 22, "num_statements": 27, "percent_covered": 81.48148148148148, "percent_covered_display": "81", "missing_lines": 5, "excluded_lines": 0}, "missing_lines": [61, 77, 78, 96, 99], "excluded_lines": []}, "TestCircuitBreakerManualUsage": {"executed_lines": [108, 110, 113, 119, 121, 124, 125, 130, 131, 133, 137, 138, 139, 140], "summary": {"covered_lines": 14, "num_statements": 21, "percent_covered": 66.66666666666667, "percent_covered_display": "67", "missing_lines": 7, "excluded_lines": 0}, "missing_lines": [111, 114, 122, 134, 141, 144, 145], "excluded_lines": []}, "TestCircuitBreakerStateInspection": {"executed_lines": [153, 154, 155, 159, 160, 163, 164, 165, 166, 169, 173, 174, 177, 178, 179, 180, 181, 184, 187], "summary": {"covered_lines": 19, "num_statements": 19, "percent_covered": 100.0, "percent_covered_display": "100", "missing_lines": 0, "excluded_lines": 0}, "missing_lines": [], "excluded_lines": []}, "TestCircuitBreakerEdgeCases": {"executed_lines": [195, 197, 198, 201, 202, 207, 208, 211, 212, 213, 214, 215], "summary": {"covered_lines": 12, "num_statements": 14, "percent_covered": 85.71428571428571, "percent_covered_display": "86", "missing_lines": 2, "excluded_lines": 0}, "missing_lines": [218, 221], "excluded_lines": []}, "": {"executed_lines": [1, 10, 12, 13, 14, 15, 17, 23, 24, 26, 32, 38, 44, 45, 47, 48, 63, 64, 80, 81, 102, 103, 105, 106, 116, 117, 127, 128, 148, 149, 151, 157, 171, 190, 191, 193, 204, 205], "summary": {"covered_lines": 32, "num_statements": 32, "percent_covered": 100.0, "percent_covered_display": "100", "missing_lines": 0, "excluded_lines": 0}, "missing_lines": [], "excluded_lines": []}}}, "tests/test_config.py": {"executed_lines": [1, 10, 12, 13, 14, 16, 19, 20, 22, 24, 25, 27, 29, 30, 32, 34, 35, 37, 39, 40, 41, 42, 43, 46, 47, 49, 51, 52, 53, 55, 57, 58, 60, 62, 63, 65, 67, 68, 70, 72, 73, 75, 77, 78, 80, 82, 83, 85, 87, 88, 91, 92, 94, 96, 97, 98, 100, 102, 103, 104, 106, 108, 109, 110, 113, 114, 116, 118, 119, 121, 123, 124, 126, 127, 130, 131, 133, 135, 136, 138, 140, 141, 143, 145, 146, 148, 150, 151, 153, 154], "summary": {"covered_lines": 84, "num_statements": 84, "percent_covered": 100.0, "percent_covered_display": "100", "missing_lines": 0, "excluded_lines": 0}, "missing_lines": [], "excluded_lines": [], "functions": {"TestConfigDefaults.test_default_service_name": {"executed_lines": [24, 25], "summary": {"covered_lines": 2, "num_statements": 2, "percent_covered": 100.0, "percent_covered_display": "100", "missing_lines": 0, "excluded_lines": 0}, "missing_lines": [], "excluded_lines": []}, "TestConfigDefaults.test_default_service_port": {"executed_lines": [29, 30], "summary": {"covered_lines": 2, "num_statements": 2, "percent_covered": 100.0, "percent_covered_display": "100", "missing_lines": 0, "excluded_lines": 0}, "missing_lines": [], "excluded_lines": []}, "TestConfigDefaults.test_default_log_level": {"executed_lines": [34, 35], "summary": {"covered_lines": 2, "num_statements": 2, "percent_covered": 100.0, "percent_covered_display": "100", "missing_lines": 0, "excluded_lines": 0}, "missing_lines": [], "excluded_lines": []}, "TestConfigDefaults.test_default_downstream_urls": {"executed_lines": [39, 40, 41, 42, 43], "summary": {"covered_lines": 5, "num_statements": 5, "percent_covered": 100.0, "percent_covered_display": "100", "missing_lines": 0, "excluded_lines": 0}, "missing_lines": [], "excluded_lines": []}, "TestConfigValidation.test_log_level_validation_valid": {"executed_lines": [51, 52, 53], "summary": {"covered_lines": 3, "num_statements": 3, "percent_covered": 100.0, "percent_covered_display": "100", "missing_lines": 0, "excluded_lines": 0}, "missing_lines": [], "excluded_lines": []}, "TestConfigValidation.test_log_level_validation_case_insensitive": {"executed_lines": [57, 58], "summary": {"covered_lines": 2, "num_statements": 2, "percent_covered": 100.0, "percent_covered_display": "100", "missing_lines": 0, "excluded_lines": 0}, "missing_lines": [], "excluded_lines": []}, "TestConfigValidation.test_log_level_validation_invalid": {"executed_lines": [62, 63], "summary": {"covered_lines": 2, "num_statements": 2, "percent_covered": 100.0, "percent_covered_display": "100", "missing_lines": 0, "excluded_lines": 0}, "missing_lines": [], "excluded_lines": []}, "TestConfigValidation.test_rate_limit_validation_positive": {"executed_lines": [67, 68], "summary": {"covered_lines": 2, "num_statements": 2, "percent_covered": 100.0, "percent_covered_display": "100", "missing_lines": 0, "excluded_lines": 0}, "missing_lines": [], "excluded_lines": []}, "TestConfigValidation.test_rate_limit_validation_too_small": {"executed_lines": [72, 73], "summary": {"covered_lines": 2, "num_statements": 2, "percent_covered": 100.0, "percent_covered_display": "100", "missing_lines": 0, "excluded_lines": 0}, "missing_lines": [], "excluded_lines": []}, "TestConfigValidation.test_rate_limit_validation_too_large": {"executed_lines": [77, 78], "summary": {"covered_lines": 2, "num_statements": 2, "percent_covered": 100.0, "percent_covered_display": "100", "missing_lines": 0, "excluded_lines": 0}, "missing_lines": [], "excluded_lines": []}, "TestConfigValidation.test_circuit_breaker_threshold_positive": {"executed_lines": [82, 83], "summary": {"covered_lines": 2, "num_statements": 2, "percent_covered": 100.0, "percent_covered_display": "100", "missing_lines": 0, "excluded_lines": 0}, "missing_lines": [], "excluded_lines": []}, "TestConfigValidation.test_circuit_breaker_timeout_range": {"executed_lines": [87, 88], "summary": {"covered_lines": 2, "num_statements": 2, "percent_covered": 100.0, "percent_covered_display": "100", "missing_lines": 0, "excluded_lines": 0}, "missing_lines": [], "excluded_lines": []}, "TestConfigEnvironment.test_env_var_override_port": {"executed_lines": [96, 97, 98], "summary": {"covered_lines": 3, "num_statements": 3, "percent_covered": 100.0, "percent_covered_display": "100", "missing_lines": 0, "excluded_lines": 0}, "missing_lines": [], "excluded_lines": []}, "TestConfigEnvironment.test_env_var_override_tribunal_url": {"executed_lines": [102, 103, 104], "summary": {"covered_lines": 3, "num_statements": 3, "percent_covered": 100.0, "percent_covered_display": "100", "missing_lines": 0, "excluded_lines": 0}, "missing_lines": [], "excluded_lines": []}, "TestConfigEnvironment.test_env_var_prefix": {"executed_lines": [108, 109, 110], "summary": {"covered_lines": 3, "num_statements": 3, "percent_covered": 100.0, "percent_covered_display": "100", "missing_lines": 0, "excluded_lines": 0}, "missing_lines": [], "excluded_lines": []}, "TestConfigSingleton.test_get_config_returns_instance": {"executed_lines": [118, 119], "summary": {"covered_lines": 2, "num_statements": 2, "percent_covered": 100.0, "percent_covered_display": "100", "missing_lines": 0, "excluded_lines": 0}, "missing_lines": [], "excluded_lines": []}, "TestConfigSingleton.test_get_config_creates_new_instance": {"executed_lines": [123, 124, 126, 127], "summary": {"covered_lines": 4, "num_statements": 4, "percent_covered": 100.0, "percent_covered_display": "100", "missing_lines": 0, "excluded_lines": 0}, "missing_lines": [], "excluded_lines": []}, "TestConfigBoundaries.test_http_timeout_minimum": {"executed_lines": [135, 136], "summary": {"covered_lines": 2, "num_statements": 2, "percent_covered": 100.0, "percent_covered_display": "100", "missing_lines": 0, "excluded_lines": 0}, "missing_lines": [], "excluded_lines": []}, "TestConfigBoundaries.test_http_timeout_maximum": {"executed_lines": [140, 141], "summary": {"covered_lines": 2, "num_statements": 2, "percent_covered": 100.0, "percent_covered_display": "100", "missing_lines": 0, "excluded_lines": 0}, "missing_lines": [], "excluded_lines": []}, "TestConfigBoundaries.test_http_max_connections_range": {"executed_lines": [145, 146], "summary": {"covered_lines": 2, "num_statements": 2, "percent_covered": 100.0, "percent_covered_display": "100", "missing_lines": 0, "excluded_lines": 0}, "missing_lines": [], "excluded_lines": []}, "TestConfigBoundaries.test_otel_enabled_boolean": {"executed_lines": [150, 151, 153, 154], "summary": {"covered_lines": 4, "num_statements": 4, "percent_covered": 100.0, "percent_covered_display": "100", "missing_lines": 0, "excluded_lines": 0}, "missing_lines": [], "excluded_lines": []}, "": {"executed_lines": [1, 10, 12, 13, 14, 16, 19, 20, 22, 27, 32, 37, 46, 47, 49, 55, 60, 65, 70, 75, 80, 85, 91, 92, 94, 100, 106, 113, 114, 116, 121, 130, 131, 133, 138, 143, 148], "summary": {"covered_lines": 31, "num_statements": 31, "percent_covered": 100.0, "percent_covered_display": "100", "missing_lines": 0, "excluded_lines": 0}, "missing_lines": [], "excluded_lines": []}}, "classes": {"TestConfigDefaults": {"executed_lines": [24, 25, 29, 30, 34, 35, 39, 40, 41, 42, 43], "summary": {"covered_lines": 11, "num_statements": 11, "percent_covered": 100.0, "percent_covered_display": "100", "missing_lines": 0, "excluded_lines": 0}, "missing_lines": [], "excluded_lines": []}, "TestConfigValidation": {"executed_lines": [51, 52, 53, 57, 58, 62, 63, 67, 68, 72, 73, 77, 78, 82, 83, 87, 88], "summary": {"covered_lines": 17, "num_statements": 17, "percent_covered": 100.0, "percent_covered_display": "100", "missing_lines": 0, "excluded_lines": 0}, "missing_lines": [], "excluded_lines": []}, "TestConfigEnvironment": {"executed_lines": [96, 97, 98, 102, 103, 104, 108, 109, 110], "summary": {"covered_lines": 9, "num_statements": 9, "percent_covered": 100.0, "percent_covered_display": "100", "missing_lines": 0, "excluded_lines": 0}, "missing_lines": [], "excluded_lines": []}, "TestConfigSingleton": {"executed_lines": [118, 119, 123, 124, 126, 127], "summary": {"covered_lines": 6, "num_statements": 6, "percent_covered": 100.0, "percent_covered_display": "100", "missing_lines": 0, "excluded_lines": 0}, "missing_lines": [], "excluded_lines": []}, "TestConfigBoundaries": {"executed_lines": [135, 136, 140, 141, 145, 146, 150, 151, 153, 154], "summary": {"covered_lines": 10, "num_statements": 10, "percent_covered": 100.0, "percent_covered_display": "100", "missing_lines": 0, "excluded_lines": 0}, "missing_lines": [], "excluded_lines": []}, "": {"executed_lines": [1, 10, 12, 13, 14, 16, 19, 20, 22, 27, 32, 37, 46, 47, 49, 55, 60, 65, 70, 75, 80, 85, 91, 92, 94, 100, 106, 113, 114, 116, 121, 130, 131, 133, 138, 143, 148], "summary": {"covered_lines": 31, "num_statements": 31, "percent_covered": 100.0, "percent_covered_display": "100", "missing_lines": 0, "excluded_lines": 0}, "missing_lines": [], "excluded_lines": []}}}, "tests/test_factory_client.py": {"executed_lines": [1, 10, 12, 13, 14, 16, 19, 20, 22, 24, 25, 26, 28, 30, 31, 32, 35, 36, 38, 39, 41, 43, 44, 50, 58, 59, 61, 63, 64, 66, 72, 73, 75, 76, 78, 80, 81, 87, 94, 95, 97, 98, 100, 102, 103, 105, 107, 108, 110, 111, 113, 115, 116, 123, 125, 126, 129, 130, 132, 133, 135, 137, 138, 140, 146, 147, 149, 150, 152, 154, 155, 161, 168, 169, 171, 172, 174, 176, 177, 178, 180, 181, 183], "summary": {"covered_lines": 75, "num_statements": 88, "percent_covered": 85.22727272727273, "percent_covered_display": "85", "missing_lines": 13, "excluded_lines": 0}, "missing_lines": [55, 56, 68, 69, 89, 90, 91, 142, 143, 163, 164, 165, 184], "excluded_lines": [], "functions": {"TestFactoryClientBasics.test_client_creation": {"executed_lines": [24, 25, 26], "summary": {"covered_lines": 3, "num_statements": 3, "percent_covered": 100.0, "percent_covered_display": "100", "missing_lines": 0, "excluded_lines": 0}, "missing_lines": [], "excluded_lines": []}, "TestFactoryClientBasics.test_client_uses_factory_url": {"executed_lines": [30, 31, 32], "summary": {"covered_lines": 3, "num_statements": 3, "percent_covered": 100.0, "percent_covered_display": "100", "missing_lines": 0, "excluded_lines": 0}, "missing_lines": [], "excluded_lines": []}, "TestFactoryClientGenerate.test_generate_tool_success": {"executed_lines": [41, 43, 44, 50], "summary": {"covered_lines": 4, "num_statements": 6, "percent_covered": 66.66666666666667, "percent_covered_display": "67", "missing_lines": 2, "excluded_lines": 0}, "missing_lines": [55, 56], "excluded_lines": []}, "TestFactoryClientGenerate.test_generate_tool_with_timeout": {"executed_lines": [61, 63, 64, 66], "summary": {"covered_lines": 4, "num_statements": 6, "percent_covered": 66.66666666666667, "percent_covered_display": "67", "missing_lines": 2, "excluded_lines": 0}, "missing_lines": [68, 69], "excluded_lines": []}, "TestFactoryClientExecute.test_execute_tool_success": {"executed_lines": [78, 80, 81, 87], "summary": {"covered_lines": 4, "num_statements": 7, "percent_covered": 57.142857142857146, "percent_covered_display": "57", "missing_lines": 3, "excluded_lines": 0}, "missing_lines": [89, 90, 91], "excluded_lines": []}, "TestFactoryClientList.test_list_tools_empty": {"executed_lines": [100, 102, 103, 105, 107, 108], "summary": {"covered_lines": 6, "num_statements": 6, "percent_covered": 100.0, "percent_covered_display": "100", "missing_lines": 0, "excluded_lines": 0}, "missing_lines": [], "excluded_lines": []}, "TestFactoryClientList.test_list_tools_with_results": {"executed_lines": [113, 115, 116, 123, 125, 126], "summary": {"covered_lines": 6, "num_statements": 6, "percent_covered": 100.0, "percent_covered_display": "100", "missing_lines": 0, "excluded_lines": 0}, "missing_lines": [], "excluded_lines": []}, "TestFactoryClientDelete.test_delete_tool_success": {"executed_lines": [135, 137, 138, 140], "summary": {"covered_lines": 4, "num_statements": 6, "percent_covered": 66.66666666666667, "percent_covered_display": "67", "missing_lines": 2, "excluded_lines": 0}, "missing_lines": [142, 143], "excluded_lines": []}, "TestFactoryClientExport.test_export_tool_success": {"executed_lines": [152, 154, 155, 161], "summary": {"covered_lines": 4, "num_statements": 7, "percent_covered": 57.142857142857146, "percent_covered_display": "57", "missing_lines": 3, "excluded_lines": 0}, "missing_lines": [163, 164, 165], "excluded_lines": []}, "TestFactoryClientLifecycle.test_close_client": {"executed_lines": [174, 176, 177, 178], "summary": {"covered_lines": 4, "num_statements": 4, "percent_covered": 100.0, "percent_covered_display": "100", "missing_lines": 0, "excluded_lines": 0}, "missing_lines": [], "excluded_lines": []}, "TestFactoryClientLifecycle.test_context_manager": {"executed_lines": [183], "summary": {"covered_lines": 1, "num_statements": 2, "percent_covered": 50.0, "percent_covered_display": "50", "missing_lines": 1, "excluded_lines": 0}, "missing_lines": [184], "excluded_lines": []}, "": {"executed_lines": [1, 10, 12, 13, 14, 16, 19, 20, 22, 28, 35, 36, 38, 39, 58, 59, 72, 73, 75, 76, 94, 95, 97, 98, 110, 111, 129, 130, 132, 133, 146, 147, 149, 150, 168, 169, 171, 172, 180, 181], "summary": {"covered_lines": 32, "num_statements": 32, "percent_covered": 100.0, "percent_covered_display": "100", "missing_lines": 0, "excluded_lines": 0}, "missing_lines": [], "excluded_lines": []}}, "classes": {"TestFactoryClientBasics": {"executed_lines": [24, 25, 26, 30, 31, 32], "summary": {"covered_lines": 6, "num_statements": 6, "percent_covered": 100.0, "percent_covered_display": "100", "missing_lines": 0, "excluded_lines": 0}, "missing_lines": [], "excluded_lines": []}, "TestFactoryClientGenerate": {"executed_lines": [41, 43, 44, 50, 61, 63, 64, 66], "summary": {"covered_lines": 8, "num_statements": 12, "percent_covered": 66.66666666666667, "percent_covered_display": "67", "missing_lines": 4, "excluded_lines": 0}, "missing_lines": [55, 56, 68, 69], "excluded_lines": []}, "TestFactoryClientExecute": {"executed_lines": [78, 80, 81, 87], "summary": {"covered_lines": 4, "num_statements": 7, "percent_covered": 57.142857142857146, "percent_covered_display": "57", "missing_lines": 3, "excluded_lines": 0}, "missing_lines": [89, 90, 91], "excluded_lines": []}, "TestFactoryClientList": {"executed_lines": [100, 102, 103, 105, 107, 108, 113, 115, 116, 123, 125, 126], "summary": {"covered_lines": 12, "num_statements": 12, "percent_covered": 100.0, "percent_covered_display": "100", "missing_lines": 0, "excluded_lines": 0}, "missing_lines": [], "excluded_lines": []}, "TestFactoryClientDelete": {"executed_lines": [135, 137, 138, 140], "summary": {"covered_lines": 4, "num_statements": 6, "percent_covered": 66.66666666666667, "percent_covered_display": "67", "missing_lines": 2, "excluded_lines": 0}, "missing_lines": [142, 143], "excluded_lines": []}, "TestFactoryClientExport": {"executed_lines": [152, 154, 155, 161], "summary": {"covered_lines": 4, "num_statements": 7, "percent_covered": 57.142857142857146, "percent_covered_display": "57", "missing_lines": 3, "excluded_lines": 0}, "missing_lines": [163, 164, 165], "excluded_lines": []}, "TestFactoryClientLifecycle": {"executed_lines": [174, 176, 177, 178, 183], "summary": {"covered_lines": 5, "num_statements": 6, "percent_covered": 83.33333333333333, "percent_covered_display": "83", "missing_lines": 1, "excluded_lines": 0}, "missing_lines": [184], "excluded_lines": []}, "": {"executed_lines": [1, 10, 12, 13, 14, 16, 19, 20, 22, 28, 35, 36, 38, 39, 58, 59, 72, 73, 75, 76, 94, 95, 97, 98, 110, 111, 129, 130, 132, 133, 146, 147, 149, 150, 168, 169, 171, 172, 180, 181], "summary": {"covered_lines": 32, "num_statements": 32, "percent_covered": 100.0, "percent_covered_display": "100", "missing_lines": 0, "excluded_lines": 0}, "missing_lines": [], "excluded_lines": []}}}, "tests/test_factory_tools.py": {"executed_lines": [1, 10, 12, 13, 15, 23, 24, 26, 27, 29, 35, 36, 37, 38, 39, 41, 47, 48, 50, 51, 53, 54, 61, 62, 64, 65, 67, 68, 69, 74, 75, 77, 79, 80, 83, 84, 86, 87, 89, 90, 91, 92, 93, 95, 97, 99, 100, 102, 103, 104, 108, 109, 111, 113, 114, 117, 118, 120, 121, 123, 124, 125, 126, 127, 129, 131, 134, 135, 137, 138, 140, 141, 142, 143, 144, 146, 147], "summary": {"covered_lines": 71, "num_statements": 71, "percent_covered": 100.0, "percent_covered_display": "100", "missing_lines": 0, "excluded_lines": 0}, "missing_lines": [], "excluded_lines": [], "functions": {"TestFactoryGenerateTool.test_generate_success": {"executed_lines": [29, 35, 36, 37, 38, 39, 41, 47, 48], "summary": {"covered_lines": 9, "num_statements": 9, "percent_covered": 100.0, "percent_covered_display": "100", "missing_lines": 0, "excluded_lines": 0}, "missing_lines": [], "excluded_lines": []}, "TestFactoryGenerateTool.test_generate_validates_input": {"executed_lines": [53, 54], "summary": {"covered_lines": 2, "num_statements": 2, "percent_covered": 100.0, "percent_covered_display": "100", "missing_lines": 0, "excluded_lines": 0}, "missing_lines": [], "excluded_lines": []}, "TestFactoryExecuteTool.test_execute_success": {"executed_lines": [67, 68, 69, 74, 75, 77, 79, 80], "summary": {"covered_lines": 8, "num_statements": 8, "percent_covered": 100.0, "percent_covered_display": "100", "missing_lines": 0, "excluded_lines": 0}, "missing_lines": [], "excluded_lines": []}, "TestFactoryListTool.test_list_empty": {"executed_lines": [89, 90, 91, 92, 93, 95, 97], "summary": {"covered_lines": 7, "num_statements": 7, "percent_covered": 100.0, "percent_covered_display": "100", "missing_lines": 0, "excluded_lines": 0}, "missing_lines": [], "excluded_lines": []}, "TestFactoryListTool.test_list_with_tools": {"executed_lines": [102, 103, 104, 108, 109, 111, 113, 114], "summary": {"covered_lines": 8, "num_statements": 8, "percent_covered": 100.0, "percent_covered_display": "100", "missing_lines": 0, "excluded_lines": 0}, "missing_lines": [], "excluded_lines": []}, "TestFactoryDeleteTool.test_delete_success": {"executed_lines": [123, 124, 125, 126, 127, 129, 131], "summary": {"covered_lines": 7, "num_statements": 7, "percent_covered": 100.0, "percent_covered_display": "100", "missing_lines": 0, "excluded_lines": 0}, "missing_lines": [], "excluded_lines": []}, "TestFactoryToolsCleanup.test_client_closes_on_exception": {"executed_lines": [140, 141, 142, 143, 144, 146, 147], "summary": {"covered_lines": 7, "num_statements": 7, "percent_covered": 100.0, "percent_covered_display": "100", "missing_lines": 0, "excluded_lines": 0}, "missing_lines": [], "excluded_lines": []}, "": {"executed_lines": [1, 10, 12, 13, 15, 23, 24, 26, 27, 50, 51, 61, 62, 64, 65, 83, 84, 86, 87, 99, 100, 117, 118, 120, 121, 134, 135, 137, 138], "summary": {"covered_lines": 23, "num_statements": 23, "percent_covered": 100.0, "percent_covered_display": "100", "missing_lines": 0, "excluded_lines": 0}, "missing_lines": [], "excluded_lines": []}}, "classes": {"TestFactoryGenerateTool": {"executed_lines": [29, 35, 36, 37, 38, 39, 41, 47, 48, 53, 54], "summary": {"covered_lines": 11, "num_statements": 11, "percent_covered": 100.0, "percent_covered_display": "100", "missing_lines": 0, "excluded_lines": 0}, "missing_lines": [], "excluded_lines": []}, "TestFactoryExecuteTool": {"executed_lines": [67, 68, 69, 74, 75, 77, 79, 80], "summary": {"covered_lines": 8, "num_statements": 8, "percent_covered": 100.0, "percent_covered_display": "100", "missing_lines": 0, "excluded_lines": 0}, "missing_lines": [], "excluded_lines": []}, "TestFactoryListTool": {"executed_lines": [89, 90, 91, 92, 93, 95, 97, 102, 103, 104, 108, 109, 111, 113, 114], "summary": {"covered_lines": 15, "num_statements": 15, "percent_covered": 100.0, "percent_covered_display": "100", "missing_lines": 0, "excluded_lines": 0}, "missing_lines": [], "excluded_lines": []}, "TestFactoryDeleteTool": {"executed_lines": [123, 124, 125, 126, 127, 129, 131], "summary": {"covered_lines": 7, "num_statements": 7, "percent_covered": 100.0, "percent_covered_display": "100", "missing_lines": 0, "excluded_lines": 0}, "missing_lines": [], "excluded_lines": []}, "TestFactoryToolsCleanup": {"executed_lines": [140, 141, 142, 143, 144, 146, 147], "summary": {"covered_lines": 7, "num_statements": 7, "percent_covered": 100.0, "percent_covered_display": "100", "missing_lines": 0, "excluded_lines": 0}, "missing_lines": [], "excluded_lines": []}, "": {"executed_lines": [1, 10, 12, 13, 15, 23, 24, 26, 27, 50, 51, 61, 62, 64, 65, 83, 84, 86, 87, 99, 100, 117, 118, 120, 121, 134, 135, 137, 138], "summary": {"covered_lines": 23, "num_statements": 23, "percent_covered": 100.0, "percent_covered_display": "100", "missing_lines": 0, "excluded_lines": 0}, "missing_lines": [], "excluded_lines": []}}}, "tests/test_memory_client.py": {"executed_lines": [1, 10, 12, 13, 14, 16, 19, 20, 22, 24, 25, 26, 28, 30, 31, 32, 35, 36, 38, 39, 41, 43, 44, 50, 56, 57, 58, 60, 61, 63, 65, 66, 68, 74, 75, 76, 79, 80, 82, 83, 85, 87, 88, 96, 102, 103, 105, 107, 108, 110, 120, 121, 123, 124, 126, 128, 129, 134, 141, 142, 144, 145, 147, 149, 150, 155, 162, 163, 165, 166, 168, 170, 171, 177, 184, 185, 187, 188, 190, 192, 193, 195, 201, 202, 204, 205, 207, 209, 210, 211, 213, 214, 216], "summary": {"covered_lines": 84, "num_statements": 101, "percent_covered": 83.16831683168317, "percent_covered_display": "83", "missing_lines": 17, "excluded_lines": 0}, "missing_lines": [98, 99, 100, 116, 117, 136, 137, 138, 157, 158, 159, 179, 180, 181, 197, 198, 217], "excluded_lines": [], "functions": {"TestMemoryClientBasics.test_client_creation": {"executed_lines": [24, 25, 26], "summary": {"covered_lines": 3, "num_statements": 3, "percent_covered": 100.0, "percent_covered_display": "100", "missing_lines": 0, "excluded_lines": 0}, "missing_lines": [], "excluded_lines": []}, "TestMemoryClientBasics.test_client_uses_memory_url": {"executed_lines": [30, 31, 32], "summary": {"covered_lines": 3, "num_statements": 3, "percent_covered": 100.0, "percent_covered_display": "100", "missing_lines": 0, "excluded_lines": 0}, "missing_lines": [], "excluded_lines": []}, "TestMemoryClientStore.test_store_memory_success": {"executed_lines": [41, 43, 44, 50, 56, 57, 58], "summary": {"covered_lines": 7, "num_statements": 7, "percent_covered": 100.0, "percent_covered_display": "100", "missing_lines": 0, "excluded_lines": 0}, "missing_lines": [], "excluded_lines": []}, "TestMemoryClientStore.test_store_memory_with_tags": {"executed_lines": [63, 65, 66, 68, 74, 75, 76], "summary": {"covered_lines": 7, "num_statements": 7, "percent_covered": 100.0, "percent_covered
[...]
16, 317, 319, 321, 322, 324, 325, 327, 328, 329, 331, 332, 334, 335, 337, 338, 340, 341, 343], "summary": {"covered_lines": 162, "num_statements": 179, "percent_covered": 90.50279329608938, "percent_covered_display": "91", "missing_lines": 17, "excluded_lines": 0}, "missing_lines": [107, 108, 109, 126, 127, 163, 166, 167, 168, 182, 287, 290, 291, 303, 306, 307, 345], "excluded_lines": [], "functions": {"TestTribunalEvaluateRequest.test_request_with_execution_log_only": {"executed_lines": [31, 32, 33], "summary": {"covered_lines": 3, "num_statements": 3, "percent_covered": 100.0, "percent_covered_display": "100", "missing_lines": 0, "excluded_lines": 0}, "missing_lines": [], "excluded_lines": []}, "TestTribunalEvaluateRequest.test_request_with_context": {"executed_lines": [37, 41], "summary": {"covered_lines": 2, "num_statements": 2, "percent_covered": 100.0, "percent_covered_display": "100", "missing_lines": 0, "excluded_lines": 0}, "missing_lines": [], "excluded_lines": []}, "TestTribunalEvaluateRequest.test_request_validation_empty_log": {"executed_lines": [45, 46, 47], "summary": {"covered_lines": 3, "num_statements": 3, "percent_covered": 100.0, "percent_covered_display": "100", "missing_lines": 0, "excluded_lines": 0}, "missing_lines": [], "excluded_lines": []}, "TestTribunalEvaluateRequest.test_request_validation_log_too_long": {"executed_lines": [51, 52, 53, 54], "summary": {"covered_lines": 4, "num_statements": 4, "percent_covered": 100.0, "percent_covered_display": "100", "missing_lines": 0, "excluded_lines": 0}, "missing_lines": [], "excluded_lines": []}, "TestTribunalEvaluateResponse.test_response_parsing_pass": {"executed_lines": [62, 63, 64, 65], "summary": {"covered_lines": 4, "num_statements": 4, "percent_covered": 100.0, "percent_covered_display": "100", "missing_lines": 0, "excluded_lines": 0}, "missing_lines": [], "excluded_lines": []}, "TestTribunalEvaluateResponse.test_response_parsing_with_punishment": {"executed_lines": [69, 70, 72, 73, 74], "summary": {"covered_lines": 5, "num_statements": 5, "percent_covered": 100.0, "percent_covered_display": "100", "missing_lines": 0, "excluded_lines": 0}, "missing_lines": [], "excluded_lines": []}, "TestTribunalEvaluateResponse.test_response_validation_invalid_decision": {"executed_lines": [78, 79, 81, 82], "summary": {"covered_lines": 4, "num_statements": 4, "percent_covered": 100.0, "percent_covered_display": "100", "missing_lines": 0, "excluded_lines": 0}, "missing_lines": [], "excluded_lines": []}, "TestTribunalEvaluateResponse.test_response_validation_score_range": {"executed_lines": [86, 87, 89, 90], "summary": {"covered_lines": 4, "num_statements": 4, "percent_covered": 100.0, "percent_covered_display": "100", "missing_lines": 0, "excluded_lines": 0}, "missing_lines": [], "excluded_lines": []}, "TestTribunalEvaluateTool.test_evaluate_success": {"executed_lines": [99, 100, 102], "summary": {"covered_lines": 3, "num_statements": 6, "percent_covered": 50.0, "percent_covered_display": "50", "missing_lines": 3, "excluded_lines": 0}, "missing_lines": [107, 108, 109], "excluded_lines": []}, "TestTribunalEvaluateTool.test_evaluate_with_context": {"executed_lines": [114, 116, 117, 119], "summary": {"covered_lines": 4, "num_statements": 6, "percent_covered": 66.66666666666667, "percent_covered_display": "67", "missing_lines": 2, "excluded_lines": 0}, "missing_lines": [126, 127], "excluded_lines": []}, "TestTribunalEvaluateTool.test_evaluate_circuit_breaker_opens": {"executed_lines": [132, 134, 137, 138, 139, 143, 144, 147, 148], "summary": {"covered_lines": 9, "num_statements": 9, "percent_covered": 100.0, "percent_covered_display": "100", "missing_lines": 0, "excluded_lines": 0}, "missing_lines": [], "excluded_lines": []}, "TestTribunalEvaluateTool.test_evaluate_rate_limiting": {"executed_lines": [156, 158, 159, 162], "summary": {"covered_lines": 4, "num_statements": 8, "percent_covered": 50.0, "percent_covered_display": "50", "missing_lines": 4, "excluded_lines": 0}, "missing_lines": [163, 166, 167, 168], "excluded_lines": []}, "TestTribunalEvaluateTool.test_evaluate_client_closed_properly": {"executed_lines": [173, 174, 175, 177], "summary": {"covered_lines": 4, "num_statements": 5, "percent_covered": 80.0, "percent_covered_display": "80", "missing_lines": 1, "excluded_lines": 0}, "missing_lines": [182], "excluded_lines": []}, "TestTribunalHealthTool.test_health_check_success": {"executed_lines": [191, 192, 198, 200, 201, 202], "summary": {"covered_lines": 6, "num_statements": 6, "percent_covered": 100.0, "percent_covered_display": "100", "missing_lines": 0, "excluded_lines": 0}, "missing_lines": [], "excluded_lines": []}, "TestTribunalHealthTool.test_health_check_unhealthy": {"executed_lines": [207, 208, 213, 215, 216], "summary": {"covered_lines": 5, "num_statements": 5, "percent_covered": 100.0, "percent_covered_display": "100", "missing_lines": 0, "excluded_lines": 0}, "missing_lines": [], "excluded_lines": []}, "TestTribunalHealthTool.test_health_check_timeout": {"executed_lines": [221, 222, 223, 225, 226], "summary": {"covered_lines": 5, "num_statements": 5, "percent_covered": 100.0, "percent_covered_display": "100", "missing_lines": 0, "excluded_lines": 0}, "missing_lines": [], "excluded_lines": []}, "TestTribunalStatsTool.test_stats_success": {"executed_lines": [235, 236, 242, 244, 245, 246], "summary": {"covered_lines": 6, "num_statements": 6, "percent_covered": 100.0, "percent_covered_display": "100", "missing_lines": 0, "excluded_lines": 0}, "missing_lines": [], "excluded_lines": []}, "TestTribunalStatsTool.test_stats_empty": {"executed_lines": [251, 252, 258, 260], "summary": {"covered_lines": 4, "num_statements": 4, "percent_covered": 100.0, "percent_covered_display": "100", "missing_lines": 0, "excluded_lines": 0}, "missing_lines": [], "excluded_lines": []}, "TestTribunalStatsTool.test_stats_client_closed": {"executed_lines": [265, 266, 267, 269, 271], "summary": {"covered_lines": 5, "num_statements": 5, "percent_covered": 100.0, "percent_covered_display": "100", "missing_lines": 0, "excluded_lines": 0}, "missing_lines": [], "excluded_lines": []}, "TestTribunalToolsIntegration.test_evaluate_then_check_health": {"executed_lines": [280, 281, 282, 283, 286], "summary": {"covered_lines": 5, "num_statements": 8, "percent_covered": 62.5, "percent_covered_display": "62", "missing_lines": 3, "excluded_lines": 0}, "missing_lines": [287, 290, 291], "excluded_lines": []}, "TestTribunalToolsIntegration.test_evaluate_then_check_stats": {"executed_lines": [296, 297, 298, 299, 302], "summary": {"covered_lines": 5, "num_statements": 8, "percent_covered": 62.5, "percent_covered_display": "62", "missing_lines": 3, "excluded_lines": 0}, "missing_lines": [303, 306, 307], "excluded_lines": []}, "TestTribunalToolsErrorHandling.test_malformed_response_from_tribunal": {"executed_lines": [316, 317, 319, 321, 322], "summary": {"covered_lines": 5, "num_statements": 5, "percent_covered": 100.0, "percent_covered_display": "100", "missing_lines": 0, "excluded_lines": 0}, "missing_lines": [], "excluded_lines": []}, "TestTribunalToolsErrorHandling.test_network_error_propagation": {"executed_lines": [327, 328, 329, 331, 332], "summary": {"covered_lines": 5, "num_statements": 5, "percent_covered": 100.0, "percent_covered_display": "100", "missing_lines": 0, "excluded_lines": 0}, "missing_lines": [], "excluded_lines": []}, "TestTribunalToolsErrorHandling.test_trace_id_propagation": {"executed_lines": [337, 338, 340, 341, 343], "summary": {"covered_lines": 5, "num_statements": 6, "percent_covered": 83.33333333333333, "percent_covered_display": "83", "missing_lines": 1, "excluded_lines": 0}, "missing_lines": [345], "excluded_lines": []}, "": {"executed_lines": [1, 10, 12, 13, 15, 22, 23, 26, 27, 29, 35, 43, 49, 57, 58, 60, 67, 76, 84, 93, 94, 96, 97, 111, 112, 129, 130, 153, 154, 170, 171, 185, 186, 188, 189, 204, 205, 218, 219, 229, 230, 232, 233, 248, 249, 262, 263, 274, 275, 277, 278, 293, 294, 310, 311, 313, 314, 324, 325, 334, 335], "summary": {"covered_lines": 53, "num_statements": 53, "percent_covered": 100.0, "percent_covered_display": "100", "missing_lines": 0, "excluded_lines": 0}, "missing_lines": [], "excluded_lines": []}}, "classes": {"TestTribunalEvaluateRequest": {"executed_lines": [31, 32, 33, 37, 41, 45, 46, 47, 51, 52, 53, 54], "summary": {"covered_lines": 12, "num_statements": 12, "percent_covered": 100.0, "percent_covered_display": "100", "missing_lines": 0, "excluded_lines": 0}, "missing_lines": [], "excluded_lines": []}, "TestTribunalEvaluateResponse": {"executed_lines": [62, 63, 64, 65, 69, 70, 72, 73, 74, 78, 79, 81, 82, 86, 87, 89, 90], "summary": {"covered_lines": 17, "num_statements": 17, "percent_covered": 100.0, "percent_covered_display": "100", "missing_lines": 0, "excluded_lines": 0}, "missing_lines": [], "excluded_lines": []}, "TestTribunalEvaluateTool": {"executed_lines": [99, 100, 102, 114, 116, 117, 119, 132, 134, 137, 138, 139, 143, 144, 147, 148, 156, 158, 159, 162, 173, 174, 175, 177], "summary": {"covered_lines": 24, "num_statements": 34, "percent_covered": 70.58823529411765, "percent_covered_display": "71", "missing_lines": 10, "excluded_lines": 0}, "missing_lines": [107, 108, 109, 126, 127, 163, 166, 167, 168, 182], "excluded_lines": []}, "TestTribunalHealthTool": {"executed_lines": [191, 192, 198, 200, 201, 202, 207, 208, 213, 215, 216, 221, 222, 223, 225, 226], "summary": {"covered_lines": 16, "num_statements": 16, "percent_covered": 100.0, "percent_covered_display": "100", "missing_lines": 0, "excluded_lines": 0}, "missing_lines": [], "excluded_lines": []}, "TestTribunalStatsTool": {"executed_lines": [235, 236, 242, 244, 245, 246, 251, 252, 258, 260, 265, 266, 267, 269, 271], "summary": {"covered_lines": 15, "num_statements": 15, "percent_covered": 100.0, "percent_covered_display": "100", "missing_lines": 0, "excluded_lines": 0}, "missing_lines": [], "excluded_lines": []}, "TestTribunalToolsIntegration": {"executed_lines": [280, 281, 282, 283, 286, 296, 297, 298, 299, 302], "summary": {"covered_lines": 10, "num_statements": 16, "percent_covered": 62.5, "percent_covered_display": "62", "missing_lines": 6, "excluded_lines": 0}, "missing_lines": [287, 290, 291, 303, 306, 307], "excluded_lines": []}, "TestTribunalToolsErrorHandling": {"executed_lines": [316, 317, 319, 321, 322, 327, 328, 329, 331, 332, 337, 338, 340, 341, 343], "summary": {"covered_lines": 15, "num_statements": 16, "percent_covered": 93.75, "percent_covered_display": "94", "missing_lines": 1, "excluded_lines": 0}, "missing_lines": [345], "excluded_lines": []}, "": {"executed_lines": [1, 10, 12, 13, 15, 22, 23, 26, 27, 29, 35, 43, 49, 57, 58, 60, 67, 76, 84, 93, 94, 96, 97, 111, 112, 129, 130, 153, 154, 170, 171, 185, 186, 188, 189, 204, 205, 218, 219, 229, 230, 232, 233, 248, 249, 262, 263, 274, 275, 277, 278, 293, 294, 310, 311, 313, 314, 324, 325, 334, 335], "summary": {"covered_lines": 53, "num_statements": 53, "percent_covered": 100.0, "percent_covered_display": "100", "missing_lines": 0, "excluded_lines": 0}, "missing_lines": [], "excluded_lines": []}}}, "tools/__init__.py": {"executed_lines": [0], "summary": {"covered_lines": 0, "num_statements": 0, "percent_covered": 100.0, "percent_covered_display": "100", "missing_lines": 0, "excluded_lines": 0}, "missing_lines": [], "excluded_lines": [], "functions": {"": {"executed_lines": [], "summary": {"covered_lines": 0, "num_statements": 0, "percent_covered": 100.0, "percent_covered_display": "100", "missing_lines": 0, "excluded_lines": 0}, "missing_lines": [], "excluded_lines": []}}, "classes": {"": {"executed_lines": [], "summary": {"covered_lines": 0, "num_statements": 0, "percent_covered": 100.0, "percent_covered_display": "100", "missing_lines": 0, "excluded_lines": 0}, "missing_lines": [], "excluded_lines": []}}}, "tools/factory_tools.py": {"executed_lines": [1, 10, 12, 14, 17, 18, 20, 21, 22, 25, 53, 55, 56, 58, 59, 61, 62, 65, 67, 70, 89, 90, 92, 93, 95, 96, 97, 99, 102, 114, 115, 117, 118, 120, 121, 122, 124, 127, 142, 143, 145, 146, 148, 149, 150, 152], "summary": {"covered_lines": 44, "num_statements": 44, "percent_covered": 100.0, "percent_covered_display": "100", "missing_lines": 0, "excluded_lines": 0}, "missing_lines": [], "excluded_lines": [], "functions": {"factory_generate": {"executed_lines": [53, 55, 56, 58, 59, 61, 62, 65, 67], "summary": {"covered_lines": 9, "num_statements": 9, "percent_covered": 100.0, "percent_covered_display": "100", "missing_lines": 0, "excluded_lines": 0}, "missing_lines": [], "excluded_lines": []}, "factory_execute": {"executed_lines": [89, 90, 92, 93, 95, 96, 97, 99], "summary": {"covered_lines": 8, "num_statements": 8, "percent_covered": 100.0, "percent_covered_display": "100", "missing_lines": 0, "excluded_lines": 0}, "missing_lines": [], "excluded_lines": []}, "factory_list": {"executed_lines": [114, 115, 117, 118, 120, 121, 122, 124], "summary": {"covered_lines": 8, "num_statements": 8, "percent_covered": 100.0, "percent_covered_display": "100", "missing_lines": 0, "excluded_lines": 0}, "missing_lines": [], "excluded_lines": []}, "factory_delete": {"executed_lines": [142, 143, 145, 146, 148, 149, 150, 152], "summary": {"covered_lines": 8, "num_statements": 8, "percent_covered": 100.0, "percent_covered_display": "100", "missing_lines": 0, "excluded_lines": 0}, "missing_lines": [], "excluded_lines": []}, "": {"executed_lines": [1, 10, 12, 14, 17, 18, 20, 21, 22, 25, 70, 102, 127], "summary": {"covered_lines": 11, "num_statements": 11, "percent_covered": 100.0, "percent_covered_display": "100", "missing_lines": 0, "excluded_lines": 0}, "missing_lines": [], "excluded_lines": []}}, "classes": {"ToolGenerateRequest": {"executed_lines": [], "summary": {"covered_lines": 0, "num_statements": 0, "percent_covered": 100.0, "percent_covered_display": "100", "missing_lines": 0, "excluded_lines": 0}, "missing_lines": [], "excluded_lines": []}, "": {"executed_lines": [1, 10, 12, 14, 17, 18, 20, 21, 22, 25, 53, 55, 56, 58, 59, 61, 62, 65, 67, 70, 89, 90, 92, 93, 95, 96, 97, 99, 102, 114, 115, 117, 118, 120, 121, 122, 124, 127, 142, 143, 145, 146, 148, 149, 150, 152], "summary": {"covered_lines": 44, "num_statements": 44, "percent_covered": 100.0, "percent_covered_display": "100", "missing_lines": 0, "excluded_lines": 0}, "missing_lines": [], "excluded_lines": []}}}, "tools/memory_tools.py": {"executed_lines": [1, 10, 12, 14, 17, 18, 20, 21, 25, 26, 29, 66, 73, 74, 76, 77, 79, 80, 86, 88, 91, 115, 116, 118, 119, 121, 122, 123, 125, 128, 146, 147, 149, 150, 152, 153, 154, 156, 159, 176, 177, 179, 180, 182, 183, 184, 186], "summary": {"covered_lines": 45, "num_statements": 45, "percent_covered": 100.0, "percent_covered_display": "100", "missing_lines": 0, "excluded_lines": 0}, "missing_lines": [], "excluded_lines": [], "functions": {"memory_store": {"executed_lines": [66, 73, 74, 76, 77, 79, 80, 86, 88], "summary": {"covered_lines": 9, "num_statements": 9, "percent_covered": 100.0, "percent_covered_display": "100", "missing_lines": 0, "excluded_lines": 0}, "missing_lines": [], "excluded_lines": []}, "memory_search": {"executed_lines": [115, 116, 118, 119, 121, 122, 123, 125], "summary": {"covered_lines": 8, "num_statements": 8, "percent_covered": 100.0, "percent_covered_display": "100", "missing_lines": 0, "excluded_lines": 0}, "missing_lines": [], "excluded_lines": []}, "memory_consolidate": {"executed_lines": [146, 147, 149, 150, 152, 153, 154, 156], "summary": {"covered_lines": 8, "num_statements": 8, "percent_covered": 100.0, "percent_covered_display": "100", "missing_lines": 0, "excluded_lines": 0}, "missing_lines": [], "excluded_lines": []}, "memory_context": {"executed_lines": [176, 177, 179, 180, 182, 183, 184, 186], "summary": {"covered_lines": 8, "num_statements": 8, "percent_covered": 100.0, "percent_covered_display": "100", "missing_lines": 0, "excluded_lines": 0}, "missing_lines": [], "excluded_lines": []}, "": {"executed_lines": [1, 10, 12, 14, 17, 18, 20, 21, 25, 26, 29, 91, 128, 159], "summary": {"covered_lines": 12, "num_statements": 12, "percent_covered": 100.0, "percent_covered_display": "100", "missing_lines": 0, "excluded_lines": 0}, "missing_lines": [], "excluded_lines": []}}, "classes": {"MemoryStoreRequest": {"executed_lines": [], "summary": {"covered_lines": 0, "num_statements": 0, "percent_covered": 100.0, "percent_covered_display": "100", "missing_lines": 0, "excluded_lines": 0}, "missing_lines": [], "excluded_lines": []}, "": {"executed_lines": [1, 10, 12, 14, 17, 18, 20, 21, 25, 26, 29, 66, 73, 74, 76, 77, 79, 80, 86, 88, 91, 115, 116, 118, 119, 121, 122, 123, 125, 128, 146, 147, 149, 150, 152, 153, 154, 156, 159, 176, 177, 179, 180, 182, 183, 184, 186], "summary": {"covered_lines": 45, "num_statements": 45, "percent_covered": 100.0, "percent_covered_display": "100", "missing_lines": 0, "excluded_lines": 0}, "missing_lines": [], "excluded_lines": []}}}, "tools/tribunal_tools.py": {"executed_lines": [1, 10, 12, 14, 20, 21, 28, 34, 40, 41, 51, 56, 62, 66, 70, 76, 118, 125, 126, 127, 129, 130, 133, 134, 140, 141, 148, 151, 170, 171, 173, 174, 176, 177, 178, 180, 183, 201, 202, 204, 205, 207, 208, 209, 211], "summary": {"covered_lines": 42, "num_statements": 45, "percent_covered": 93.33333333333333, "percent_covered_display": "93", "missing_lines": 3, "excluded_lines": 0}, "missing_lines": [135, 144, 145], "excluded_lines": [], "functions": {"tribunal_evaluate": {"executed_lines": [118, 125, 126, 127, 129, 130, 133, 134, 140, 141, 148], "summary": {"covered_lines": 11, "num_statements": 13, "percent_covered": 84.61538461538461, "percent_covered_display": "85", "missing_lines": 2, "excluded_lines": 0}, "missing_lines": [144, 145], "excluded_lines": []}, "tribunal_evaluate.call_tribunal": {"executed_lines": [], "summary": {"covered_lines": 0, "num_statements": 1, "percent_covered": 0.0, "percent_covered_display": "0", "missing_lines": 1, "excluded_lines": 0}, "missing_lines": [135], "excluded_lines": []}, "tribunal_health": {"executed_lines": [170, 171, 173, 174, 176, 177, 178, 180], "summary": {"covered_lines": 8, "num_statements": 8, "percent_covered": 100.0, "percent_covered_display": "100", "missing_lines": 0, "excluded_lines": 0}, "missing_lines": [], "excluded_lines": []}, "tribunal_stats": {"executed_lines": [201, 202, 204, 205, 207, 208, 209, 211], "summary": {"covered_lines": 8, "num_statements": 8, "percent_covered": 100.0, "percent_covered_display": "100", "missing_lines": 0, "excluded_lines": 0}, "missing_lines": [], "excluded_lines": []}, "": {"executed_lines": [1, 10, 12, 14, 20, 21, 28, 34, 40, 41, 51, 56, 62, 66, 70, 76, 151, 183], "summary": {"covered_lines": 15, "num_statements": 15, "percent_covered": 100.0, "percent_covered_display": "100", "missing_lines": 0, "excluded_lines": 0}, "missing_lines": [], "excluded_lines": []}}, "classes": {"TribunalEvaluateRequest": {"executed_lines": [], "summary": {"covered_lines": 0, "num_statements": 0, "percent_covered": 100.0, "percent_covered_display": "100", "missing_lines": 0, "excluded_lines": 0}, "missing_lines": [], "excluded_lines": []}, "TribunalEvaluateResponse": {"executed_lines": [], "summary": {"covered_lines": 0, "num_statements": 0, "percent_covered": 100.0, "percent_covered_display": "100", "missing_lines": 0, "excluded_lines": 0}, "missing_lines": [], "excluded_lines": []}, "": {"executed_lines": [1, 10, 12, 14, 20, 21, 28, 34, 40, 41, 51, 56, 62, 66, 70, 76, 118, 125, 126, 127, 129, 130, 133, 134, 140, 141, 148, 151, 170, 171, 173, 174, 176, 177, 178, 180, 183, 201, 202, 204, 205, 207, 208, 209, 211], "summary": {"covered_lines": 42, "num_statements": 45, "percent_covered": 93.33333333333333, "percent_covered_display": "93", "missing_lines": 3, "excluded_lines": 0}, "missing_lines": [135, 144, 145], "excluded_lines": []}}}}, "totals": {"covered_lines": 1414, "num_statements": 1543, "percent_covered": 91.63966299416721, "percent_covered_display": "92", "missing_lines": 129, "excluded_lines": 2}}